gc 1 @0.009s 7%: 0.59+1.2+0.053 ms clock, 7.1+0.34/1.2/0.070+0.64 ms cpu, 3->4->0 MB, 4 MB goal, 0 MB stacks, 0 MB globals, 12 P
gc 2 @0.012s 9%: 0.27+0.89+0.050 ms clock, 3.3+0.51/1.2/0+0.60 ms cpu, 3->4->1 MB, 4 MB goal, 0 MB stacks, 0 MB globals, 12 P
gc 3 @0.014s 9%: 0.093+1.6+0.054 ms clock, 1.1+0.91/1.0/0+0.65 ms cpu, 3->5->2 MB, 4 MB goal, 0 MB stacks, 0 MB globals, 12 P
gc 4 @0.016s 10%: 0.054+1.4+0.073 ms clock, 0.65+1.4/1.1/0.060+0.88 ms cpu, 3->5->2 MB, 4 MB goal, 0 MB stacks, 0 MB globals, 12 P
gc 5 @0.019s 10%: 0.088+1.5+0.036 ms clock, 1.0+1.3/1.8/0+0.43 ms cpu, 3->5->2 MB, 4 MB goal, 0 MB stacks, 0 MB globals, 12 P
gc 6 @0.021s 11%: 0.080+1.1+0.064 ms clock, 0.96+1.1/1.2/0+0.77 ms cpu, 4->5->1 MB, 4 MB goal, 0 MB stacks, 0 MB globals, 12 P
gc 7 @0.023s 11%: 0.096+2.0+0.034 ms clock, 1.1+1.4/2.4/0+0.41 ms cpu, 3->5->2 MB, 4 MB goal, 0 MB stacks, 0 MB globals, 12 P
gc 8 @0.026s 13%: 0.17+2.9+0.59 ms clock, 2.0+2.0/1.3/0+7.1 ms cpu, 4->7->3 MB, 5 MB goal, 0 MB stacks, 0 MB globals, 12 P
gc 9 @0.031s 12%: 0.053+3.6+0.15 ms clock, 0.64+1.8/1.1/0+1.8 ms cpu, 5->9->4 MB, 6 MB goal, 0 MB stacks, 0 MB globals, 12 P
gc 10 @0.037s 12%: 0.093+1.5+0.093 ms clock, 1.1+1.5/2.2/0+1.1 ms cpu, 7->8->2 MB, 8 MB goal, 0 MB stacks, 0 MB globals, 12 P
gc 11 @0.040s 13%: 0.094+1.9+0.054 ms clock, 1.1+1.8/2.1/0+0.64 ms cpu, 4->6->3 MB, 5 MB goal, 0 MB stacks, 0 MB globals, 12 P
gc 12 @0.043s 13%: 0.090+1.1+0.079 ms clock, 1.0+1.6/2.2/0+0.95 ms cpu, 5->6->2 MB, 6 MB goal, 0 MB stacks, 0 MB globals, 12 P
gc 13 @0.045s 13%: 0.096+1.7+0.063 ms clock, 1.1+2.0/2.2/0+0.76 ms cpu, 4->6->2 MB, 5 MB goal, 0 MB stacks, 0 MB globals, 12 P
gc 14 @0.048s 13%: 0.093+1.8+0.078 ms clock, 1.1+1.6/2.2/0+0.93 ms cpu, 4->6->3 MB, 5 MB goal, 0 MB stacks, 0 MB globals, 12 P
gc 15 @0.052s 13%: 0.079+1.4+0.066 ms clock, 0.95+1.2/2.1/0.75+0.79 ms cpu, 5->7->2 MB, 6 MB goal, 0 MB stacks, 0 MB globals, 12 P
gc 16 @0.055s 14%: 0.058+0.82+0.094 ms clock, 0.70+0.67/1.9/1.5+1.1 ms cpu, 5->5->2 MB, 6 MB goal, 0 MB stacks, 0 MB globals, 12 P
gc 17 @0.058s 13%: 0.068+0.63+0.028 ms clock, 0.82+0.80/1.5/1.8+0.34 ms cpu, 4->4->2 MB, 5 MB goal, 0 MB stacks, 0 MB globals, 12 P
gc 18 @0.061s 13%: 0.055+0.74+0.040 ms clock, 0.66+0.83/1.7/2.2+0.48 ms cpu, 4->4->2 MB, 4 MB goal, 0 MB stacks, 0 MB globals, 12 P
gc 19 @0.063s 13%: 0.068+0.66+0.032 ms clock, 0.82+0.46/1.4/2.3+0.39 ms cpu, 4->4->2 MB, 5 MB goal, 0 MB stacks, 0 MB globals, 12 P
gc 20 @0.069s 12%: 0.043+0.78+0.023 ms clock, 0.51+0.12/1.6/2.1+0.28 ms cpu, 3->3->2 MB, 4 MB goal, 0 MB stacks, 0 MB globals, 12 P
gc 21 @0.074s 12%: 0.026+0.87+0.021 ms clock, 0.31+0.13/1.7/1.2+0.25 ms cpu, 3->4->2 MB, 4 MB goal, 0 MB stacks, 0 MB globals, 12 P
gc 22 @0.077s 11%: 0.044+0.78+0.033 ms clock, 0.53+0.091/1.7/0.74+0.40 ms cpu, 3->4->2 MB, 4 MB goal, 0 MB stacks, 0 MB globals, 12 P
gc 23 @0.080s 11%: 0.042+0.84+0.011 ms clock, 0.51+0.12/1.6/1.9+0.13 ms cpu, 3->3->1 MB, 4 MB goal, 0 MB stacks, 0 MB globals, 12 P
gc 24 @0.082s 12%: 0.12+1.6+0.087 ms clock, 1.4+0.98/2.6/0.30+1.0 ms cpu, 3->4->2 MB, 4 MB goal, 0 MB stacks, 0 MB globals, 12 P
gc 25 @0.085s 12%: 0.084+1.1+0.043 ms clock, 1.0+3.2/2.7/0+0.51 ms cpu, 4->5->2 MB, 5 MB goal, 0 MB stacks, 0 MB globals, 12 P
gc 26 @0.090s 12%: 0.044+0.90+0.019 ms clock, 0.53+0.091/2.4/4.5+0.23 ms cpu, 4->5->3 MB, 5 MB goal, 0 MB stacks, 0 MB globals, 12 P
gc 27 @0.097s 11%: 0.28+7.0+0.13 ms clock, 3.4+0.29/7.7/0+1.6 ms cpu, 5->6->4 MB, 6 MB goal, 0 MB stacks, 0 MB globals, 12 P
gc 28 @0.107s 11%: 0.40+6.5+0.060 ms clock, 4.8+0.23/7.5/0.046+0.72 ms cpu, 7->8->4 MB, 8 MB goal, 0 MB stacks, 0 MB globals, 12 P
gc 29 @0.127s 11%: 2.6+12+0.057 ms clock, 31+1.1/11/0.28+0.68 ms cpu, 7->8->3 MB, 9 MB goal, 0 MB stacks, 0 MB globals, 12 P
gc 30 @0.180s 9%: 0.16+7.9+0.016 ms clock, 2.0+0.57/6.5/3.8+0.19 ms cpu, 7->7->3 MB, 8 MB goal, 0 MB stacks, 0 MB globals, 12 P
gc 31 @0.192s 10%: 0.17+4.5+1.6 ms clock, 2.0+0.20/4.8/0+19 ms cpu, 6->7->4 MB, 7 MB goal, 0 MB stacks, 0 MB globals, 12 P
gc 32 @0.355s 5%: 0.045+1.1+0.022 ms clock, 0.54+0.15/2.5/3.7+0.26 ms cpu, 7->8->4 MB, 9 MB goal, 0 MB stacks, 0 MB globals, 12 P
gc 33 @0.359s 5%: 0.022+1.1+0.017 ms clock, 0.26+0.16/2.8/4.1+0.21 ms cpu, 7->7->3 MB, 8 MB goal, 0 MB stacks, 0 MB globals, 12 P
# runtime
gc 1 @0.168s 1%: 0.056+11+0.014 ms clock, 0.68+0.10/24/38+0.17 ms cpu, 61->63->34 MB, 64 MB goal, 0 MB stacks, 0 MB globals, 12 P
gc 2 @0.285s 1%: 0.026+9.8+0.015 ms clock, 0.31+0.12/26/51+0.18 ms cpu, 66->72->42 MB, 70 MB goal, 0 MB stacks, 0 MB globals, 12 P
gc 3 @0.351s 1%: 0.032+3.1+0.014 ms clock, 0.38+0.40/8.0/16+0.17 ms cpu, 73->73->16 MB, 85 MB goal, 0 MB stacks, 0 MB globals, 12 P
gc 4 @0.391s 1%: 0.028+3.9+0.015 ms clock, 0.34+0.30/11/24+0.18 ms cpu, 29->30->23 MB, 34 MB goal, 0 MB stacks, 0 MB globals, 12 P
gc 5 @0.468s 1%: 0.031+6.1+0.018 ms clock, 0.37+0.11/16/37+0.22 ms cpu, 39->40->31 MB, 47 MB goal, 0 MB stacks, 0 MB globals, 12 P
gc 6 @0.570s 1%: 0.030+7.0+0.021 ms clock, 0.36+0.10/19/49+0.25 ms cpu, 53->54->38 MB, 62 MB goal, 0 MB stacks, 0 MB globals, 12 P
gc 7 @0.744s 1%: 0.031+9.0+0.019 ms clock, 0.37+0.26/25/63+0.23 ms cpu, 66->67->45 MB, 78 MB goal, 0 MB stacks, 0 MB globals, 12 P
gc 8 @0.919s 1%: 0.082+15+0.048 ms clock, 0.99+0.53/44/81+0.57 ms cpu, 87->90->61 MB, 91 MB goal, 0 MB stacks, 0 MB globals, 12 P
gc 9 @1.118s 1%: 0.10+19+0.037 ms clock, 1.2+0.27/58/92+0.45 ms cpu, 115->119->74 MB, 123 MB goal, 0 MB stacks, 0 MB globals, 12 P
gc 10 @1.357s 1%: 0.11+22+0.034 ms clock, 1.4+0.26/66/106+0.40 ms cpu, 139->144->86 MB, 149 MB goal, 0 MB stacks, 0 MB globals, 12 P
gc 11 @1.600s 1%: 0.036+20+0.021 ms clock, 0.43+0.16/58/142+0.26 ms cpu, 160->162->98 MB, 173 MB goal, 0 MB stacks, 0 MB globals, 12 P
gc 34 @2.307s 0%: 0.11+1.6+0.029 ms clock, 1.3+0.38/3.8/2.6+0.35 ms cpu, 6->7->3 MB, 8 MB goal, 0 MB stacks, 0 MB globals, 12 P
gc 35 @2.365s 0%: 0.029+1.1+0.039 ms clock, 0.35+0.11/2.7/4.3+0.47 ms cpu, 6->6->3 MB, 7 MB goal, 0 MB stacks, 0 MB globals, 12 P
gc 36 @2.488s 0%: 0.087+3.4+0.030 ms clock, 1.0+1.0/6.6/0.12+0.36 ms cpu, 6->8->4 MB, 7 MB goal, 0 MB stacks, 0 MB globals, 12 P
gc 37 @2.577s 0%: 0.12+2.0+0.047 ms clock, 1.5+0.19/4.5/0+0.57 ms cpu, 7->8->3 MB, 8 MB goal, 0 MB stacks, 0 MB globals, 12 P
gc 38 @2.742s 1%: 5.3+9.1+0.027 ms clock, 64+0.16/14/0.55+0.32 ms cpu, 6->6->3 MB, 7 MB goal, 0 MB stacks, 0 MB globals, 12 P
gc 39 @2.943s 1%: 0.045+3.5+0.007 ms clock, 0.55+0.15/4.9/0+0.092 ms cpu, 6->6->3 MB, 7 MB goal, 0 MB stacks, 0 MB globals, 12 P
# syscall
gc 1 @0.274s 0%: 0.072+10+0.043 ms clock, 0.86+0.57/22/0.58+0.52 ms cpu, 61->62->16 MB, 64 MB goal, 0 MB stacks, 0 MB globals, 12 P
# crypto/internal/nistec/fiat
gc 1 @0.379s 1%: 5.2+17+0.074 ms clock, 63+0.32/19/0+0.88 ms cpu, 61->65->18 MB, 64 MB goal, 0 MB stacks, 0 MB globals, 12 P
gc 40 @3.239s 0%: 0.029+1.1+0.008 ms clock, 0.34+0.19/2.9/2.3+0.10 ms cpu, 6->6->3 MB, 7 MB goal, 0 MB stacks, 0 MB globals, 12 P
# time
gc 1 @0.197s 1%: 0.052+10+0.053 ms clock, 0.62+0.17/26/2.6+0.64 ms cpu, 61->63->20 MB, 64 MB goal, 0 MB stacks, 0 MB globals, 12 P
gc 41 @3.393s 0%: 0.039+0.83+0.006 ms clock, 0.47+0.16/2.0/3.6+0.082 ms cpu, 6->6->3 MB, 7 MB goal, 0 MB stacks, 0 MB globals, 12 P
# reflect
gc 1 @0.375s 0%: 0.039+16+0.067 ms clock, 0.47+0.18/43/2.2+0.80 ms cpu, 61->64->21 MB, 64 MB goal, 0 MB stacks, 0 MB globals, 12 P
gc 2 @0.510s 1%: 0.11+17+0.23 ms clock, 1.3+3.0/32/30+2.8 ms cpu, 59->62->30 MB, 63 MB goal, 0 MB stacks, 0 MB globals, 12 P
gc 3 @0.615s 1%: 0.053+7.3+0.015 ms clock, 0.64+0.17/20/36+0.19 ms cpu, 57->57->33 MB, 62 MB goal, 0 MB stacks, 0 MB globals, 12 P
gc 42 @3.482s 0%: 0.041+1.4+0.008 ms clock, 0.49+0.16/4.0/0.33+0.10 ms cpu, 6->6->3 MB, 7 MB goal, 0 MB stacks, 0 MB globals, 12 P
gc 43 @3.589s 0%: 0.081+9.3+0.012 ms clock, 0.98+0.10/11/0+0.14 ms cpu, 6->8->4 MB, 7 MB goal, 0 MB stacks, 0 MB globals, 12 P
gc 44 @3.632s 0%: 0.056+2.1+0.010 ms clock, 0.67+0.17/3.4/1.0+0.12 ms cpu, 8->8->3 MB, 9 MB goal, 0 MB stacks, 0 MB globals, 12 P
gc 45 @3.712s 0%: 0.13+18+0.052 ms clock, 1.6+0.30/15/0+0.63 ms cpu, 6->7->3 MB, 7 MB goal, 0 MB stacks, 0 MB globals, 12 P
# crypto/sha512
gc 1 @0.010s 14%: 2.7+6.4+0.009 ms clock, 33+0.93/0/0+0.11 ms cpu, 3->4->1 MB, 4 MB goal, 0 MB stacks, 0 MB globals, 12 P
# crypto/sha1
gc 1 @0.011s 23%: 4.0+1.8+0.026 ms clock, 48+0.23/1.0/0+0.32 ms cpu, 3->4->1 MB, 4 MB goal, 0 MB stacks, 0 MB globals, 12 P
# crypto/sha256
gc 1 @0.013s 9%: 1.5+2.1+0.008 ms clock, 18+0.67/0/0+0.10 ms cpu, 3->4->0 MB, 4 MB goal, 0 MB stacks, 0 MB globals, 12 P
# crypto/sha256
gc 1 @0.011s 0%: 0.018+0.56+0.018 ms clock, 0.22+0.070/0.66/0.40+0.22 ms cpu, 3->4->1 MB, 4 MB goal, 0 MB stacks, 0 MB globals, 12 P
# vendor/golang.org/x/crypto/chacha20poly1305
gc 1 @0.016s 1%: 0.025+0.77+0.021 ms clock, 0.31+0.073/1.7/0+0.25 ms cpu, 3->4->1 MB, 4 MB goal, 0 MB stacks, 0 MB globals, 12 P
gc 46 @3.902s 0%: 0.14+1.5+0.039 ms clock, 1.7+0.82/3.1/1.9+0.47 ms cpu, 6->8->4 MB, 8 MB goal, 0 MB stacks, 0 MB globals, 12 P
gc 47 @3.999s 0%: 0.053+2.7+0.007 ms clock, 0.64+0.14/4.4/0+0.090 ms cpu, 8->8->3 MB, 9 MB goal, 0 MB stacks, 0 MB globals, 12 P
# encoding/json
gc 1 @0.299s 0%: 0.092+21+0.11 ms clock, 1.1+0.22/26/11+1.3 ms cpu, 61->64->21 MB, 64 MB goal, 0 MB stacks, 0 MB globals, 12 P
gc 48 @4.306s 0%: 0.70+6.8+0.007 ms clock, 8.4+0.87/3.7/0+0.093 ms cpu, 6->6->3 MB, 7 MB goal, 0 MB stacks, 0 MB globals, 12 P
# vendor/golang.org/x/text/unicode/norm
gc 1 @0.306s 0%: 0.068+13+0.026 ms clock, 0.82+0/30/3.4+0.31 ms cpu, 61->62->19 MB, 64 MB goal, 0 MB stacks, 0 MB globals, 12 P
# internal/profile
gc 1 @0.259s 0%: 0.081+5.1+0.036 ms clock, 0.98+0.37/13/10+0.43 ms cpu, 61->61->17 MB, 64 MB goal, 0 MB stacks, 0 MB globals, 12 P
# math/big
gc 1 @0.396s 2%: 5.6+26+3.3 ms clock, 67+0.25/41/0+40 ms cpu, 61->62->19 MB, 64 MB goal, 0 MB stacks, 0 MB globals, 12 P
gc 49 @4.530s 0%: 0.042+1.4+0.008 ms clock, 0.50+0.19/3.3/1.9+0.10 ms cpu, 6->6->3 MB, 8 MB goal, 0 MB stacks, 0 MB globals, 12 P
# vendor/golang.org/x/net/idna
gc 1 @0.246s 0%: 0.081+4.4+0.021 ms clock, 0.97+0.77/12/8.4+0.26 ms cpu, 61->61->17 MB, 64 MB goal, 0 MB stacks, 0 MB globals, 12 P
gc 50 @4.784s 0%: 0.026+1.1+0.008 ms clock, 0.31+0/2.8/4.0+0.097 ms cpu, 6->6->3 MB, 7 MB goal, 0 MB stacks, 0 MB globals, 12 P
# net
gc 1 @0.354s 2%: 0.079+1.3+8.4 ms clock, 0.95+0.31/1.6/0+101 ms cpu, 3->3->0 MB, 4 MB goal, 0 MB stacks, 0 MB globals, 12 P
# net
gc 1 @0.164s 0%: 0.077+2.8+0.020 ms clock, 0.92+0.34/7.5/17+0.24 ms cpu, 61->61->17 MB, 64 MB goal, 0 MB stacks, 0 MB globals, 12 P
gc 2 @0.320s 0%: 0.10+7.4+0.040 ms clock, 1.2+0.45/21/31+0.48 ms cpu, 61->63->31 MB, 63 MB goal, 0 MB stacks, 0 MB globals, 12 P
gc 3 @0.408s 1%: 0.10+9.1+0.026 ms clock, 1.2+0.25/25/39+0.32 ms cpu, 58->60->36 MB, 64 MB goal, 0 MB stacks, 0 MB globals, 12 P
gc 4 @0.501s 1%: 0.11+10+0.035 ms clock, 1.3+0.73/28/45+0.42 ms cpu, 67->69->41 MB, 72 MB goal, 0 MB stacks, 0 MB globals, 12 P
gc 51 @5.510s 0%: 0.044+1.0+0.007 ms clock, 0.53+0.19/2.5/3.1+0.086 ms cpu, 6->6->3 MB, 7 MB goal, 0 MB stacks, 0 MB globals, 12 P
# crypto/x509
gc 1 @0.191s 0%: 0.033+5.1+0.035 ms clock, 0.39+0.13/13/16+0.43 ms cpu, 61->62->20 MB, 64 MB goal, 0 MB stacks, 0 MB globals, 12 P
# crypto/tls
gc 1 @0.159s 0%: 0.043+3.0+0.017 ms clock, 0.51+0.43/8.2/18+0.20 ms cpu, 61->61->18 MB, 64 MB goal, 0 MB stacks, 0 MB globals, 12 P
gc 2 @0.331s 0%: 0.082+8.1+0.043 ms clock, 0.98+0.54/21/32+0.51 ms cpu, 61->63->33 MB, 63 MB goal, 0 MB stacks, 0 MB globals, 12 P
gc 3 @0.416s 1%: 0.081+9.7+0.027 ms clock, 0.97+0.086/26/38+0.32 ms cpu, 61->65->38 MB, 67 MB goal, 0 MB stacks, 0 MB globals, 12 P
gc 4 @0.514s 1%: 0.12+11+0.027 ms clock, 1.4+0.20/32/48+0.32 ms cpu, 70->74->46 MB, 78 MB goal, 0 MB stacks, 0 MB globals, 12 P
# net/http
gc 1 @0.152s 0%: 0.084+1.4+0.013 ms clock, 1.0+0.070/3.4/4.2+0.16 ms cpu, 61->61->8 MB, 64 MB goal, 0 MB stacks, 0 MB globals, 12 P
gc 2 @0.314s 0%: 0.027+5.2+0.014 ms clock, 0.32+0.24/14/32+0.17 ms cpu, 60->61->31 MB, 63 MB goal, 0 MB stacks, 0 MB globals, 12 P
gc 3 @0.465s 0%: 0.030+9.7+0.023 ms clock, 0.37+0.12/26/60+0.28 ms cpu, 60->61->42 MB, 62 MB goal, 0 MB stacks, 0 MB globals, 12 P
gc 4 @0.617s 1%: 0.083+13+0.036 ms clock, 0.99+0.19/40/63+0.43 ms cpu, 82->85->55 MB, 86 MB goal, 0 MB stacks, 0 MB globals, 12 P
gc 5 @0.791s 1%: 0.099+14+0.042 ms clock, 1.1+0.060/41/82+0.50 ms cpu, 105->107->65 MB, 112 MB goal, 0 MB stacks, 0 MB globals, 12 P
gc 6 @0.986s 1%: 0.082+19+0.034 ms clock, 0.98+0.24/57/88+0.40 ms cpu, 123->128->74 MB, 132 MB goal, 0 MB stacks, 0 MB globals, 12 P
# github.com/353words/gc-latency/httpd
gc 1 @0.001s 6%: 0.015+1.3+0.020 ms clock, 0.18+0.060/2.3/0.16+0.24 ms cpu, 6->7->6 MB, 6 MB goal, 0 MB stacks, 0 MB globals, 12 P
gc 2 @0.011s 3%: 0.021+0.89+0.014 ms clock, 0.25+0.085/1.8/0.81+0.16 ms cpu, 15->15->13 MB, 15 MB goal, 0 MB stacks, 0 MB globals, 12 P
gc 3 @0.105s 0%: 0.025+1.2+0.020 ms clock, 0.30+0.25/2.1/1.2+0.24 ms cpu, 26->27->14 MB, 27 MB goal, 0 MB stacks, 0 MB globals, 12 P
gc 1 @0.010s 2%: 0.027+1.1+0.017 ms clock, 0.32+0.13/2.3/0.089+0.20 ms cpu, 6->6->4 MB, 6 MB goal, 0 MB stacks, 0 MB globals, 12 P
gc 2 @0.021s 2%: 0.013+2.2+0.018 ms clock, 0.16+0.10/4.2/1.0+0.22 ms cpu, 9->9->7 MB, 9 MB goal, 0 MB stacks, 0 MB globals, 12 P
gc 3 @0.041s 3%: 0.016+6.5+0.018 ms clock, 0.20+0.18/10/0.021+0.21 ms cpu, 18->18->15 MB, 18 MB goal, 0 MB stacks, 0 MB globals, 12 P
gc 4 @0.079s 3%: 0.018+6.0+0.022 ms clock, 0.22+0.29/16/4.7+0.26 ms cpu, 36->36->31 MB, 36 MB goal, 0 MB stacks, 0 MB globals, 12 P
gc 5 @0.157s 3%: 0.020+18+0.022 ms clock, 0.24+5.6/27/6.5+0.26 ms cpu, 73->73->62 MB, 73 MB goal, 0 MB stacks, 0 MB globals, 12 P
gc 6 @0.337s 2%: 0.020+27+0.025 ms clock, 0.24+11/38/27+0.30 ms cpu, 146->146->123 MB, 146 MB goal, 0 MB stacks, 0 MB globals, 12 P
gc 7 @1.673s 1%: 1.8+24+0.016 ms clock, 21+72/62/18+0.20 ms cpu, 246->254->94 MB, 254 MB goal, 0 MB stacks, 0 MB globals, 12 P
gc 8 @1.720s 2%: 2.7+17+0.011 ms clock, 32+135/48/0+0.14 ms cpu, 185->185->98 MB, 188 MB goal, 0 MB stacks, 0 MB globals, 12 P
gc 9 @1.754s 3%: 1.4+16+0.041 ms clock, 17+125/44/0+0.49 ms cpu, 193->196->100 MB, 197 MB goal, 0 MB stacks, 0 MB globals, 12 P
gc 10 @1.780s 3%: 0.34+16+0.010 ms clock, 4.1+114/44/0.57+0.12 ms cpu, 173->200->123 MB, 201 MB goal, 0 MB stacks, 0 MB globals, 12 P
gc 11 @1.806s 4%: 2.7+21+0.010 ms clock, 33+88/57/0+0.12 ms cpu, 211->274->160 MB, 247 MB goal, 0 MB stacks, 0 MB globals, 12 P
gc 12 @1.844s 5%: 0.40+11+0.007 ms clock, 4.9+82/31/0.42+0.094 ms cpu, 273->351->170 MB, 321 MB goal, 0 MB stacks, 0 MB globals, 12 P
gc 13 @1.868s 5%: 0.71+18+0.011 ms clock, 8.5+82/43/2.5+0.13 ms cpu, 290->363->169 MB, 341 MB goal, 0 MB stacks, 0 MB globals, 12 P
gc 14 @1.902s 6%: 1.9+29+0.18 ms clock, 23+81/70/0.48+2.2 ms cpu, 290->374->175 MB, 339 MB goal, 0 MB stacks, 0 MB globals, 12 P
gc 15 @1.949s 6%: 0.46+13+0.045 ms clock, 5.6+80/37/2.8+0.54 ms cpu, 300->350->146 MB, 351 MB goal, 0 MB stacks, 0 MB globals, 12 P
gc 16 @1.975s 7%: 0.68+15+0.10 ms clock, 8.2+84/41/0.18+1.2 ms cpu, 251->312->156 MB, 293 MB goal, 0 MB stacks, 0 MB globals, 12 P
gc 17 @2.004s 7%: 0.58+14+0.065 ms clock, 7.0+86/35/0.048+0.78 ms cpu, 267->336->165 MB, 313 MB goal, 0 MB stacks, 0 MB globals, 12 P
gc 18 @2.033s 8%: 0.35+15+0.023 ms clock, 4.3+87/37/0+0.28 ms cpu, 283->354->168 MB, 331 MB goal, 0 MB stacks, 0 MB globals, 12 P
gc 19 @2.062s 8%: 0.40+15+0.045 ms clock, 4.9+82/36/0.50+0.54 ms cpu, 288->359->165 MB, 337 MB goal, 0 MB stacks, 0 MB globals, 12 P
gc 20 @2.092s 8%: 0.91+12+0.010 ms clock, 11+70/35/3.2+0.12 ms cpu, 284->331->143 MB, 331 MB goal, 0 MB stacks, 0 MB globals, 12 P
gc 21 @2.117s 9%: 0.42+13+0.020 ms clock, 5.0+86/35/0+0.24 ms cpu, 246->303->152 MB, 287 MB goal, 0 MB stacks, 0 MB globals, 12 P
gc 22 @2.144s 9%: 0.48+17+0.021 ms clock, 5.8+82/35/4.5+0.26 ms cpu, 262->334->167 MB, 305 MB goal, 0 MB stacks, 0 MB globals, 12 P
gc 23 @2.176s 9%: 0.74+13+0.021 ms clock, 8.9+82/36/0+0.25 ms cpu, 286->335->142 MB, 335 MB goal, 0 MB stacks, 0 MB globals, 12 P
gc 24 @2.201s 10%: 0.51+14+0.061 ms clock, 6.2+86/37/0+0.74 ms cpu, 245->315->167 MB, 285 MB goal, 0 MB stacks, 0 MB globals, 12 P
gc 25 @2.229s 10%: 0.37+13+0.027 ms clock, 4.4+80/36/0+0.32 ms cpu, 285->335->146 MB, 335 MB goal, 0 MB stacks, 0 MB globals, 12 P
gc 26 @2.254s 10%: 0.58+15+0.071 ms clock, 6.9+90/40/0+0.85 ms cpu, 251->323->167 MB, 293 MB goal, 0 MB stacks, 0 MB globals, 12 P
gc 27 @2.284s 11%: 0.52+13+0.055 ms clock, 6.3+81/36/0.38+0.66 ms cpu, 287->336->144 MB, 335 MB goal, 0 MB stacks, 0 MB globals, 12 P
gc 28 @2.309s 11%: 0.85+15+0.046 ms clock, 10+76/40/6.0+0.55 ms cpu, 246->318->164 MB, 289 MB goal, 0 MB stacks, 0 MB globals, 12 P
gc 29 @2.338s 11%: 0.64+18+0.43 ms clock, 7.7+85/37/0+5.2 ms cpu, 280->354->170 MB, 329 MB goal, 0 MB stacks, 0 MB globals, 12 P
gc 30 @2.372s 12%: 0.45+19+0.040 ms clock, 5.4+87/44/0.49+0.48 ms cpu, 290->371->175 MB, 341 MB goal, 0 MB stacks, 0 MB globals, 12 P
gc 31 @2.407s 12%: 0.51+14+0.014 ms clock, 6.2+86/37/0+0.17 ms cpu, 301->376->166 MB, 351 MB goal, 0 MB stacks, 0 MB globals, 12 P
gc 32 @2.436s 12%: 0.78+13+0.13 ms clock, 9.3+87/37/0+1.6 ms cpu, 285->354->167 MB, 333 MB goal, 0 MB stacks, 0 MB globals, 12 P
gc 33 @2.465s 13%: 0.53+15+0.069 ms clock, 6.4+83/38/0+0.83 ms cpu, 288->363->170 MB, 335 MB goal, 0 MB stacks, 0 MB globals, 12 P
gc 34 @2.495s 13%: 0.41+16+0.026 ms clock, 4.9+76/42/3.8+0.31 ms cpu, 290->375->179 MB, 341 MB goal, 0 MB stacks, 0 MB globals, 12 P
gc 35 @2.527s 13%: 0.42+14+0.011 ms clock, 5.0+84/39/0+0.14 ms cpu, 310->394->181 MB, 359 MB goal, 0 MB stacks, 0 MB globals, 12 P
gc 36 @2.556s 13%: 0.50+14+0.11 ms clock, 6.1+88/38/0.001+1.4 ms cpu, 309->389->176 MB, 363 MB goal, 0 MB stacks, 0 MB globals, 12 P
gc 37 @2.586s 14%: 0.50+17+0.073 ms clock, 6.0+84/37/0+0.88 ms cpu, 303->383->175 MB, 353 MB goal, 0 MB stacks, 0 MB globals, 12 P
gc 38 @2.619s 14%: 0.72+13+0.20 ms clock, 8.7+77/36/0+2.4 ms cpu, 300->377->174 MB, 351 MB goal, 0 MB stacks, 0 MB globals, 12 P
gc 39 @2.649s 14%: 0.60+14+0.12 ms clock, 7.3+86/37/0.60+1.4 ms cpu, 299->373->167 MB, 349 MB goal, 0 MB stacks, 0 MB globals, 12 P
gc 40 @2.678s 14%: 0.23+14+0.043 ms clock, 2.7+84/37/0+0.52 ms cpu, 289->364->164 MB, 335 MB goal, 0 MB stacks, 0 MB globals, 12 P
gc 41 @2.707s 15%: 0.27+15+0.12 ms clock, 3.2+86/40/0.002+1.5 ms cpu, 281->361->176 MB, 329 MB goal, 0 MB stacks, 0 MB globals, 12 P
gc 42 @2.737s 15%: 0.56+13+0.018 ms clock, 6.7+82/36/0.38+0.22 ms cpu, 302->354->147 MB, 353 MB goal, 0 MB stacks, 0 MB globals, 12 P
gc 43 @2.762s 15%: 0.52+17+0.010 ms clock, 6.3+84/47/0.43+0.12 ms cpu, 252->321->165 MB, 295 MB goal, 0 MB stacks, 0 MB globals, 12 P
gc 44 @2.794s 15%: 0.68+16+0.038 ms clock, 8.2+84/39/0.27+0.46 ms cpu, 289->365->172 MB, 331 MB goal, 0 MB stacks, 0 MB globals, 12 P
gc 45 @2.826s 16%: 0.74+15+0.041 ms clock, 8.9+84/36/0.53+0.49 ms cpu, 295->371->164 MB, 345 MB goal, 0 MB stacks, 0 MB globals, 12 P
gc 46 @2.857s 16%: 0.31+13+0.14 ms clock, 3.7+87/37/0+1.7 ms cpu, 286->350->158 MB, 329 MB goal, 0 MB stacks, 0 MB globals, 12 P
gc 47 @2.884s 16%: 0.60+14+0.083 ms clock, 7.2+85/37/0.52+1.0 ms cpu, 272->339->161 MB, 317 MB goal, 0 MB stacks, 0 MB globals, 12 P
gc 48 @2.912s 16%: 0.57+12+0.010 ms clock, 6.8+80/35/2.7+0.12 ms cpu, 278->322->140 MB, 323 MB goal, 0 MB stacks, 0 MB globals, 12 P
gc 49 @2.938s 16%: 0.41+13+0.010 ms clock, 5.0+87/34/0+0.12 ms cpu, 253->308->162 MB, 281 MB goal, 0 MB stacks, 0 MB globals, 12 P
gc 50 @2.967s 17%: 0.43+21+0.16 ms clock, 5.2+75/43/0.53+1.9 ms cpu, 289->359->174 MB, 325 MB goal, 0 MB stacks, 0 MB globals, 12 P
gc 51 @3.004s 17%: 0.57+23+0.075 ms clock, 6.9+82/41/0.45+0.90 ms cpu, 301->386->179 MB, 349 MB goal, 0 MB stacks, 0 MB globals, 12 P
gc 52 @3.044s 17%: 0.48+13+0.078 ms clock, 5.8+84/36/0.38+0.94 ms cpu, 310->367->152 MB, 359 MB goal, 0 MB stacks, 0 MB globals, 12 P
gc 53 @3.069s 17%: 0.61+13+0.011 ms clock, 7.4+78/37/0.29+0.14 ms cpu, 262->304->138 MB, 305 MB goal, 0 MB stacks, 0 MB globals, 12 P
gc 54 @3.094s 17%: 0.65+27+0.091 ms clock, 7.8+80/51/1.4+1.0 ms cpu, 239->310->168 MB, 277 MB goal, 0 MB stacks, 0 MB globals, 12 P
gc 55 @3.136s 17%: 0.58+22+0.17 ms clock, 7.0+76/38/10+2.0 ms cpu, 287->365->171 MB, 337 MB goal, 0 MB stacks, 0 MB globals, 12 P
gc 56 @3.173s 17%: 0.65+21+0.032 ms clock, 7.8+79/44/0.98+0.38 ms cpu, 294->382->183 MB, 343 MB goal, 0 MB stacks, 0 MB globals, 12 P
gc 57 @3.211s 18%: 0.55+15+0.064 ms clock, 6.6+83/37/1.5+0.77 ms cpu, 315->389->168 MB, 368 MB goal, 0 MB stacks, 0 MB globals, 12 P
gc 58 @3.242s 18%: 0.47+15+0.089 ms clock, 5.6+89/36/0.21+1.0 ms cpu, 289->362->170 MB, 337 MB goal, 0 MB stacks, 0 MB globals, 12 P
gc 59 @3.272s 18%: 0.59+14+0.094 ms clock, 7.1+78/38/0.27+1.1 ms cpu, 293->367->169 MB, 341 MB goal, 0 MB stacks, 0 MB globals, 12 P
gc 60 @3.302s 18%: 0.60+13+0.098 ms clock, 7.2+83/36/3.0+1.1 ms cpu, 292->361->166 MB, 339 MB goal, 0 MB stacks, 0 MB globals, 12 P
gc 61 @3.330s 18%: 0.65+15+0.011 ms clock, 7.8+86/42/0.61+0.13 ms cpu, 287->365->176 MB, 333 MB goal, 0 MB stacks, 0 MB globals, 12 P
gc 62 @3.361s 18%: 0.52+15+0.18 ms clock, 6.2+83/40/0+2.1 ms cpu, 305->388->177 MB, 353 MB goal, 0 MB stacks, 0 MB globals, 12 P
gc 63 @3.391s 19%: 0.34+16+0.037 ms clock, 4.1+83/41/0.53+0.44 ms cpu, 305->391->184 MB, 355 MB goal, 0 MB stacks, 0 MB globals, 12 P
gc 64 @3.423s 19%: 0.59+14+0.14 ms clock, 7.1+86/37/1.3+1.7 ms cpu, 317->393->174 MB, 369 MB goal, 0 MB stacks, 0 MB globals, 12 P
gc 65 @3.454s 19%: 0.31+13+0.18 ms clock, 3.8+85/35/0.26+2.1 ms cpu, 303->370->165 MB, 349 MB goal, 0 MB stacks, 0 MB globals, 12 P
gc 66 @3.482s 19%: 0.27+17+0.16 ms clock, 3.3+82/38/0.59+1.9 ms cpu, 283->365->177 MB, 331 MB goal, 0 MB stacks, 0 MB globals, 12 P
gc 67 @3.514s 19%: 0.38+13+0.023 ms clock, 4.5+85/37/2.6+0.27 ms cpu, 303->355->147 MB, 355 MB goal, 0 MB stacks, 0 MB globals, 12 P
gc 68 @3.539s 19%: 0.71+13+0.068 ms clock, 8.6+85/38/0.98+0.82 ms cpu, 253->321->163 MB, 295 MB goal, 0 MB stacks, 0 MB globals, 12 P
gc 69 @3.567s 19%: 0.37+13+0.078 ms clock, 4.5+85/36/0+0.94 ms cpu, 279->335->154 MB, 327 MB goal, 0 MB stacks, 0 MB globals, 12 P
gc 70 @3.594s 20%: 0.50+14+0.072 ms clock, 6.0+82/37/0+0.86 ms cpu, 263->331->160 MB, 309 MB goal, 0 MB stacks, 0 MB globals, 12 P
gc 71 @3.622s 20%: 0.41+17+0.017 ms clock, 4.9+83/39/0.098+0.20 ms cpu, 276->348->171 MB, 321 MB goal, 0 MB stacks, 0 MB globals, 12 P
gc 72 @3.655s 20%: 0.54+19+0.11 ms clock, 6.5+80/38/0.60+1.3 ms cpu, 293->373->172 MB, 343 MB goal, 0 MB stacks, 0 MB globals, 12 P
gc 73 @3.689s 20%: 0.63+12+0.010 ms clock, 7.6+85/35/0.025+0.12 ms cpu, 296->345->144 MB, 345 MB goal, 0 MB stacks, 0 MB globals, 12 P
gc 74 @3.714s 20%: 0.32+13+0.049 ms clock, 3.9+81/35/4.5+0.59 ms cpu, 248->311->155 MB, 289 MB goal, 0 MB stacks, 0 MB globals, 12 P
gc 75 @3.741s 20%: 0.33+21+0.35 ms clock, 3.9+85/36/0.11+4.3 ms cpu, 268->344->171 MB, 311 MB goal, 0 MB stacks, 0 MB globals, 12 P
gc 76 @3.777s 20%: 0.61+18+0.43 ms clock, 7.3+77/39/0.80+5.2 ms cpu, 293->376->181 MB, 343 MB goal, 0 MB stacks, 0 MB globals, 12 P
gc 77 @3.811s 20%: 0.58+19+0.56 ms clock, 7.0+81/39/2.7+6.7 ms cpu, 312->395->178 MB, 363 MB goal, 0 MB stacks, 0 MB globals, 12 P
gc 78 @3.847s 21%: 0.31+14+0.019 ms clock, 3.7+83/39/3.6+0.23 ms cpu, 306->373->162 MB, 357 MB goal, 0 MB stacks, 0 MB globals, 12 P
gc 79 @3.875s 21%: 0.52+14+0.11 ms clock, 6.3+83/37/0.21+1.4 ms cpu, 278->347->164 MB, 325 MB goal, 0 MB stacks, 0 MB globals, 12 P
gc 80 @3.904s 21%: 0.49+13+0.12 ms clock, 5.8+79/35/5.5+1.4 ms cpu, 280->349->165 MB, 329 MB goal, 0 MB stacks, 0 MB globals, 12 P
gc 81 @3.932s 21%: 0.31+13+0.022 ms clock, 3.7+81/38/0.54+0.26 ms cpu, 285->336->148 MB, 331 MB goal, 0 MB stacks, 0 MB globals, 12 P
gc 82 @3.958s 21%: 0.57+14+0.086 ms clock, 6.9+86/38/1.7+1.0 ms cpu, 254->324->164 MB, 297 MB goal, 0 MB stacks, 0 MB globals, 12 P
gc 83 @3.987s 21%: 0.71+22+0.50 ms clock, 8.6+85/37/0+6.0 ms cpu, 283->358->171 MB, 329 MB goal, 0 MB stacks, 0 MB globals, 12 P
gc 84 @4.025s 21%: 0.60+17+0.63 ms clock, 7.2+83/38/0.31+7.6 ms cpu, 296->371->172 MB, 343 MB goal, 0 MB stacks, 0 MB globals, 12 P
gc 85 @4.059s 21%: 0.41+16+0.052 ms clock, 5.0+83/41/0+0.63 ms cpu, 297->377->175 MB, 345 MB goal, 0 MB stacks, 0 MB globals, 12 P
gc 86 @4.092s 21%: 0.58+15+0.040 ms clock, 6.9+83/39/0.009+0.48 ms cpu, 305->380->171 MB, 351 MB goal, 0 MB stacks, 0 MB globals, 12 P
gc 87 @4.121s 21%: 0.42+15+0.098 ms clock, 5.0+85/40/0+1.1 ms cpu, 294->373->174 MB, 344 MB goal, 0 MB stacks, 0 MB globals, 12 P
gc 88 @4.152s 22%: 0.90+14+0.68 ms clock, 10+83/38/0.32+8.2 ms cpu, 301->381->173 MB, 349 MB goal, 0 MB stacks, 0 MB globals, 12 P
gc 89 @4.183s 22%: 0.46+12+0.026 ms clock, 5.5+82/35/3.6+0.31 ms cpu, 297->347->144 MB, 347 MB goal, 0 MB stacks, 0 MB globals, 12 P
gc 90 @4.208s 22%: 0.31+14+0.025 ms clock, 3.7+83/39/0+0.30 ms cpu, 246->317->162 MB, 289 MB goal, 0 MB stacks, 0 MB globals, 12 P
gc 91 @4.236s 22%: 0.31+28+0.15 ms clock, 3.7+70/51/0.27+1.8 ms cpu, 280->368->185 MB, 325 MB goal, 0 MB stacks, 0 MB globals, 12 P
gc 92 @4.280s 22%: 0.40+19+0.17 ms clock, 4.8+80/44/0.22+2.0 ms cpu, 318->414->191 MB, 371 MB goal, 0 MB stacks, 0 MB globals, 12 P
gc 93 @4.317s 22%: 0.23+15+0.011 ms clock, 2.7+82/41/4.8+0.13 ms cpu, 330->416->176 MB, 383 MB goal, 0 MB stacks, 0 MB globals, 12 P
gc 94 @4.348s 22%: 0.33+14+0.12 ms clock, 4.0+84/38/0.11+1.4 ms cpu, 306->382->175 MB, 353 MB goal, 0 MB stacks, 0 MB globals, 12 P
gc 95 @4.378s 22%: 0.61+14+0.065 ms clock, 7.3+84/39/0.39+0.78 ms cpu, 304->377->171 MB, 351 MB goal, 0 MB stacks, 0 MB globals, 12 P
gc 96 @4.408s 22%: 0.39+14+0.15 ms clock, 4.7+86/38/0.70+1.8 ms cpu, 294->377->179 MB, 343 MB goal, 0 MB stacks, 0 MB globals, 12 P
gc 97 @4.438s 22%: 0.55+13+0.010 ms clock, 6.6+82/37/2.2+0.12 ms cpu, 309->359->143 MB, 359 MB goal, 0 MB stacks, 0 MB globals, 12 P
gc 98 @4.463s 22%: 0.57+14+0.15 ms clock, 6.8+84/37/0.089+1.8 ms cpu, 247->314->163 MB, 287 MB goal, 0 MB stacks, 0 MB globals, 12 P
gc 99 @4.493s 23%: 0.52+15+0.008 ms clock, 6.3+85/40/0+0.10 ms cpu, 283->360->173 MB, 327 MB goal, 0 MB stacks, 0 MB globals, 12 P
gc 100 @4.523s 23%: 0.56+18+0.37 ms clock, 6.7+78/40/0.14+4.4 ms cpu, 297->381->178 MB, 347 MB goal, 0 MB stacks, 0 MB globals, 12 P
gc 101 @4.558s 23%: 0.49+14+0.065 ms clock, 5.8+76/38/4.4+0.78 ms cpu, 306->371->163 MB, 357 MB goal, 0 MB stacks, 0 MB globals, 12 P
gc 102 @4.587s 23%: 0.47+17+0.032 ms clock, 5.6+79/43/0.25+0.39 ms cpu, 282->355->168 MB, 327 MB goal, 0 MB stacks, 0 MB globals, 12 P
gc 103 @4.619s 23%: 0.27+14+0.040 ms clock, 3.2+77/36/5.2+0.49 ms cpu, 289->357->162 MB, 337 MB goal, 0 MB stacks, 0 MB globals, 12 P
gc 104 @4.647s 23%: 0.32+15+0.031 ms clock, 3.8+85/42/1.5+0.38 ms cpu, 279->358->174 MB, 325 MB goal, 0 MB stacks, 0 MB globals, 12 P
gc 105 @4.676s 23%: 0.53+17+0.023 ms clock, 6.4+85/38/0.45+0.28 ms cpu, 300->383->179 MB, 349 MB goal, 0 MB stacks, 0 MB globals, 12 P
gc 106 @4.709s 23%: 0.37+17+0.032 ms clock, 4.4+82/38/0.11+0.39 ms cpu, 308->389->177 MB, 359 MB goal, 0 MB stacks, 0 MB globals, 12 P
gc 107 @4.741s 23%: 0.32+14+0.080 ms clock, 3.9+85/39/0+0.96 ms cpu, 304->381->173 MB, 355 MB goal, 0 MB stacks, 0 MB globals, 12 P
gc 108 @4.771s 23%: 0.59+13+0.009 ms clock, 7.1+82/37/0.50+0.10 ms cpu, 298->347->147 MB, 347 MB goal, 0 MB stacks, 0 MB globals, 12 P
gc 109 @4.796s 23%: 0.32+20+0.23 ms clock, 3.8+86/55/1.1+2.7 ms cpu, 252->326->170 MB, 295 MB goal, 0 MB stacks, 0 MB globals, 12 P
gc 110 @4.831s 23%: 0.81+22+0.030 ms clock, 9.7+80/41/0+0.36 ms cpu, 295->379->177 MB, 342 MB goal, 0 MB stacks, 0 MB globals, 12 P
gc 111 @4.868s 23%: 0.43+13+0.010 ms clock, 5.2+84/36/0+0.12 ms cpu, 304->354->148 MB, 355 MB goal, 0 MB stacks, 0 MB globals, 12 P
gc 112 @4.893s 24%: 0.36+21+0.12 ms clock, 4.4+84/39/0+1.4 ms cpu, 255->325->166 MB, 297 MB goal, 0 MB stacks, 0 MB globals, 12 P
gc 113 @4.928s 24%: 0.62+13+0.085 ms clock, 7.5+81/36/5.6+1.0 ms cpu, 287->346->157 MB, 333 MB goal, 0 MB stacks, 0 MB globals, 12 P
gc 114 @4.956s 24%: 0.54+14+0.035 ms clock, 6.5+82/41/0.81+0.42 ms cpu, 270->344->172 MB, 315 MB goal, 0 MB stacks, 0 MB globals, 12 P
gc 115 @4.986s 24%: 0.34+17+0.041 ms clock, 4.1+85/38/0.90+0.50 ms cpu, 296->370->172 MB, 346 MB goal, 0 MB stacks, 0 MB globals, 12 P
gc 116 @5.018s 24%: 0.61+17+0.15 ms clock, 7.3+83/39/0.49+1.8 ms cpu, 297->379->175 MB, 345 MB goal, 0 MB stacks, 0 MB globals, 12 P
gc 117 @5.051s 24%: 0.49+15+0.011 ms clock, 5.9+84/37/0+0.13 ms cpu, 303->377->173 MB, 351 MB goal, 0 MB stacks, 0 MB globals, 12 P
gc 118 @5.081s 24%: 0.42+14+0.16 ms clock, 5.0+84/36/0.66+1.9 ms cpu, 300->377->174 MB, 347 MB goal, 0 MB stacks, 0 MB globals, 12 P
gc 119 @5.111s 24%: 0.38+15+0.036 ms clock, 4.5+85/38/0.10+0.43 ms cpu, 302->378->171 MB, 349 MB goal, 0 MB stacks, 0 MB globals, 12 P
gc 120 @5.140s 24%: 0.70+15+0.044 ms clock, 8.4+85/43/0.001+0.53 ms cpu, 295->379->183 MB, 344 MB goal, 0 MB stacks, 0 MB globals, 12 P
gc 121 @5.171s 24%: 0.98+24+0.53 ms clock, 11+81/43/0+6.4 ms cpu, 315->411->188 MB, 368 MB goal, 0 MB stacks, 0 MB globals, 12 P
gc 122 @5.214s 24%: 0.46+13+0.009 ms clock, 5.6+83/37/0+0.11 ms cpu, 324->377->146 MB, 378 MB goal, 0 MB stacks, 0 MB globals, 12 P
gc 123 @5.240s 24%: 0.26+13+0.76 ms clock, 3.1+84/37/0+9.1 ms cpu, 256->322->160 MB, 293 MB goal, 0 MB stacks, 0 MB globals, 12 P
gc 124 @5.268s 24%: 0.40+15+0.11 ms clock, 4.8+66/36/10+1.4 ms cpu, 276->347->166 MB, 321 MB goal, 0 MB stacks, 0 MB globals, 12 P
gc 125 @5.298s 24%: 0.49+13+0.11 ms clock, 5.8+87/36/0.31+1.3 ms cpu, 287->354->163 MB, 333 MB goal, 0 MB stacks, 0 MB globals, 12 P
gc 126 @5.326s 24%: 0.61+13+0.16 ms clock, 7.3+84/35/1.5+2.0 ms cpu, 285->355->161 MB, 327 MB goal, 0 MB stacks, 0 MB globals, 12 P
gc 127 @5.355s 24%: 0.42+15+0.009 ms clock, 5.0+78/38/0.28+0.11 ms cpu, 279->354->169 MB, 323 MB goal, 0 MB stacks, 0 MB globals, 12 P
gc 128 @5.385s 25%: 0.43+17+0.16 ms clock, 5.2+80/41/3.7+1.9 ms cpu, 292->372->178 MB, 339 MB goal, 0 MB stacks, 0 MB globals, 12 P
gc 129 @5.417s 25%: 0.48+18+0.040 ms clock, 5.8+85/42/0.30+0.49 ms cpu, 306->394->184 MB, 357 MB goal, 0 MB stacks, 0 MB globals, 12 P
gc 130 @5.451s 25%: 0.38+14+0.008 ms clock, 4.5+83/38/0+0.099 ms cpu, 315->370->151 MB, 369 MB goal, 0 MB stacks, 0 MB globals, 12 P
gc 131 @5.477s 25%: 0.51+14+0.085 ms clock, 6.1+84/38/0.39+1.0 ms cpu, 259->336->174 MB, 303 MB goal, 0 MB stacks, 0 MB globals, 12 P
gc 132 @5.507s 25%: 0.45+26+0.067 ms clock, 5.5+79/50/0+0.81 ms cpu, 299->384->178 MB, 349 MB goal, 0 MB stacks, 0 MB globals, 12 P
gc 133 @5.550s 25%: 0.46+14+0.075 ms clock, 5.6+84/36/0.86+0.90 ms cpu, 308->378->164 MB, 357 MB goal, 0 MB stacks, 0 MB globals, 12 P
gc 134 @5.577s 25%: 0.48+17+0.061 ms clock, 5.8+75/46/0.96+0.73 ms cpu, 281->363->178 MB, 329 MB goal, 0 MB stacks, 0 MB globals, 12 P
gc 135 @5.610s 25%: 0.45+15+0.025 ms clock, 5.4+84/38/0.12+0.30 ms cpu, 307->383->173 MB, 357 MB goal, 0 MB stacks, 0 MB globals, 12 P
gc 136 @5.640s 25%: 0.66+16+0.009 ms clock, 8.0+83/43/0.32+0.11 ms cpu, 301->380->175 MB, 347 MB goal, 0 MB stacks, 0 MB globals, 12 P
gc 137 @5.671s 25%: 0.37+14+0.099 ms clock, 4.5+84/37/0.18+1.1 ms cpu, 300->365->155 MB, 351 MB goal, 0 MB stacks, 0 MB globals, 12 P
gc 138 @5.698s 25%: 0.82+13+0.10 ms clock, 9.9+84/34/0.41+1.2 ms cpu, 269->330->157 MB, 311 MB goal, 0 MB stacks, 0 MB globals, 12 P
gc 139 @5.726s 25%: 0.44+16+0.055 ms clock, 5.2+85/42/0.82+0.66 ms cpu, 271->350->175 MB, 315 MB goal, 0 MB stacks, 0 MB globals, 12 P
gc 140 @5.757s 25%: 0.33+17+0.18 ms clock, 3.9+86/39/0.11+2.1 ms cpu, 300->377->171 MB, 351 MB goal, 0 MB stacks, 0 MB globals, 12 P
gc 141 @5.790s 25%: 0.20+15+0.045 ms clock, 2.4+81/42/0.39+0.54 ms cpu, 295->372->169 MB, 344 MB goal, 0 MB stacks, 0 MB globals, 12 P
gc 142 @5.819s 25%: 0.57+12+0.009 ms clock, 6.9+81/36/2.9+0.11 ms cpu, 295->339->141 MB, 340 MB goal, 0 MB stacks, 0 MB globals, 12 P
gc 143 @5.844s 25%: 0.64+14+0.010 ms clock, 7.7+85/38/0+0.13 ms cpu, 247->309->161 MB, 283 MB goal, 0 MB stacks, 0 MB globals, 12 P
gc 144 @5.872s 25%: 0.74+13+0.008 ms clock, 8.9+75/36/2.9+0.10 ms cpu, 276->322->139 MB, 323 MB goal, 0 MB stacks, 0 MB globals, 12 P
gc 145 @5.897s 25%: 0.36+14+0.083 ms clock, 4.4+85/34/0+1.0 ms cpu, 240->303->159 MB, 279 MB goal, 0 MB stacks, 0 MB globals, 12 P
gc 146 @5.924s 25%: 0.42+24+0.27 ms clock, 5.0+85/42/0.64+3.3 ms cpu, 277->356->175 MB, 319 MB goal, 0 MB stacks, 0 MB globals, 12 P
gc 147 @5.965s 26%: 0.32+14+0.014 ms clock, 3.9+71/41/0.52+0.17 ms cpu, 301->350->147 MB, 351 MB goal, 0 MB stacks, 0 MB globals, 12 P
gc 148 @5.992s 26%: 0.33+12+0.085 ms clock, 4.0+80/34/4.4+1.0 ms cpu, 258->314->153 MB, 295 MB goal, 0 MB stacks, 0 MB globals, 12 P
gc 149 @6.017s 26%: 0.57+14+0.042 ms clock, 6.9+82/39/0+0.50 ms cpu, 262->331->164 MB, 307 MB goal, 0 MB stacks, 0 MB globals, 12 P
gc 150 @6.046s 26%: 0.40+17+0.12 ms clock, 4.8+84/37/0.32+1.5 ms cpu, 288->365->175 MB, 329 MB goal, 0 MB stacks, 0 MB globals, 12 P
gc 151 @6.079s 26%: 0.66+13+0.010 ms clock, 7.9+83/36/0.20+0.12 ms cpu, 303->351->146 MB, 351 MB goal, 0 MB stacks, 0 MB globals, 12 P
gc 152 @6.105s 26%: 0.48+15+0.037 ms clock, 5.7+80/38/0+0.44 ms cpu, 252->322->166 MB, 293 MB goal, 0 MB stacks, 0 MB globals, 12 P
gc 153 @6.134s 26%: 0.64+19+0.16 ms clock, 7.7+77/47/4.5+2.0 ms cpu, 286->366->176 MB, 333 MB goal, 0 MB stacks, 0 MB globals, 12 P
gc 154 @6.169s 26%: 0.31+20+0.17 ms clock, 3.7+83/39/1.2+2.0 ms cpu, 303->386->175 MB, 353 MB goal, 0 MB stacks, 0 MB globals, 12 P
gc 155 @6.205s 26%: 0.56+16+0.041 ms clock, 6.7+92/38/0+0.49 ms cpu, 303->388->178 MB, 352 MB goal, 0 MB stacks, 0 MB globals, 12 P
gc 156 @6.237s 26%: 0.75+15+0.054 ms clock, 9.0+80/40/0.25+0.65 ms cpu, 305->382->173 MB, 357 MB goal, 0 MB stacks, 0 MB globals, 12 P
gc 157 @6.267s 26%: 0.54+14+0.060 ms clock, 6.5+87/37/0.45+0.73 ms cpu, 297->366->166 MB, 347 MB goal, 0 MB stacks, 0 MB globals, 12 P
gc 158 @6.296s 26%: 0.32+14+0.10 ms clock, 3.8+79/38/4.1+1.2 ms cpu, 292->360->164 MB, 333 MB goal, 0 MB stacks, 0 MB globals, 12 P
gc 159 @6.325s 26%: 0.68+15+0.024 ms clock, 8.1+84/39/0.062+0.29 ms cpu, 284->358->171 MB, 329 MB goal, 0 MB stacks, 0 MB globals, 12 P
gc 160 @6.355s 26%: 0.55+13+0.015 ms clock, 6.6+76/37/0+0.19 ms cpu, 294->343->144 MB, 343 MB goal, 0 MB stacks, 0 MB globals, 12 P
gc 161 @6.380s 26%: 0.42+16+0.061 ms clock, 5.1+79/37/0+0.73 ms cpu, 247->323->172 MB, 289 MB goal, 0 MB stacks, 0 MB globals, 12 P
gc 162 @6.411s 26%: 0.56+19+0.035 ms clock, 6.8+83/37/0+0.42 ms cpu, 301->367->166 MB, 345 MB goal, 0 MB stacks, 0 MB globals, 12 P
gc 163 @6.445s 26%: 0.87+15+0.019 ms clock, 10+83/41/0+0.23 ms cpu, 286->367->176 MB, 333 MB goal, 0 MB stacks, 0 MB globals, 12 P
gc 164 @6.475s 26%: 0.70+19+0.16 ms clock, 8.4+78/42/4.4+1.9 ms cpu, 302->388->180 MB, 353 MB goal, 0 MB stacks, 0 MB globals, 12 P
gc 165 @6.511s 26%: 0.34+14+0.28 ms clock, 4.1+88/39/1.0+3.4 ms cpu, 309->391->180 MB, 362 MB goal, 0 MB stacks, 0 MB globals, 12 P
gc 166 @6.542s 26%: 0.27+17+0.15 ms clock, 3.3+84/41/0+1.8 ms cpu, 313->397->178 MB, 361 MB goal, 0 MB stacks, 0 MB globals, 12 P
gc 167 @6.575s 26%: 0.52+12+0.010 ms clock, 6.3+80/36/3.4+0.12 ms cpu, 307->356->144 MB, 358 MB goal, 0 MB stacks, 0 MB globals, 12 P
gc 168 @6.599s 26%: 0.59+18+0.060 ms clock, 7.1+84/36/0+0.72 ms cpu, 248->310->161 MB, 289 MB goal, 0 MB stacks, 0 MB globals, 12 P
gc 169 @6.632s 26%: 0.31+14+0.013 ms clock, 3.8+74/40/7.0+0.16 ms cpu, 279->321->139 MB, 323 MB goal, 0 MB stacks, 0 MB globals, 12 P
