gc 1 @0.009s 2%: 0.026+0.54+0.10 ms clock, 0.31+0.17/0.72/0.11+1.3 ms cpu, 3->4->0 MB, 4 MB goal, 0 MB stacks, 0 MB globals, 12 P
gc 2 @0.011s 4%: 0.089+0.73+0.059 ms clock, 1.0+0.75/1.0/0+0.71 ms cpu, 3->4->1 MB, 4 MB goal, 0 MB stacks, 0 MB globals, 12 P
gc 3 @0.013s 5%: 0.065+0.63+0.068 ms clock, 0.78+1.3/0.72/0+0.82 ms cpu, 3->3->1 MB, 4 MB goal, 0 MB stacks, 0 MB globals, 12 P
gc 4 @0.014s 7%: 0.069+0.82+0.071 ms clock, 0.82+0.68/1.5/0+0.85 ms cpu, 3->4->1 MB, 4 MB goal, 0 MB stacks, 0 MB globals, 12 P
gc 5 @0.015s 8%: 0.050+1.8+0.074 ms clock, 0.61+1.3/0.91/0.003+0.89 ms cpu, 3->4->1 MB, 4 MB goal, 0 MB stacks, 0 MB globals, 12 P
gc 6 @0.018s 9%: 0.11+0.59+0.060 ms clock, 1.3+1.2/1.0/0+0.72 ms cpu, 3->4->1 MB, 4 MB goal, 0 MB stacks, 0 MB globals, 12 P
gc 7 @0.019s 9%: 0.11+1.8+0.048 ms clock, 1.3+0.77/1.3/0+0.58 ms cpu, 3->5->2 MB, 4 MB goal, 0 MB stacks, 0 MB globals, 12 P
gc 8 @0.022s 10%: 0.063+0.73+0.11 ms clock, 0.75+1.2/0.68/0+1.3 ms cpu, 4->5->1 MB, 5 MB goal, 0 MB stacks, 0 MB globals, 12 P
gc 9 @0.024s 11%: 0.15+0.66+0.046 ms clock, 1.8+1.7/1.1/0+0.55 ms cpu, 3->4->1 MB, 4 MB goal, 0 MB stacks, 0 MB globals, 12 P
gc 10 @0.025s 12%: 0.070+0.49+0.088 ms clock, 0.84+1.8/0.95/0+1.0 ms cpu, 3->3->1 MB, 4 MB goal, 0 MB stacks, 0 MB globals, 12 P
gc 11 @0.027s 12%: 0.092+2.0+0.081 ms clock, 1.1+1.2/1.4/0+0.97 ms cpu, 3->5->2 MB, 4 MB goal, 0 MB stacks, 0 MB globals, 12 P
gc 12 @0.030s 13%: 0.10+0.88+0.085 ms clock, 1.2+1.7/1.4/0+1.0 ms cpu, 4->5->1 MB, 5 MB goal, 0 MB stacks, 0 MB globals, 12 P
gc 13 @0.032s 13%: 0.089+0.78+0.10 ms clock, 1.0+1.6/1.3/0+1.2 ms cpu, 3->4->1 MB, 4 MB goal, 0 MB stacks, 0 MB globals, 12 P
gc 14 @0.033s 14%: 0.073+1.8+0.086 ms clock, 0.88+1.9/1.4/0.039+1.0 ms cpu, 3->5->2 MB, 4 MB goal, 0 MB stacks, 0 MB globals, 12 P
gc 15 @0.036s 14%: 0.060+1.5+0.054 ms clock, 0.72+0.88/2.0/0+0.65 ms cpu, 4->6->2 MB, 5 MB goal, 0 MB stacks, 0 MB globals, 12 P
gc 16 @0.039s 14%: 0.066+1.7+0.058 ms clock, 0.79+1.3/1.5/0+0.69 ms cpu, 4->6->2 MB, 5 MB goal, 0 MB stacks, 0 MB globals, 12 P
gc 17 @0.041s 13%: 0.081+2.8+0.070 ms clock, 0.97+2.7/1.5/0+0.85 ms cpu, 4->8->4 MB, 5 MB goal, 0 MB stacks, 0 MB globals, 12 P
gc 18 @0.046s 13%: 0.096+3.0+0.040 ms clock, 1.1+1.8/2.3/0+0.49 ms cpu, 7->10->4 MB, 8 MB goal, 0 MB stacks, 0 MB globals, 12 P
gc 19 @0.051s 13%: 0.094+0.98+0.071 ms clock, 1.1+2.1/2.2/0.13+0.85 ms cpu, 7->7->2 MB, 8 MB goal, 0 MB stacks, 0 MB globals, 12 P
gc 20 @0.053s 14%: 0.089+1.1+0.049 ms clock, 1.0+1.3/2.8/0.62+0.59 ms cpu, 4->5->2 MB, 5 MB goal, 0 MB stacks, 0 MB globals, 12 P
gc 21 @0.055s 14%: 0.081+1.0+0.043 ms clock, 0.97+2.5/2.4/0.16+0.52 ms cpu, 4->5->2 MB, 5 MB goal, 0 MB stacks, 0 MB globals, 12 P
gc 22 @0.058s 14%: 0.064+1.3+0.035 ms clock, 0.77+0.85/1.6/1.8+0.42 ms cpu, 4->5->2 MB, 5 MB goal, 0 MB stacks, 0 MB globals, 12 P
gc 23 @0.061s 14%: 0.066+0.77+0.042 ms clock, 0.79+1.0/1.7/1.3+0.51 ms cpu, 4->5->2 MB, 5 MB goal, 0 MB stacks, 0 MB globals, 12 P
gc 24 @0.065s 14%: 0.065+0.63+0.023 ms clock, 0.78+0.61/1.5/2.6+0.28 ms cpu, 4->4->2 MB, 4 MB goal, 0 MB stacks, 0 MB globals, 12 P
gc 25 @0.069s 13%: 0.052+0.65+0.019 ms clock, 0.63+0.11/1.5/2.5+0.23 ms cpu, 3->4->2 MB, 4 MB goal, 0 MB stacks, 0 MB globals, 12 P
gc 26 @0.074s 12%: 0.025+0.88+0.022 ms clock, 0.30+0.097/1.7/1.3+0.27 ms cpu, 3->4->2 MB, 4 MB goal, 0 MB stacks, 0 MB globals, 12 P
gc 27 @0.079s 12%: 0.10+0.91+0.050 ms clock, 1.2+0.56/2.0/0.056+0.60 ms cpu, 3->5->2 MB, 4 MB goal, 0 MB stacks, 0 MB globals, 12 P
gc 28 @0.081s 12%: 0.053+0.75+0.027 ms clock, 0.64+0.10/1.7/1.5+0.33 ms cpu, 3->3->1 MB, 4 MB goal, 0 MB stacks, 0 MB globals, 12 P
gc 29 @0.084s 12%: 0.096+0.88+0.042 ms clock, 1.1+1.3/1.9/0.15+0.51 ms cpu, 3->4->2 MB, 4 MB goal, 0 MB stacks, 0 MB globals, 12 P
gc 30 @0.086s 12%: 0.075+0.90+0.035 ms clock, 0.91+2.8/2.2/0.47+0.42 ms cpu, 3->4->2 MB, 4 MB goal, 0 MB stacks, 0 MB globals, 12 P
gc 31 @0.088s 13%: 0.12+0.93+0.091 ms clock, 1.4+3.6/1.8/0+1.1 ms cpu, 4->4->2 MB, 5 MB goal, 0 MB stacks, 0 MB globals, 12 P
gc 32 @0.092s 13%: 0.031+0.97+0.018 ms clock, 0.37+0.15/2.4/4.6+0.22 ms cpu, 4->4->2 MB, 5 MB goal, 0 MB stacks, 0 MB globals, 12 P
gc 33 @0.099s 12%: 0.29+4.5+0.11 ms clock, 3.5+0.70/5.7/0+1.4 ms cpu, 5->6->3 MB, 6 MB goal, 0 MB stacks, 0 MB globals, 12 P
gc 34 @0.110s 12%: 0.38+8.3+0.053 ms clock, 4.6+0.91/8.3/0+0.64 ms cpu, 6->8->4 MB, 7 MB goal, 0 MB stacks, 0 MB globals, 12 P
gc 35 @0.141s 10%: 0.068+3.4+0.066 ms clock, 0.82+0/7.2/0+0.80 ms cpu, 8->8->3 MB, 9 MB goal, 0 MB stacks, 0 MB globals, 12 P
gc 36 @0.189s 8%: 0.10+4.3+0.032 ms clock, 1.2+0.18/7.8/0.63+0.38 ms cpu, 6->7->3 MB, 7 MB goal, 0 MB stacks, 0 MB globals, 12 P
gc 37 @0.207s 8%: 0.96+5.6+0.006 ms clock, 11+0.28/5.6/0+0.074 ms cpu, 6->8->5 MB, 7 MB goal, 0 MB stacks, 0 MB globals, 12 P
gc 38 @0.346s 5%: 0.043+1.2+0.006 ms clock, 0.52+0.15/3.1/1.5+0.083 ms cpu, 9->9->3 MB, 10 MB goal, 0 MB stacks, 0 MB globals, 12 P
gc 39 @0.351s 5%: 0.071+1.3+0.007 ms clock, 0.85+0.25/2.7/2.2+0.093 ms cpu, 6->6->3 MB, 7 MB goal, 0 MB stacks, 0 MB globals, 12 P
# runtime
gc 1 @0.182s 1%: 0.056+8.8+0.018 ms clock, 0.68+0.11/22/45+0.21 ms cpu, 61->62->34 MB, 64 MB goal, 0 MB stacks, 0 MB globals, 12 P
gc 2 @0.299s 1%: 0.025+10+0.017 ms clock, 0.30+0.27/27/44+0.20 ms cpu, 65->73->44 MB, 69 MB goal, 0 MB stacks, 0 MB globals, 12 P
gc 3 @0.373s 1%: 0.032+4.1+0.016 ms clock, 0.39+0.42/10/18+0.20 ms cpu, 76->77->18 MB, 90 MB goal, 0 MB stacks, 0 MB globals, 12 P
gc 4 @0.428s 1%: 0.031+4.5+0.019 ms clock, 0.37+0.25/12/28+0.23 ms cpu, 32->32->25 MB, 37 MB goal, 0 MB stacks, 0 MB globals, 12 P
gc 5 @0.502s 1%: 0.030+6.7+0.020 ms clock, 0.36+0.11/16/40+0.24 ms cpu, 43->44->33 MB, 51 MB goal, 0 MB stacks, 0 MB globals, 12 P
gc 6 @0.594s 1%: 0.029+7.8+0.019 ms clock, 0.35+0.11/21/52+0.23 ms cpu, 57->58->41 MB, 67 MB goal, 0 MB stacks, 0 MB globals, 12 P
gc 7 @0.780s 1%: 0.028+10+0.017 ms clock, 0.34+0.13/28/66+0.21 ms cpu, 71->72->49 MB, 83 MB goal, 0 MB stacks, 0 MB globals, 12 P
gc 8 @0.939s 1%: 0.066+17+0.056 ms clock, 0.79+1.5/52/86+0.67 ms cpu, 93->96->65 MB, 99 MB goal, 0 MB stacks, 0 MB globals, 12 P
gc 9 @1.153s 1%: 0.095+26+0.063 ms clock, 1.1+0.52/77/120+0.76 ms cpu, 122->127->78 MB, 131 MB goal, 0 MB stacks, 0 MB globals, 12 P
gc 10 @1.408s 2%: 0.073+28+0.035 ms clock, 0.87+0.90/80/125+0.42 ms cpu, 144->150->89 MB, 156 MB goal, 0 MB stacks, 0 MB globals, 12 P
gc 11 @1.719s 2%: 0.042+23+0.006 ms clock, 0.51+0.16/65/144+0.079 ms cpu, 166->168->104 MB, 180 MB goal, 0 MB stacks, 0 MB globals, 12 P
gc 40 @2.303s 0%: 0.064+1.9+0.013 ms clock, 0.77+0.092/3.7/1.6+0.16 ms cpu, 6->7->3 MB, 7 MB goal, 0 MB stacks, 0 MB globals, 12 P
gc 41 @2.409s 0%: 0.056+1.0+0.005 ms clock, 0.68+0.13/2.3/2.2+0.064 ms cpu, 6->6->3 MB, 7 MB goal, 0 MB stacks, 0 MB globals, 12 P
gc 42 @2.463s 0%: 0.12+3.4+0.013 ms clock, 1.4+1.5/5.8/0.11+0.15 ms cpu, 6->7->4 MB, 7 MB goal, 0 MB stacks, 0 MB globals, 12 P
gc 43 @2.554s 0%: 0.11+1.9+0.008 ms clock, 1.4+0.20/4.4/0+0.099 ms cpu, 7->7->3 MB, 8 MB goal, 0 MB stacks, 0 MB globals, 12 P
gc 44 @2.709s 0%: 0.062+9.5+0.057 ms clock, 0.74+0.13/4.3/0+0.69 ms cpu, 6->6->3 MB, 7 MB goal, 0 MB stacks, 0 MB globals, 12 P
# crypto/internal/nistec/fiat
gc 1 @0.358s 0%: 0.046+23+0.19 ms clock, 0.55+0.43/38/8.8+2.3 ms cpu, 61->69->20 MB, 64 MB goal, 0 MB stacks, 0 MB globals, 12 P
gc 45 @2.984s 0%: 0.075+1.0+0.006 ms clock, 0.90+0.15/2.6/2.4+0.078 ms cpu, 6->6->3 MB, 7 MB goal, 0 MB stacks, 0 MB globals, 12 P
# syscall
gc 1 @0.339s 1%: 4.0+36+0.043 ms clock, 48+0/28/36+0.51 ms cpu, 61->64->18 MB, 64 MB goal, 0 MB stacks, 0 MB globals, 12 P
gc 46 @3.124s 0%: 0.044+1.2+0.008 ms clock, 0.53+0/3.0/1.8+0.096 ms cpu, 6->6->3 MB, 7 MB goal, 0 MB stacks, 0 MB globals, 12 P
# time
gc 1 @0.247s 0%: 0.075+10+0.042 ms clock, 0.90+0.64/19/6.2+0.50 ms cpu, 61->63->20 MB, 64 MB goal, 0 MB stacks, 0 MB globals, 12 P
gc 47 @3.389s 0%: 0.043+1.7+0.045 ms clock, 0.52+0.35/2.7/3.7+0.54 ms cpu, 6->6->3 MB, 7 MB goal, 0 MB stacks, 0 MB globals, 12 P
# reflect
gc 1 @0.381s 0%: 0.033+8.5+0.046 ms clock, 0.40+0.19/21/14+0.55 ms cpu, 61->65->21 MB, 64 MB goal, 0 MB stacks, 0 MB globals, 12 P
gc 2 @0.490s 1%: 0.097+12+0.032 ms clock, 1.1+6.4/36/15+0.38 ms cpu, 56->59->30 MB, 63 MB goal, 0 MB stacks, 0 MB globals, 12 P
gc 3 @0.560s 1%: 0.12+9.3+0.040 ms clock, 1.5+0.44/26/28+0.48 ms cpu, 52->54->33 MB, 61 MB goal, 0 MB stacks, 0 MB globals, 12 P
gc 48 @3.511s 0%: 0.073+0.90+0.009 ms clock, 0.88+2.5/2.3/1.1+0.11 ms cpu, 7->7->3 MB, 7 MB goal, 0 MB stacks, 0 MB globals, 12 P
gc 49 @3.572s 0%: 0.044+1.7+0.009 ms clock, 0.53+0.16/4.7/0.45+0.11 ms cpu, 6->6->3 MB, 7 MB goal, 0 MB stacks, 0 MB globals, 12 P
gc 50 @3.622s 0%: 3.8+9.9+0.025 ms clock, 45+0.18/8.5/0.21+0.30 ms cpu, 6->6->3 MB, 7 MB goal, 0 MB stacks, 0 MB globals, 12 P
# crypto/sha1
gc 1 @0.012s 0%: 0.028+0.46+0.017 ms clock, 0.33+0.15/0.71/0+0.21 ms cpu, 3->3->0 MB, 4 MB goal, 0 MB stacks, 0 MB globals, 12 P
# crypto/sha1
gc 1 @0.008s 1%: 0.036+2.0+0.014 ms clock, 0.43+0.64/0.52/0+0.17 ms cpu, 3->4->1 MB, 4 MB goal, 0 MB stacks, 0 MB globals, 12 P
# crypto/sha256
gc 1 @0.012s 0%: 0.040+2.2+0.007 ms clock, 0.48+0.62/0/0+0.093 ms cpu, 3->4->0 MB, 4 MB goal, 0 MB stacks, 0 MB globals, 12 P
# crypto/sha256
gc 1 @0.007s 1%: 0.034+0.69+0.016 ms clock, 0.41+0.088/0.95/0+0.19 ms cpu, 3->3->1 MB, 4 MB goal, 0 MB stacks, 0 MB globals, 12 P
gc 51 @3.724s 0%: 0.088+1.9+0.009 ms clock, 1.0+1.4/3.5/1.8+0.10 ms cpu, 6->8->4 MB, 8 MB goal, 0 MB stacks, 0 MB globals, 12 P
# crypto/sha512
gc 1 @0.009s 1%: 0.018+1.3+0.023 ms clock, 0.22+0.070/0.85/0.090+0.28 ms cpu, 3->4->1 MB, 4 MB goal, 0 MB stacks, 0 MB globals, 12 P
gc 52 @3.897s 0%: 0.044+1.0+0.015 ms clock, 0.52+0.18/2.6/3.3+0.18 ms cpu, 8->8->3 MB, 9 MB goal, 0 MB stacks, 0 MB globals, 12 P
# vendor/golang.org/x/crypto/chacha20poly1305
gc 1 @0.015s 1%: 0.022+0.90+0.025 ms clock, 0.26+0.15/1.7/0+0.30 ms cpu, 3->3->1 MB, 4 MB goal, 0 MB stacks, 0 MB globals, 12 P
gc 53 @3.958s 0%: 0.29+5.6+0.016 ms clock, 3.5+1.0/5.9/0.25+0.19 ms cpu, 6->7->4 MB, 7 MB goal, 0 MB stacks, 0 MB globals, 12 P
gc 54 @4.191s 0%: 0.043+2.7+0.034 ms clock, 0.51+0.065/4.7/2.0+0.41 ms cpu, 7->7->3 MB, 9 MB goal, 0 MB stacks, 0 MB globals, 12 P
# encoding/json
gc 1 @0.289s 1%: 3.7+23+0.13 ms clock, 44+0/29/0.71+1.6 ms cpu, 61->63->20 MB, 64 MB goal, 0 MB stacks, 0 MB globals, 12 P
# vendor/golang.org/x/text/unicode/norm
gc 1 @0.303s 0%: 0.028+9.0+0.027 ms clock, 0.34+0.22/20/13+0.32 ms cpu, 61->61->17 MB, 64 MB goal, 0 MB stacks, 0 MB globals, 12 P
# internal/profile
gc 1 @0.288s 0%: 0.061+9.2+0.024 ms clock, 0.74+0.14/25/3.1+0.29 ms cpu, 61->61->17 MB, 64 MB goal, 0 MB stacks, 0 MB globals, 12 P
# math/big
gc 1 @0.359s 0%: 0.082+23+0.93 ms clock, 0.99+0.28/29/10+11 ms cpu, 61->63->19 MB, 64 MB goal, 0 MB stacks, 0 MB globals, 12 P
gc 55 @4.536s 0%: 0.10+9.1+0.034 ms clock, 1.2+0.57/7.5/0+0.40 ms cpu, 6->7->3 MB, 7 MB goal, 0 MB stacks, 0 MB globals, 12 P
# vendor/golang.org/x/net/idna
gc 1 @0.253s 0%: 0.051+4.2+0.030 ms clock, 0.61+0.21/10/10+0.36 ms cpu, 61->61->17 MB, 64 MB goal, 0 MB stacks, 0 MB globals, 12 P
gc 56 @4.837s 0%: 0.038+1.1+0.006 ms clock, 0.45+0.19/2.4/3.2+0.082 ms cpu, 6->6->3 MB, 8 MB goal, 0 MB stacks, 0 MB globals, 12 P
# net
gc 1 @0.274s 0%: 0.046+2.4+0.009 ms clock, 0.56+0/0.49/0+0.11 ms cpu, 3->3->0 MB, 4 MB goal, 0 MB stacks, 0 MB globals, 12 P
# net
gc 1 @0.160s 0%: 0.041+3.2+0.014 ms clock, 0.50+0.42/8.1/17+0.17 ms cpu, 61->61->17 MB, 64 MB goal, 0 MB stacks, 0 MB globals, 12 P
gc 2 @0.309s 0%: 0.097+7.1+0.036 ms clock, 1.1+0.42/20/31+0.43 ms cpu, 61->62->31 MB, 63 MB goal, 0 MB stacks, 0 MB globals, 12 P
gc 3 @0.397s 1%: 0.075+9.3+0.040 ms clock, 0.90+0.26/26/38+0.48 ms cpu, 59->61->36 MB, 63 MB goal, 0 MB stacks, 0 MB globals, 12 P
gc 4 @0.488s 1%: 0.082+10+0.050 ms clock, 0.99+0.058/28/41+0.60 ms cpu, 67->70->41 MB, 73 MB goal, 0 MB stacks, 0 MB globals, 12 P
gc 57 @5.511s 0%: 0.37+1.1+0.009 ms clock, 4.5+0.18/2.9/2.9+0.11 ms cpu, 6->6->3 MB, 7 MB goal, 0 MB stacks, 0 MB globals, 12 P
# crypto/x509
gc 1 @0.202s 0%: 0.053+4.7+0.049 ms clock, 0.63+0.39/13/16+0.59 ms cpu, 61->62->20 MB, 64 MB goal, 0 MB stacks, 0 MB globals, 12 P
# crypto/tls
gc 1 @0.157s 0%: 0.094+3.2+0.014 ms clock, 1.1+0.44/8.9/18+0.17 ms cpu, 61->61->18 MB, 64 MB goal, 0 MB stacks, 0 MB globals, 12 P
gc 2 @0.314s 0%: 0.089+7.9+0.051 ms clock, 1.0+0.64/21/32+0.62 ms cpu, 61->63->33 MB, 63 MB goal, 0 MB stacks, 0 MB globals, 12 P
gc 3 @0.400s 1%: 0.073+9.4+0.037 ms clock, 0.88+0.10/27/39+0.45 ms cpu, 60->63->38 MB, 67 MB goal, 0 MB stacks, 0 MB globals, 12 P
gc 4 @0.494s 1%: 0.11+10+0.033 ms clock, 1.3+0.46/30/47+0.40 ms cpu, 70->73->44 MB, 77 MB goal, 0 MB stacks, 0 MB globals, 12 P
# net/http
gc 1 @0.151s 0%: 0.10+1.3+0.015 ms clock, 1.2+0.24/3.0/5.0+0.18 ms cpu, 61->61->8 MB, 64 MB goal, 0 MB stacks, 0 MB globals, 12 P
gc 2 @0.304s 0%: 0.030+6.5+0.017 ms clock, 0.36+0.58/15/30+0.21 ms cpu, 60->61->31 MB, 63 MB goal, 0 MB stacks, 0 MB globals, 12 P
gc 3 @0.440s 0%: 0.033+8.1+0.015 ms clock, 0.39+0.36/21/51+0.18 ms cpu, 59->59->42 MB, 63 MB goal, 0 MB stacks, 0 MB globals, 12 P
gc 4 @0.567s 1%: 0.084+13+0.034 ms clock, 1.0+0.22/37/67+0.41 ms cpu, 79->82->55 MB, 85 MB goal, 0 MB stacks, 0 MB globals, 12 P
gc 5 @0.743s 1%: 0.067+16+0.035 ms clock, 0.80+0.22/46/72+0.43 ms cpu, 103->106->64 MB, 110 MB goal, 0 MB stacks, 0 MB globals, 12 P
gc 6 @0.936s 1%: 0.070+19+0.029 ms clock, 0.84+0.12/55/83+0.35 ms cpu, 120->125->74 MB, 128 MB goal, 0 MB stacks, 0 MB globals, 12 P
gc 58 @7.593s 0%: 0.030+1.2+0.005 ms clock, 0.36+0.13/2.1/3.0+0.070 ms cpu, 6->6->3 MB, 7 MB goal, 0 MB stacks, 0 MB globals, 12 P
# github.com/353words/gc-latency/httpd
gc 1 @0.001s 6%: 0.028+1.9+0.008 ms clock, 0.34+0.051/2.7/0.027+0.10 ms cpu, 6->8->6 MB, 6 MB goal, 0 MB stacks, 0 MB globals, 12 P
gc 2 @0.009s 4%: 0.018+1.1+0.016 ms clock, 0.22+0.13/2.0/0.95+0.19 ms cpu, 15->15->13 MB, 15 MB goal, 0 MB stacks, 0 MB globals, 12 P
gc 3 @0.103s 0%: 0.036+2.1+0.019 ms clock, 0.44+0/3.1/0.001+0.23 ms cpu, 26->26->13 MB, 27 MB goal, 0 MB stacks, 0 MB globals, 12 P
gc 1 @0.002s 8%: 0.028+1.9+0.019 ms clock, 0.34+0.060/4.2/1.8+0.23 ms cpu, 23->23->23 MB, 23 MB goal, 0 MB stacks, 0 MB globals, 12 P
gc 2 @0.182s 0%: 0.016+4.3+0.017 ms clock, 0.19+0.28/10/13+0.20 ms cpu, 45->45->38 MB, 46 MB goal, 0 MB stacks, 0 MB globals, 12 P
gc 3 @1.066s 0%: 0.85+4.7+0.017 ms clock, 10+28/12/1.0+0.21 ms cpu, 80->90->50 MB, 90 MB goal, 0 MB stacks, 0 MB globals, 12 P
gc 4 @1.084s 0%: 0.23+4.8+0.016 ms clock, 2.7+24/13/3.6+0.19 ms cpu, 105->107->43 MB, 107 MB goal, 0 MB stacks, 0 MB globals, 12 P
gc 5 @1.093s 1%: 1.4+4.9+0.012 ms clock, 17+18/12/6.6+0.15 ms cpu, 87->87->48 MB, 87 MB goal, 0 MB stacks, 0 MB globals, 12 P
gc 6 @1.105s 1%: 1.6+4.9+0.016 ms clock, 19+26/10/1.8+0.19 ms cpu, 98->98->50 MB, 98 MB goal, 0 MB stacks, 0 MB globals, 12 P
gc 7 @1.115s 1%: 1.0+4.8+0.041 ms clock, 12+26/12/0.19+0.49 ms cpu, 99->100->48 MB, 100 MB goal, 0 MB stacks, 0 MB globals, 12 P
gc 8 @1.125s 2%: 0.78+4.2+0.012 ms clock, 9.3+27/11/0+0.15 ms cpu, 93->96->44 MB, 96 MB goal, 0 MB stacks, 0 MB globals, 12 P
gc 9 @1.134s 2%: 0.27+5.5+0.037 ms clock, 3.2+23/12/2.1+0.44 ms cpu, 90->98->55 MB, 90 MB goal, 0 MB stacks, 0 MB globals, 12 P
gc 10 @1.142s 2%: 0.84+6.8+0.012 ms clock, 10+21/17/0.19+0.15 ms cpu, 95->121->71 MB, 110 MB goal, 0 MB stacks, 0 MB globals, 12 P
gc 11 @1.155s 3%: 0.32+5.1+0.057 ms clock, 3.9+21/12/4.0+0.69 ms cpu, 122->152->76 MB, 142 MB goal, 0 MB stacks, 0 MB globals, 12 P
gc 12 @1.165s 3%: 0.22+8.7+0.049 ms clock, 2.6+19/15/3.1+0.59 ms cpu, 136->166->73 MB, 152 MB goal, 0 MB stacks, 0 MB globals, 12 P
gc 13 @1.178s 3%: 0.39+11+0.83 ms clock, 4.7+21/16/0.64+10 ms cpu, 125->164->81 MB, 146 MB goal, 0 MB stacks, 0 MB globals, 12 P
gc 14 @1.197s 3%: 0.44+9.3+0.031 ms clock, 5.3+24/14/0.37+0.37 ms cpu, 140->173->80 MB, 162 MB goal, 0 MB stacks, 0 MB globals, 12 P
gc 15 @1.212s 4%: 0.20+5.4+0.013 ms clock, 2.4+21/14/0+0.16 ms cpu, 138->182->87 MB, 160 MB goal, 0 MB stacks, 0 MB globals, 12 P
gc 16 @1.224s 4%: 0.28+4.7+0.014 ms clock, 3.4+22/11/0+0.17 ms cpu, 152->175->68 MB, 174 MB goal, 0 MB stacks, 0 MB globals, 12 P
gc 17 @1.233s 4%: 0.26+4.5+0.060 ms clock, 3.1+20/10/0+0.72 ms cpu, 118->150->74 MB, 136 MB goal, 0 MB stacks, 0 MB globals, 12 P
gc 18 @1.243s 4%: 0.25+4.5+0.064 ms clock, 3.1+19/9.5/0.35+0.76 ms cpu, 129->161->80 MB, 148 MB goal, 0 MB stacks, 0 MB globals, 12 P
gc 19 @1.253s 5%: 0.44+6.2+0.17 ms clock, 5.3+20/11/0+2.1 ms cpu, 139->175->83 MB, 160 MB goal, 0 MB stacks, 0 MB globals, 12 P
gc 20 @1.265s 5%: 0.56+4.5+0.42 ms clock, 6.7+16/10/3.3+5.0 ms cpu, 143->177->76 MB, 166 MB goal, 0 MB stacks, 0 MB globals, 12 P
gc 21 @1.276s 5%: 0.23+4.1+0.058 ms clock, 2.7+20/10/0.16+0.69 ms cpu, 130->152->68 MB, 152 MB goal, 0 MB stacks, 0 MB globals, 12 P
gc 22 @1.284s 5%: 0.24+7.6+0.038 ms clock, 2.8+17/12/0.69+0.45 ms cpu, 120->145->68 MB, 136 MB goal, 0 MB stacks, 0 MB globals, 12 P
gc 23 @1.297s 5%: 0.38+4.2+0.030 ms clock, 4.5+20/10/0+0.37 ms cpu, 116->137->66 MB, 136 MB goal, 0 MB stacks, 0 MB globals, 12 P
gc 24 @1.305s 5%: 0.41+4.3+0.077 ms clock, 5.0+21/9.5/0.55+0.93 ms cpu, 113->143->76 MB, 132 MB goal, 0 MB stacks, 0 MB globals, 12 P
gc 25 @1.315s 6%: 0.16+7.9+0.20 ms clock, 2.0+17/10/2.3+2.4 ms cpu, 137->160->70 MB, 152 MB goal, 0 MB stacks, 0 MB globals, 12 P
gc 26 @1.328s 6%: 0.52+5.0+0.11 ms clock, 6.2+19/11/0.35+1.3 ms cpu, 122->157->78 MB, 140 MB goal, 0 MB stacks, 0 MB globals, 12 P
gc 27 @1.338s 6%: 0.45+7.1+0.051 ms clock, 5.5+19/12/0+0.61 ms cpu, 134->172->84 MB, 156 MB goal, 0 MB stacks, 0 MB globals, 12 P
gc 28 @1.352s 6%: 0.39+7.0+0.22 ms clock, 4.7+18/11/0.50+2.6 ms cpu, 146->182->82 MB, 168 MB goal, 0 MB stacks, 0 MB globals, 12 P
gc 29 @1.365s 6%: 0.34+4.9+0.068 ms clock, 4.1+20/12/0.17+0.82 ms cpu, 144->177->80 MB, 164 MB goal, 0 MB stacks, 0 MB globals, 12 P
gc 30 @1.375s 6%: 0.56+5.3+0.011 ms clock, 6.7+17/13/0.14+0.13 ms cpu, 138->174->81 MB, 160 MB goal, 0 MB stacks, 0 MB globals, 12 P
gc 31 @1.387s 7%: 0.26+5.2+0.026 ms clock, 3.1+16/11/0.26+0.31 ms cpu, 141->176->77 MB, 162 MB goal, 0 MB stacks, 0 MB globals, 12 P
gc 32 @1.397s 7%: 0.29+5.1+0.052 ms clock, 3.5+19/11/0.70+0.63 ms cpu, 134->166->78 MB, 154 MB goal, 0 MB stacks, 0 MB globals, 12 P
gc 33 @1.407s 7%: 0.23+4.0+0.009 ms clock, 2.8+16/10/1.5+0.11 ms cpu, 135->154->62 MB, 156 MB goal, 0 MB stacks, 0 MB globals, 12 P
gc 34 @1.415s 7%: 0.35+4.9+0.014 ms clock, 4.3+18/11/2.2+0.17 ms cpu, 108->134->73 MB, 124 MB goal, 0 MB stacks, 0 MB globals, 12 P
gc 35 @1.425s 7%: 0.34+6.9+0.039 ms clock, 4.1+19/9.3/0.12+0.47 ms cpu, 128->166->82 MB, 146 MB goal, 0 MB stacks, 0 MB globals, 12 P
gc 36 @1.438s 7%: 0.25+8.5+0.067 ms clock, 3.0+20/10/0.15+0.81 ms cpu, 141->180->80 MB, 164 MB goal, 0 MB stacks, 0 MB globals, 12 P
gc 37 @1.452s 8%: 0.56+5.2+0.090 ms clock, 6.8+22/12/0+1.0 ms cpu, 137->173->84 MB, 160 MB goal, 0 MB stacks, 0 MB globals, 12 P
gc 38 @1.464s 8%: 0.33+5.1+0.011 ms clock, 4.0+19/11/0+0.14 ms cpu, 145->189->90 MB, 168 MB goal, 0 MB stacks, 0 MB globals, 12 P
gc 39 @1.475s 8%: 0.39+5.0+0.61 ms clock, 4.7+17/11/0.79+7.3 ms cpu, 155->202->94 MB, 180 MB goal, 0 MB stacks, 0 MB globals, 12 P
gc 40 @1.487s 8%: 0.47+6.5+0.032 ms clock, 5.7+16/12/0.18+0.39 ms cpu, 166->204->87 MB, 188 MB goal, 0 MB stacks, 0 MB globals, 12 P
gc 41 @1.500s 8%: 0.60+5.0+0.010 ms clock, 7.2+19/11/0.17+0.12 ms cpu, 150->187->82 MB, 174 MB goal, 0 MB stacks, 0 MB globals, 12 P
gc 42 @1.510s 8%: 0.50+4.7+0.066 ms clock, 6.0+19/11/0.15+0.80 ms cpu, 141->175->77 MB, 164 MB goal, 0 MB stacks, 0 MB globals, 12 P
gc 43 @1.521s 8%: 0.33+5.2+0.008 ms clock, 3.9+13/13/0.29+0.10 ms cpu, 133->165->76 MB, 154 MB goal, 0 MB stacks, 0 MB globals, 12 P
gc 44 @1.530s 8%: 0.45+5.0+0.011 ms clock, 5.5+15/12/0+0.14 ms cpu, 130->163->81 MB, 152 MB goal, 0 MB stacks, 0 MB globals, 12 P
gc 45 @1.541s 9%: 0.37+5.0+0.060 ms clock, 4.4+17/11/1.4+0.72 ms cpu, 140->175->81 MB, 162 MB goal, 0 MB stacks, 0 MB globals, 12 P
gc 46 @1.552s 9%: 0.35+4.2+0.010 ms clock, 4.2+18/11/0+0.12 ms cpu, 139->162->65 MB, 162 MB goal, 0 MB stacks, 0 MB globals, 12 P
gc 47 @1.561s 9%: 0.26+4.1+0.009 ms clock, 3.2+22/11/0+0.11 ms cpu, 123->129->59 MB, 130 MB goal, 0 MB stacks, 0 MB globals, 12 P
gc 48 @1.569s 9%: 0.30+4.1+0.42 ms clock, 3.6+19/8.8/0.17+5.1 ms cpu, 105->128->68 MB, 118 MB goal, 0 MB stacks, 0 MB globals, 12 P
gc 49 @1.579s 9%: 0.41+8.8+0.044 ms clock, 5.0+20/9.1/0+0.53 ms cpu, 118->145->71 MB, 136 MB goal, 0 MB stacks, 0 MB globals, 12 P
gc 50 @1.593s 9%: 0.56+3.9+0.025 ms clock, 6.8+19/9.3/0.18+0.31 ms cpu, 124->145->66 MB, 142 MB goal, 0 MB stacks, 0 MB globals, 12 P
gc 51 @1.602s 9%: 0.21+4.0+0.010 ms clock, 2.6+19/11/0+0.12 ms cpu, 116->132->61 MB, 132 MB goal, 0 MB stacks, 0 MB globals, 12 P
gc 52 @1.610s 10%: 0.17+5.1+0.84 ms clock, 2.1+16/10/2.3+10 ms cpu, 108->138->71 MB, 122 MB goal, 0 MB stacks, 0 MB globals, 12 P
gc 53 @1.621s 10%: 0.28+7.7+0.046 ms clock, 3.4+19/11/0+0.55 ms cpu, 122->156->79 MB, 142 MB goal, 0 MB stacks, 0 MB globals, 12 P
gc 54 @1.634s 10%: 0.61+9.0+0.082 ms clock, 7.3+17/10/1.3+0.99 ms cpu, 136->172->84 MB, 158 MB goal, 0 MB stacks, 0 MB globals, 12 P
gc 55 @1.650s 10%: 0.45+6.4+0.40 ms clock, 5.4+18/10/0.42+4.8 ms cpu, 147->180->77 MB, 168 MB goal, 0 MB stacks, 0 MB globals, 12 P
gc 56 @1.662s 10%: 0.35+5.0+0.011 ms clock, 4.3+21/10/0+0.13 ms cpu, 134->175->88 MB, 154 MB goal, 0 MB stacks, 0 MB globals, 12 P
gc 57 @1.673s 10%: 0.17+4.4+0.022 ms clock, 2.1+17/11/0.29+0.26 ms cpu, 152->176->72 MB, 176 MB goal, 0 MB stacks, 0 MB globals, 12 P
gc 58 @1.682s 10%: 0.50+5.0+0.077 ms clock, 6.0+15/10/3.2+0.93 ms cpu, 125->160->77 MB, 144 MB goal, 0 MB stacks, 0 MB globals, 12 P
gc 59 @1.693s 10%: 0.55+4.7+0.081 ms clock, 6.6+23/10/0+0.97 ms cpu, 135->169->81 MB, 154 MB goal, 0 MB stacks, 0 MB globals, 12 P
gc 60 @1.704s 10%: 0.41+4.8+0.089 ms clock, 4.9+20/10/0.16+1.0 ms cpu, 140->174->77 MB, 162 MB goal, 0 MB stacks, 0 MB globals, 12 P
gc 61 @1.714s 10%: 0.35+5.1+0.068 ms clock, 4.3+16/12/0+0.82 ms cpu, 133->170->84 MB, 154 MB goal, 0 MB stacks, 0 MB globals, 12 P
gc 62 @1.725s 11%: 0.25+6.5+0.11 ms clock, 3.1+15/12/0.93+1.4 ms cpu, 144->182->84 MB, 168 MB goal, 0 MB stacks, 0 MB globals, 12 P
gc 63 @1.737s 11%: 0.33+6.3+0.25 ms clock, 3.9+17/12/0+3.0 ms cpu, 144->186->84 MB, 168 MB goal, 0 MB stacks, 0 MB globals, 12 P
gc 64 @1.749s 11%: 0.28+5.3+0.035 ms clock, 3.4+17/12/1.7+0.42 ms cpu, 145->184->81 MB, 168 MB goal, 0 MB stacks, 0 MB globals, 12 P
gc 65 @1.760s 11%: 0.44+5.0+0.069 ms clock, 5.3+19/10/0+0.83 ms cpu, 139->178->81 MB, 162 MB goal, 0 MB stacks, 0 MB globals, 12 P
gc 66 @1.771s 11%: 0.39+5.0+0.010 ms clock, 4.7+18/11/0+0.12 ms cpu, 143->179->83 MB, 162 MB goal, 0 MB stacks, 0 MB globals, 12 P
gc 67 @1.782s 11%: 0.38+5.3+0.070 ms clock, 4.6+17/12/0.17+0.84 ms cpu, 143->181->86 MB, 166 MB goal, 0 MB stacks, 0 MB globals, 12 P
gc 68 @1.793s 11%: 0.48+5.0+0.067 ms clock, 5.8+20/12/0+0.81 ms cpu, 149->185->80 MB, 172 MB goal, 0 MB stacks, 0 MB globals, 12 P
gc 69 @1.804s 11%: 0.43+5.0+0.035 ms clock, 5.2+18/11/0.14+0.42 ms cpu, 137->172->77 MB, 160 MB goal, 0 MB stacks, 0 MB globals, 12 P
gc 70 @1.814s 11%: 0.22+5.0+0.034 ms clock, 2.6+17/13/2.4+0.41 ms cpu, 136->168->79 MB, 154 MB goal, 0 MB stacks, 0 MB globals, 12 P
gc 71 @1.825s 11%: 0.28+5.5+0.074 ms clock, 3.3+18/11/0.99+0.89 ms cpu, 137->176->87 MB, 158 MB goal, 0 MB stacks, 0 MB globals, 12 P
gc 72 @1.837s 11%: 0.30+4.1+0.12 ms clock, 3.7+19/9.7/0.72+1.4 ms cpu, 158->182->72 MB, 174 MB goal, 0 MB stacks, 0 MB globals, 12 P
gc 73 @1.847s 12%: 0.24+5.2+0.11 ms clock, 2.9+15/12/0+1.3 ms cpu, 130->160->77 MB, 144 MB goal, 0 MB stacks, 0 MB globals, 12 P
gc 74 @1.857s 12%: 0.49+4.3+0.084 ms clock, 5.9+19/10/0.31+1.0 ms cpu, 133->160->72 MB, 154 MB goal, 0 MB stacks, 0 MB globals, 12 P
gc 75 @1.867s 12%: 0.31+4.8+0.062 ms clock, 3.7+20/12/0.20+0.74 ms cpu, 127->158->77 MB, 144 MB goal, 0 MB stacks, 0 MB globals, 12 P
gc 76 @1.877s 12%: 0.51+6.3+0.13 ms clock, 6.1+16/12/0.15+1.5 ms cpu, 135->169->81 MB, 154 MB goal, 0 MB stacks, 0 MB globals, 12 P
gc 77 @1.890s 12%: 0.26+6.8+0.11 ms clock, 3.2+19/10/0.67+1.4 ms cpu, 139->177->86 MB, 162 MB goal, 0 MB stacks, 0 MB globals, 12 P
gc 78 @1.902s 12%: 0.35+7.1+0.16 ms clock, 4.2+19/12/0.36+1.9 ms cpu, 147->188->83 MB, 173 MB goal, 0 MB stacks, 0 MB globals, 12 P
gc 79 @1.915s 12%: 0.43+4.9+0.051 ms clock, 5.2+20/11/0+0.62 ms cpu, 145->178->78 MB, 167 MB goal, 0 MB stacks, 0 MB globals, 12 P
gc 80 @1.926s 12%: 0.39+4.7+0.067 ms clock, 4.7+18/11/0+0.81 ms cpu, 136->167->80 MB, 157 MB goal, 0 MB stacks, 0 MB globals, 12 P
gc 81 @1.936s 12%: 0.52+5.9+0.11 ms clock, 6.3+20/11/0+1.3 ms cpu, 138->177->83 MB, 160 MB goal, 0 MB stacks, 0 MB globals, 12 P
gc 82 @1.948s 12%: 0.29+5.2+0.077 ms clock, 3.5+20/11/0+0.93 ms cpu, 143->183->88 MB, 167 MB goal, 0 MB stacks, 0 MB globals, 12 P
gc 83 @1.959s 12%: 0.60+5.6+0.37 ms clock, 7.3+17/11/1.4+4.4 ms cpu, 151->190->84 MB, 176 MB goal, 0 MB stacks, 0 MB globals, 12 P
gc 84 @1.971s 13%: 0.45+4.8+0.11 ms clock, 5.5+19/11/0+1.4 ms cpu, 144->183->82 MB, 169 MB goal, 0 MB stacks, 0 MB globals, 12 P
gc 85 @1.982s 13%: 0.40+4.3+0.11 ms clock, 4.8+16/10/2.8+1.4 ms cpu, 140->172->74 MB, 164 MB goal, 0 MB stacks, 0 MB globals, 12 P
gc 86 @1.991s 13%: 0.26+4.5+0.10 ms clock, 3.1+19/10/0.32+1.2 ms cpu, 131->166->83 MB, 148 MB goal, 0 MB stacks, 0 MB globals, 12 P
gc 87 @2.002s 13%: 0.49+5.1+0.51 ms clock, 5.9+17/11/1.3+6.1 ms cpu, 148->184->86 MB, 166 MB goal, 0 MB stacks, 0 MB globals, 12 P
gc 88 @2.014s 13%: 0.53+5.6+0.073 ms clock, 6.4+16/12/1.8+0.87 ms cpu, 148->185->85 MB, 172 MB goal, 0 MB stacks, 0 MB globals, 12 P
gc 89 @2.025s 13%: 0.34+6.0+0.13 ms clock, 4.0+18/11/0+1.5 ms cpu, 146->189->88 MB, 171 MB goal, 0 MB stacks, 0 MB globals, 12 P
gc 90 @2.038s 13%: 0.37+5.3+0.14 ms clock, 4.4+17/12/1.2+1.7 ms cpu, 153->191->86 MB, 177 MB goal, 0 MB stacks, 0 MB globals, 12 P
gc 91 @2.049s 13%: 0.36+5.6+0.022 ms clock, 4.3+17/12/1.6+0.27 ms cpu, 148->188->89 MB, 172 MB goal, 0 MB stacks, 0 MB globals, 12 P
gc 92 @2.061s 13%: 0.29+5.5+0.026 ms clock, 3.5+17/12/0.20+0.32 ms cpu, 155->193->84 MB, 179 MB goal, 0 MB stacks, 0 MB globals, 12 P
gc 93 @2.072s 13%: 0.54+4.9+0.11 ms clock, 6.5+23/11/0+1.3 ms cpu, 148->182->81 MB, 168 MB goal, 0 MB stacks, 0 MB globals, 12 P
gc 94 @2.083s 13%: 0.36+4.6+0.060 ms clock, 4.4+16/11/0.54+0.72 ms cpu, 140->162->70 MB, 162 MB goal, 0 MB stacks, 0 MB globals, 12 P
gc 95 @2.092s 13%: 0.36+4.5+0.11 ms clock, 4.3+19/10/0+1.3 ms cpu, 123->156->79 MB, 141 MB goal, 0 MB stacks, 0 MB globals, 12 P
gc 96 @2.102s 13%: 0.33+4.7+0.050 ms clock, 4.0+16/11/1.1+0.60 ms cpu, 135->170->84 MB, 158 MB goal, 0 MB stacks, 0 MB globals, 12 P
gc 97 @2.112s 14%: 0.43+5.1+0.18 ms clock, 5.2+16/12/0+2.2 ms cpu, 144->183->84 MB, 168 MB goal, 0 MB stacks, 0 MB globals, 12 P
gc 98 @2.123s 14%: 0.50+4.8+0.069 ms clock, 6.0+19/11/0+0.83 ms cpu, 144->183->83 MB, 168 MB goal, 0 MB stacks, 0 MB globals, 12 P
gc 99 @2.134s 14%: 0.30+5.0+0.055 ms clock, 3.6+18/11/0.99+0.67 ms cpu, 144->182->86 MB, 166 MB goal, 0 MB stacks, 0 MB globals, 12 P
gc 100 @2.145s 14%: 0.45+5.6+0.031 ms clock, 5.4+18/11/0.68+0.37 ms cpu, 148->184->84 MB, 173 MB goal, 0 MB stacks, 0 MB globals, 12 P
gc 101 @2.156s 14%: 0.44+4.4+0.045 ms clock, 5.2+22/11/0+0.54 ms cpu, 148->169->67 MB, 169 MB goal, 0 MB stacks, 0 MB globals, 12 P
gc 102 @2.165s 14%: 0.27+4.3+0.041 ms clock, 3.2+15/10/2.6+0.49 ms cpu, 115->135->64 MB, 134 MB goal, 0 MB stacks, 0 MB globals, 12 P
gc 103 @2.174s 14%: 0.58+4.3+0.069 ms clock, 7.0+20/10/0+0.83 ms cpu, 112->139->74 MB, 128 MB goal, 0 MB stacks, 0 MB globals, 12 P
gc 104 @2.183s 14%: 0.62+9.9+0.35 ms clock, 7.4+18/10/0.30+4.2 ms cpu, 127->172->95 MB, 148 MB goal, 0 MB stacks, 0 MB globals, 12 P
gc 105 @2.200s 14%: 0.42+9.5+0.041 ms clock, 5.1+13/14/2.0+0.49 ms cpu, 163->201->83 MB, 190 MB goal, 0 MB stacks, 0 MB globals, 12 P
gc 106 @2.216s 14%: 0.25+4.9+0.13 ms clock, 3.0+16/11/1.5+1.6 ms cpu, 145->184->86 MB, 166 MB goal, 0 MB stacks, 0 MB globals, 12 P
gc 107 @2.228s 14%: 0.33+4.5+0.055 ms clock, 4.0+16/10/2.6+0.67 ms cpu, 148->184->80 MB, 172 MB goal, 0 MB stacks, 0 MB globals, 12 P
gc 108 @2.238s 14%: 0.35+5.0+0.066 ms clock, 4.2+19/12/0+0.79 ms cpu, 146->180->81 MB, 160 MB goal, 0 MB stacks, 0 MB globals, 12 P
gc 109 @2.249s 14%: 0.38+4.9+0.012 ms clock, 4.6+23/10/0+0.14 ms cpu, 147->176->79 MB, 163 MB goal, 0 MB stacks, 0 MB globals, 12 P
gc 110 @2.259s 14%: 0.48+4.6+0.051 ms clock, 5.7+19/10/0.13+0.61 ms cpu, 136->169->81 MB, 158 MB goal, 0 MB stacks, 0 MB globals, 12 P
gc 111 @2.269s 14%: 0.29+4.2+0.046 ms clock, 3.5+19/11/0.13+0.55 ms cpu, 142->163->66 MB, 162 MB goal, 0 MB stacks, 0 MB globals, 12 P
gc 112 @2.278s 14%: 0.31+3.8+0.009 ms clock, 3.8+17/10/0+0.11 ms cpu, 118->130->57 MB, 133 MB goal, 0 MB stacks, 0 MB globals, 12 P
gc 113 @2.285s 15%: 1.2+9.9+0.48 ms clock, 15+17/11/0.82+5.8 ms cpu, 100->134->83 MB, 114 MB goal, 0 MB stacks, 0 MB globals, 12 P
gc 114 @2.302s 15%: 2.2+5.2+0.17 ms clock, 27+17/13/0+2.1 ms cpu, 144->167->70 MB, 166 MB goal, 0 MB stacks, 0 MB globals, 12 P
gc 115 @2.315s 15%: 0.23+4.1+0.078 ms clock, 2.8+18/9.9/1.2+0.94 ms cpu, 121->147->72 MB, 141 MB goal, 0 MB stacks, 0 MB globals, 12 P
gc 116 @2.324s 15%: 0.28+4.7+0.026 ms clock, 3.4+19/11/1.4+0.32 ms cpu, 127->157->79 MB, 144 MB goal, 0 MB stacks, 0 MB globals, 12 P
gc 117 @2.334s 15%: 0.47+6.6+0.067 ms clock, 5.6+19/10/0+0.80 ms cpu, 137->175->82 MB, 158 MB goal, 0 MB stacks, 0 MB globals, 12 P
gc 118 @2.347s 15%: 0.30+5.3+0.18 ms clock, 3.6+15/13/1.3+2.1 ms cpu, 141->177->83 MB, 164 MB goal, 0 MB stacks, 0 MB globals, 12 P
gc 119 @2.357s 15%: 0.44+4.3+0.027 ms clock, 5.3+22/12/0.16+0.32 ms cpu, 144->165->65 MB, 167 MB goal, 0 MB stacks, 0 MB globals, 12 P
gc 120 @2.366s 15%: 0.19+4.7+0.065 ms clock, 2.3+22/11/0+0.78 ms cpu, 115->143->73 MB, 130 MB goal, 0 MB stacks, 0 MB globals, 12 P
gc 121 @2.376s 15%: 0.42+4.8+0.067 ms clock, 5.0+16/12/1.3+0.81 ms cpu, 128->161->80 MB, 146 MB goal, 0 MB stacks, 0 MB globals, 12 P
gc 122 @2.387s 15%: 0.31+7.4+0.033 ms clock, 3.8+18/11/0.17+0.40 ms cpu, 142->178->83 MB, 161 MB goal, 0 MB stacks, 0 MB globals, 12 P
gc 123 @2.400s 15%: 0.40+6.8+0.010 ms clock, 4.8+15/13/3.8+0.12 ms cpu, 146->181->83 MB, 166 MB goal, 0 MB stacks, 0 MB globals, 12 P
gc 124 @2.413s 15%: 0.31+4.5+0.010 ms clock, 3.8+16/11/0.69+0.12 ms cpu, 144->165->68 MB, 166 MB goal, 0 MB stacks, 0 MB globals, 12 P
gc 125 @2.422s 15%: 0.28+3.9+0.033 ms clock, 3.4+20/9.3/0+0.40 ms cpu, 120->144->71 MB, 136 MB goal, 0 MB stacks, 0 MB globals, 12 P
gc 126 @2.431s 15%: 0.35+4.7+0.006 ms clock, 4.2+17/10/0+0.075 ms cpu, 124->152->75 MB, 142 MB goal, 0 MB stacks, 0 MB globals, 12 P
gc 127 @2.441s 15%: 0.56+4.4+0.063 ms clock, 6.8+14/10/3.6+0.76 ms cpu, 131->162->77 MB, 150 MB goal, 0 MB stacks, 0 MB globals, 12 P
gc 128 @2.451s 15%: 0.22+6.8+0.043 ms clock, 2.6+19/11/0.65+0.51 ms cpu, 132->171->85 MB, 154 MB goal, 0 MB stacks, 0 MB globals, 12 P
gc 129 @2.464s 15%: 0.22+5.3+0.20 ms clock, 2.7+19/10/0+2.4 ms cpu, 150->188->82 MB, 171 MB goal, 0 MB stacks, 0 MB globals, 12 P
gc 130 @2.476s 15%: 0.20+5.7+0.069 ms clock, 2.5+18/11/0.14+0.83 ms cpu, 141->183->82 MB, 165 MB goal, 0 MB stacks, 0 MB globals, 12 P
gc 131 @2.487s 16%: 0.31+6.2+0.040 ms clock, 3.7+18/11/0.88+0.48 ms cpu, 142->189->92 MB, 165 MB goal, 0 MB stacks, 0 MB globals, 12 P
gc 132 @2.500s 16%: 0.30+7.4+0.022 ms clock, 3.6+17/12/0.14+0.26 ms cpu, 160->202->89 MB, 185 MB goal, 0 MB stacks, 0 MB globals, 12 P
gc 133 @2.514s 16%: 0.59+4.5+0.097 ms clock, 7.1+17/11/0.62+1.1 ms cpu, 153->189->79 MB, 178 MB goal, 0 MB stacks, 0 MB globals, 12 P
gc 134 @2.526s 16%: 0.27+3.6+0.009 ms clock, 3.3+19/8.5/1.9+0.10 ms cpu, 155->158->62 MB, 159 MB goal, 0 MB stacks, 0 MB globals, 12 P
gc 135 @2.533s 16%: 0.47+4.4+0.17 ms clock, 5.6+18/9.3/0.60+2.1 ms cpu, 108->141->82 MB, 124 MB goal, 0 MB stacks, 0 MB globals, 12 P
gc 136 @2.544s 16%: 0.44+5.1+0.22 ms clock, 5.3+19/11/0+2.7 ms cpu, 144->185->85 MB, 164 MB goal, 0 MB stacks, 0 MB globals, 12 P
gc 137 @2.555s 16%: 0.30+5.5+0.069 ms clock, 3.6+19/13/0+0.83 ms cpu, 146->185->84 MB, 171 MB goal, 0 MB stacks, 0 MB globals, 12 P
gc 138 @2.566s 16%: 0.46+6.2+0.011 ms clock, 5.6+18/11/0.16+0.13 ms cpu, 148->189->86 MB, 169 MB goal, 0 MB stacks, 0 MB globals, 12 P
gc 139 @2.579s 16%: 0.44+5.1+0.078 ms clock, 5.3+18/10/0.58+0.93 ms cpu, 148->186->85 MB, 173 MB goal, 0 MB stacks, 0 MB globals, 12 P
gc 140 @2.589s 16%: 0.45+5.0+0.074 ms clock, 5.4+18/11/0.15+0.89 ms cpu, 147->184->84 MB, 171 MB goal, 0 MB stacks, 0 MB globals, 12 P
gc 141 @2.600s 16%: 0.37+5.2+0.090 ms clock, 4.4+17/12/0.87+1.0 ms cpu, 144->185->88 MB, 169 MB goal, 0 MB stacks, 0 MB globals, 12 P
gc 142 @2.612s 16%: 0.30+4.8+0.093 ms clock, 3.6+18/11/0+1.1 ms cpu, 152->190->85 MB, 176 MB goal, 0 MB stacks, 0 MB globals, 12 P
gc 143 @2.623s 16%: 0.29+4.4+0.17 ms clock, 3.5+19/10/0.74+2.0 ms cpu, 152->180->77 MB, 170 MB goal, 0 MB stacks, 0 MB globals, 12 P
gc 144 @2.633s 16%: 0.40+6.5+0.12 ms clock, 4.8+16/12/0.71+1.5 ms cpu, 133->170->83 MB, 154 MB goal, 0 MB stacks, 0 MB globals, 12 P
gc 145 @2.645s 16%: 0.35+4.0+0.008 ms clock, 4.2+21/10/0.30+0.10 ms cpu, 146->166->67 MB, 166 MB goal, 0 MB stacks, 0 MB globals, 12 P
gc 146 @2.654s 16%: 0.28+3.9+0.009 ms clock, 3.3+17/9.4/1.5+0.11 ms cpu, 119->133->63 MB, 135 MB goal, 0 MB stacks, 0 MB globals, 12 P
gc 147 @2.662s 16%: 0.45+3.9+0.008 ms clock, 5.4+22/10/0+0.10 ms cpu, 109->124->60 MB, 126 MB goal, 0 MB stacks, 0 MB globals, 12 P
gc 148 @2.670s 16%: 0.22+3.7+0.007 ms clock, 2.7+17/9.2/1.0+0.092 ms cpu, 107->118->62 MB, 121 MB goal, 0 MB stacks, 0 MB globals, 12 P
gc 149 @2.678s 16%: 0.38+3.9+0.009 ms clock, 4.5+16/10/0.64+0.11 ms cpu, 107->121->59 MB, 124 MB goal, 0 MB stacks, 0 MB globals, 12 P
gc 150 @2.685s 16%: 0.25+4.2+0.012 ms clock, 3.0+16/11/0.42+0.15 ms cpu, 104->118->64 MB, 118 MB goal, 0 MB stacks, 0 MB globals, 12 P
gc 151 @2.694s 16%: 0.15+9.8+0.16 ms clock, 1.9+15/10/2.5+2.0 ms cpu, 112->144->74 MB, 128 MB goal, 0 MB stacks, 0 MB globals, 12 P
gc 152 @2.709s 16%: 0.40+4.9+0.031 ms clock, 4.8+19/11/0+0.37 ms cpu, 128->148->65 MB, 148 MB goal, 0 MB stacks, 0 MB globals, 12 P
gc 153 @2.719s 16%: 0.41+4.3+0.077 ms clock, 4.9+20/10/0+0.92 ms cpu, 113->142->74 MB, 131 MB goal, 0 MB stacks, 0 MB globals, 12 P
gc 154 @2.729s 17%: 0.35+7.8+0.14 ms clock, 4.2+18/9.5/1.4+1.7 ms cpu, 128->163->81 MB, 148 MB goal, 0 MB stacks, 0 MB globals, 12 P
gc 155 @2.743s 17%: 0.30+8.1+0.16 ms clock, 3.6+17/12/0.77+1.9 ms cpu, 142->180->88 MB, 163 MB goal, 0 MB stacks, 0 MB globals, 12 P
gc 156 @2.757s 17%: 0.44+5.6+0.39 ms clock, 5.3+15/12/0+4.7 ms cpu, 155->188->83 MB, 177 MB goal, 0 MB stacks, 0 MB globals, 12 P
gc 157 @2.769s 17%: 0.29+5.0+0.084 ms clock, 3.5+18/11/2.4+1.0 ms cpu, 142->180->80 MB, 167 MB goal, 0 MB stacks, 0 MB globals, 12 P
gc 158 @2.779s 17%: 0.53+5.3+0.021 ms clock, 6.3+16/13/0+0.25 ms cpu, 140->176->83 MB, 161 MB goal, 0 MB stacks, 0 MB globals, 12 P
gc 159 @2.791s 17%: 0.55+4.6+0.091 ms clock, 6.6+19/10/0+1.0 ms cpu, 144->178->82 MB, 166 MB goal, 0 MB stacks, 0 MB globals, 12 P
gc 160 @2.801s 17%: 0.32+4.6+0.14 ms clock, 3.9+19/11/0.14+1.7 ms cpu, 143->175->79 MB, 164 MB goal, 0 MB stacks, 0 MB globals, 12 P
gc 161 @2.811s 17%: 0.34+4.6+0.035 ms clock, 4.1+19/11/0.17+0.43 ms cpu, 136->170->81 MB, 158 MB goal, 0 MB stacks, 0 MB globals, 12 P
gc 162 @2.821s 17%: 0.31+4.3+0.024 ms clock, 3.7+21/11/0.45+0.29 ms cpu, 140->162->69 MB, 162 MB goal, 0 MB stacks, 0 MB globals, 12 P
gc 163 @2.831s 17%: 0.14+4.9+0.075 ms clock, 1.7+16/11/0.45+0.90 ms cpu, 120->151->74 MB, 139 MB goal, 0 MB stacks, 0 MB globals, 12 P
gc 164 @2.841s 17%: 0.34+4.9+0.055 ms clock, 4.1+18/11/0+0.66 ms cpu, 128->164->81 MB, 148 MB goal, 0 MB stacks, 0 MB globals, 12 P
gc 165 @2.852s 17%: 0.21+7.0+0.11 ms clock, 2.5+14/10/4.1+1.3 ms cpu, 144->184->88 MB, 163 MB goal, 0 MB stacks, 0 MB globals, 12 P
gc 166 @2.865s 17%: 0.31+4.3+0.023 ms clock, 3.7+17/11/0.44+0.28 ms cpu, 151->176->67 MB, 177 MB goal, 0 MB stacks, 0 MB globals, 12 P
gc 167 @2.875s 17%: 0.29+3.7+0.024 ms clock, 3.5+19/9.0/1.7+0.29 ms cpu, 121->133->58 MB, 135 MB goal, 0 MB stacks, 0 MB globals, 12 P
gc 168 @2.883s 17%: 0.74+3.9+0.11 ms clock, 8.9+19/9.4/0.14+1.3 ms cpu, 107->126->65 MB, 116 MB goal, 0 MB stacks, 0 MB globals, 12 P
gc 169 @2.892s 17%: 0.28+4.9+0.041 ms clock, 3.3+20/10/0.16+0.49 ms cpu, 113->144->79 MB, 130 MB goal, 0 MB stacks, 0 MB globals, 12 P
gc 170 @2.902s 17%: 0.24+8.1+0.061 ms clock, 2.9+17/11/0.46+0.73 ms cpu, 135->172->86 MB, 158 MB goal, 0 MB stacks, 0 MB globals, 12 P
gc 171 @2.916s 17%: 0.42+5.5+0.16 ms clock, 5.0+21/11/0+1.9 ms cpu, 150->186->83 MB, 173 MB goal, 0 MB stacks, 0 MB globals, 12 P
gc 172 @2.928s 17%: 0.59+5.3+0.040 ms clock, 7.1+18/12/0.18+0.49 ms cpu, 144->180->84 MB, 167 MB goal, 0 MB stacks, 0 MB globals, 12 P
gc 173 @2.939s 17%: 0.43+5.4+0.17 ms clock, 5.2+20/12/0+2.1 ms cpu, 145->188->89 MB, 169 MB goal, 0 MB stacks, 0 MB globals, 12 P
gc 174 @2.951s 17%: 0.42+4.8+0.077 ms clock, 5.1+19/11/0+0.92 ms cpu, 153->189->84 MB, 179 MB goal, 0 MB stacks, 0 MB globals, 12 P
gc 175 @2.962s 17%: 0.40+5.4+0.12 ms clock, 4.8+19/10/0.48+1.5 ms cpu, 152->190->88 MB, 169 MB goal, 0 MB stacks, 0 MB globals, 12 P
gc 176 @2.973s 17%: 0.44+5.2+0.010 ms clock, 5.3+17/11/1.1+0.12 ms cpu, 151->186->81 MB, 176 MB goal, 0 MB stacks, 0 MB globals, 12 P
gc 177 @2.984s 17%: 0.57+5.1+0.018 ms clock, 6.8+19/11/0.29+0.22 ms cpu, 142->177->80 MB, 163 MB goal, 0 MB stacks, 0 MB globals, 12 P
gc 178 @2.995s 17%: 0.26+4.5+0.085 ms clock, 3.1+18/10/0.70+1.0 ms cpu, 137->173->83 MB, 161 MB goal, 0 MB stacks, 0 MB globals, 12 P
gc 179 @3.005s 17%: 0.47+5.6+0.011 ms clock, 5.7+21/11/0+0.13 ms cpu, 147->185->89 MB, 167 MB goal, 0 MB stacks, 0 MB globals, 12 P
gc 180 @3.017s 17%: 0.65+7.5+0.18 ms clock, 7.8+17/12/0.47+2.1 ms cpu, 153->200->97 MB, 179 MB goal, 0 MB stacks, 0 MB globals, 12 P
gc 181 @3.033s 18%: 0.54+5.5+0.15 ms clock, 6.4+18/11/0.28+1.8 ms cpu, 168->212->84 MB, 195 MB goal, 0 MB stacks, 0 MB globals, 12 P
gc 182 @3.044s 18%: 0.45+4.6+0.078 ms clock, 5.4+17/10/2.0+0.93 ms cpu, 151->181->76 MB, 169 MB goal, 0 MB stacks, 0 MB globals, 12 P
gc 183 @3.054s 18%: 0.43+5.2+0.072 ms clock, 5.2+18/12/0.32+0.87 ms cpu, 130->167->83 MB, 153 MB goal, 0 MB stacks, 0 MB globals, 12 P
gc 184 @3.066s 18%: 0.26+4.7+0.008 ms clock, 3.2+18/11/1.4+0.10 ms cpu, 145->181->80 MB, 166 MB goal, 0 MB stacks, 0 MB globals, 12 P
gc 185 @3.076s 18%: 0.19+5.4+0.092 ms clock, 2.3+16/12/0+1.1 ms cpu, 138->176->86 MB, 161 MB goal, 0 MB stacks, 0 MB globals, 12 P
gc 186 @3.087s 18%: 0.61+5.3+0.17 ms clock, 7.4+19/11/0+2.0 ms cpu, 150->189->88 MB, 172 MB goal, 0 MB stacks, 0 MB globals, 12 P
gc 187 @3.099s 18%: 0.29+4.9+0.087 ms clock, 3.4+18/11/0.47+1.0 ms cpu, 152->189->87 MB, 177 MB goal, 0 MB stacks, 0 MB globals, 12 P
gc 188 @3.109s 18%: 0.42+5.2+0.064 ms clock, 5.0+19/10/0.72+0.77 ms cpu, 149->187->83 MB, 175 MB goal, 0 MB stacks, 0 MB globals, 12 P
gc 189 @3.121s 18%: 0.29+5.2+0.019 ms clock, 3.5+19/12/0+0.23 ms cpu, 143->183->83 MB, 167 MB goal, 0 MB stacks, 0 MB globals, 12 P
gc 190 @3.132s 18%: 0.40+4.3+0.008 ms clock, 4.8+18/11/1.6+0.10 ms cpu, 144->166->65 MB, 167 MB goal, 0 MB stacks, 0 MB globals, 12 P
gc 191 @3.141s 18%: 0.28+4.1+0.10 ms clock, 3.4+21/9.4/0+1.2 ms cpu, 116->143->78 MB, 130 MB goal, 0 MB stacks, 0 MB globals, 12 P
gc 192 @3.151s 18%: 0.41+4.3+0.15 ms clock, 5.0+16/10/2.5+1.8 ms cpu, 136->171->77 MB, 156 MB goal, 0 MB stacks, 0 MB globals, 12 P
gc 193 @3.160s 18%: 0.81+4.3+0.008 ms clock, 9.7+15/11/2.3+0.10 ms cpu, 133->154->65 MB, 154 MB goal, 0 MB stacks, 0 MB globals, 12 P
gc 194 @3.170s 18%: 0.23+5.0+0.042 ms clock, 2.8+19/10/0+0.50 ms cpu, 120->142->69 MB, 130 MB goal, 0 MB stacks, 0 MB globals, 12 P
gc 195 @3.180s 18%: 0.57+5.0+0.016 ms clock, 6.8+16/12/0.60+0.20 ms cpu, 120->152->80 MB, 138 MB goal, 0 MB stacks, 0 MB globals, 12 P
gc 196 @3.191s 18%: 0.24+4.6+0.010 ms clock, 2.8+17/11/1.3+0.12 ms cpu, 138->160->70 MB, 161 MB goal, 0 MB stacks, 0 MB globals, 12 P
gc 197 @3.200s 18%: 0.20+4.2+0.009 ms clock, 2.5+18/11/0.31+0.11 ms cpu, 123->140->62 MB, 140 MB goal, 0 MB stacks, 0 MB globals, 12 P
gc 198 @3.209s 18%: 0.16+4.2+0.060 ms clock, 2.0+20/9.9/0+0.72 ms cpu, 109->130->64 MB, 124 MB goal, 0 MB stacks, 0 MB globals, 12 P
gc 199 @3.217s 18%: 0.65+4.3+0.063 ms clock, 7.8+20/9.5/0.18+0.75 ms cpu, 114->139->75 MB, 128 MB goal, 0 MB stacks, 0 MB globals, 12 P
gc 200 @3.227s 18%: 0.38+5.1+0.011 ms clock, 4.5+13/12/5.1+0.14 ms cpu, 129->150->66 MB, 150 MB goal, 0 MB stacks, 0 MB globals, 12 P
gc 201 @3.237s 18%: 0.30+5.2+0.064 ms clock, 3.6+19/9.8/1.2+0.77 ms cpu, 119->150->80 MB, 133 MB goal, 0 MB stacks, 0 MB globals, 12 P
gc 202 @3.248s 18%: 0.55+7.1+0.63 ms clock, 6.6+15/11/3.5+7.6 ms cpu, 138->173->79 MB, 160 MB goal, 0 MB stacks, 0 MB globals, 12 P
gc 203 @3.262s 18%: 0.35+5.0+0.20 ms clock, 4.2+21/11/0.41+2.4 ms cpu, 136->173->84 MB, 159 MB goal, 0 MB stacks, 0 MB globals, 12 P
gc 204 @3.272s 18%: 0.41+5.8+0.023 ms clock, 4.9+19/11/0.27+0.28 ms cpu, 145->182->83 MB, 169 MB goal, 0 MB stacks, 0 MB globals, 12 P
gc 205 @3.284s 18%: 0.32+5.2+0.054 ms clock, 3.8+18/14/0+0.65 ms cpu, 143->178->80 MB, 167 MB goal, 0 MB stacks, 0 MB globals, 12 P
gc 206 @3.295s 18%: 0.23+5.0+0.042 ms clock, 2.7+19/10/0+0.51 ms cpu, 138->174->81 MB, 161 MB goal, 0 MB stacks, 0 MB globals, 12 P
gc 207 @3.306s 18%: 0.38+4.7+0.059 ms clock, 4.5+18/10/0.16+0.71 ms cpu, 139->175->80 MB, 163 MB goal, 0 MB stacks, 0 MB globals, 12 P
gc 208 @3.316s 18%: 0.22+4.6+0.42 ms clock, 2.7+19/11/0+5.0 ms cpu, 138->173->82 MB, 161 MB goal, 0 MB stacks, 0 MB globals, 12 P
gc 209 @3.327s 18%: 0.39+3.8+0.012 ms clock, 4.7+19/10/0+0.15 ms cpu, 145->163->66 MB, 165 MB goal, 0 MB stacks, 0 MB globals, 12 P
gc 210 @3.335s 18%: 0.37+5.8+0.061 ms clock, 4.4+18/10/0.60+0.74 ms cpu, 117->139->68 MB, 132 MB goal, 0 MB stacks, 0 MB globals, 12 P
gc 211 @3.346s 18%: 0.24+4.4+0.092 ms clock, 2.9+19/9.8/0+1.1 ms cpu, 122->150->75 MB, 136 MB goal, 0 MB stacks, 0 MB globals, 12 P
gc 212 @3.356s 18%: 0.42+6.6+0.12 ms clock, 5.0+18/10/0.27+1.4 ms cpu, 134->166->82 MB, 150 MB goal, 0 MB stacks, 0 MB globals, 12 P
gc 213 @3.369s 18%: 0.31+4.2+0.011 ms clock, 3.7+17/11/0.12+0.13 ms cpu, 145->164->67 MB, 165 MB goal, 0 MB stacks, 0 MB globals, 12 P
gc 214 @3.378s 19%: 0.24+4.4+0.12 ms clock, 2.9+20/10/0.37+1.5 ms cpu, 121->147->72 MB, 134 MB goal, 0 MB stacks, 0 MB globals, 12 P
gc 215 @3.387s 19%: 0.32+5.2+0.022 ms clock, 3.9+18/11/1.1+0.26 ms cpu, 126->160->82 MB, 144 MB goal, 0 MB stacks, 0 MB globals, 12 P
gc 216 @3.398s 19%: 0.48+7.7+0.049 ms clock, 5.8+16/11/2.7+0.59 ms cpu, 141->178->83 MB, 165 MB goal, 0 MB stacks, 0 MB globals, 12 P
gc 217 @3.412s 19%: 0.41+4.3+0.060 ms clock, 5.0+19/10/0.14+0.72 ms cpu, 143->167->66 MB, 167 MB goal, 0 MB stacks, 0 MB globals, 12 P
gc 218 @3.422s 19%: 0.32+3.7+0.010 ms clock, 3.8+20/9.9/0.13+0.12 ms cpu, 120->128->58 MB, 133 MB goal, 0 MB stacks, 0 MB globals, 12 P
gc 219 @3.430s 19%: 0.26+3.4+0.010 ms clock, 3.1+20/9.1/0+0.12 ms cpu, 109->110->50 MB, 116 MB goal, 0 MB stacks, 0 MB globals, 12 P
gc 220 @3.436s 19%: 0.71+3.9+0.010 ms clock, 8.6+19/9.6/0.15+0.12 ms cpu, 91->101->56 MB, 100 MB goal, 0 MB stacks, 0 MB globals, 12 P
gc 221 @3.444s 19%: 0.23+3.9+0.009 ms clock, 2.8+20/9.3/0.21+0.11 ms cpu, 102->114->62 MB, 112 MB goal, 0 MB stacks, 0 MB globals, 12 P
gc 222 @3.453s 19%: 0.18+4.6+0.048 ms clock, 2.2+19/9.8/0+0.57 ms cpu, 107->123->57 MB, 124 MB goal, 0 MB stacks, 0 MB globals, 12 P
gc 223 @3.462s 19%: 0.23+3.6+0.043 ms clock, 2.7+18/9.4/0+0.52 ms cpu, 105->114->58 MB, 114 MB goal, 0 MB stacks, 0 MB globals, 12 P
gc 224 @3.470s 19%: 0.26+3.7+0.046 ms clock, 3.1+20/8.9/1.0+0.55 ms cpu, 109->115->61 MB, 116 MB goal, 0 MB stacks, 0 MB globals, 12 P
gc 225 @3.478s 19%: 0.24+3.9+0.030 ms clock, 2.9+22/8.6/0+0.37 ms cpu, 113->124->57 MB, 122 MB goal, 0 MB stacks, 0 MB globals, 12 P
gc 226 @3.486s 19%: 0.32+3.5+0.009 ms clock, 3.9+22/9.2/0+0.11 ms cpu, 106->114->53 MB, 114 MB goal, 0 MB stacks, 0 MB globals, 12 P
gc 227 @3.493s 19%: 0.58+3.7+0.008 ms clock, 7.0+15/9.1/4.4+0.10 ms cpu, 98->99->48 MB, 106 MB goal, 0 MB stacks, 0 MB globals, 12 P
gc 228 @3.501s 19%: 0.36+4.0+0.009 ms clock, 4.3+19/10/0.19+0.11 ms cpu, 91->96->56 MB, 96 MB goal, 0 MB stacks, 0 MB globals, 12 P
gc 229 @3.509s 19%: 1.1+11+0.063 ms clock, 13+18/11/0+0.75 ms cpu, 99->129->76 MB, 112 MB goal, 0 MB stacks, 0 MB globals, 12 P
gc 230 @3.526s 19%: 1.2+8.5+0.22 ms clock, 14+16/15/0+2.6 ms cpu, 131->166->80 MB, 152 MB goal, 0 MB stacks, 0 MB globals, 12 P
gc 231 @3.541s 19%: 0.49+4.3+0.053 ms clock, 5.9+18/10/0.46+0.63 ms cpu, 139->163->69 MB, 161 MB goal, 0 MB stacks, 0 MB globals, 12 P
gc 232 @3.551s 19%: 0.44+5.8+0.021 ms clock, 5.3+18/11/0.14+0.25 ms cpu, 120->153->81 MB, 139 MB goal, 0 MB stacks, 0 MB globals, 12 P
gc 233 @3.562s 19%: 0.32+6.4+0.033 ms clock, 3.9+18/12/0+0.39 ms cpu, 141->174->78 MB, 163 MB goal, 0 MB stacks, 0 MB globals, 12 P
gc 234 @3.574s 19%: 0.48+4.7+0.079 ms clock, 5.7+20/10/0+0.95 ms cpu, 136->169->76 MB, 157 MB goal, 0 MB stacks, 0 MB globals, 12 P
gc 235 @3.584s 19%: 0.60+5.2+0.065 ms clock, 7.2+19/10/0.26+0.79 ms cpu, 133->169->83 MB, 153 MB goal, 0 MB stacks, 0 MB globals, 12 P
gc 236 @3.595s 19%: 0.23+4.0+0.053 ms clock, 2.8+19/9.9/0.13+0.64 ms cpu, 145->168->64 MB, 167 MB goal, 0 MB stacks, 0 MB globals, 12 P
gc 237 @3.604s 19%: 0.31+4.3+0.008 ms clock, 3.7+22/10/0+0.10 ms cpu, 119->142->71 MB, 129 MB goal, 0 MB stacks, 0 MB globals, 12 P
gc 238 @3.613s 19%: 0.37+5.0+0.17 ms clock, 4.5+17/10/1.9+2.1 ms cpu, 124->158->81 MB, 143 MB goal, 0 MB stacks, 0 MB globals, 12 P
gc 239 @3.624s 19%: 0.26+7.0+0.14 ms clock, 3.2+17/11/0.14+1.7 ms cpu, 141->180->86 MB, 162 MB goal, 0 MB stacks, 0 MB globals, 12 P
gc 240 @3.638s 19%: 0.31+5.2+0.17 ms clock, 3.7+20/12/0+2.0 ms cpu, 148->188->87 MB, 173 MB goal, 0 MB stacks, 0 MB globals, 12 P
gc 241 @3.649s 19%: 0.27+4.9+0.055 ms clock, 3.3+21/13/0+0.66 ms cpu, 153->187->83 MB, 175 MB goal, 0 MB stacks, 0 MB globals, 12 P
gc 242 @3.659s 19%: 0.48+4.5+0.096 ms clock, 5.7+15/9.8/3.6+1.1 ms cpu, 143->174->78 MB, 167 MB goal, 0 MB stacks, 0 MB globals, 12 P
gc 243 @3.670s 19%: 0.25+4.7+0.073 ms clock, 3.0+19/10/0.13+0.88 ms cpu, 137->171->79 MB, 156 MB goal, 0 MB stacks, 0 MB globals, 12 P
gc 244 @3.680s 19%: 0.31+4.0+0.008 ms clock, 3.8+17/10/1.1+0.099 ms cpu, 138->158->67 MB, 158 MB goal, 0 MB stacks, 0 MB globals, 12 P
gc 245 @3.689s 19%: 0.15+5.2+0.11 ms clock, 1.8+16/10/1.7+1.3 ms cpu, 116->148->78 MB, 134 MB goal, 0 MB stacks, 0 MB globals, 12 P
gc 246 @3.699s 19%: 0.30+6.8+0.048 ms clock, 3.7+16/12/0+0.58 ms cpu, 134->173->89 MB, 156 MB goal, 0 MB stacks, 0 MB globals, 12 P
gc 247 @3.712s 19%: 0.41+5.8+0.20 ms clock, 5.0+17/12/1.2+2.4 ms cpu, 153->194->86 MB, 179 MB goal, 0 MB stacks, 0 MB globals, 12 P
gc 248 @3.725s 19%: 0.28+4.3+0.039 ms clock, 3.3+17/10/2.3+0.47 ms cpu, 148->173->73 MB, 173 MB goal, 0 MB stacks, 0 MB globals, 12 P
gc 249 @3.733s 19%: 0.44+4.4+0.039 ms clock, 5.2+17/11/0.26+0.47 ms cpu, 127->147->65 MB, 147 MB goal, 0 MB stacks, 0 MB globals, 12 P
gc 250 @3.743s 19%: 0.38+4.6+0.076 ms clock, 4.6+19/10/0.13+0.91 ms cpu, 112->145->77 MB, 131 MB goal, 0 MB stacks, 0 MB globals, 12 P
gc 251 @3.753s 20%: 0.47+6.0+0.14 ms clock, 5.6+17/11/0.29+1.7 ms cpu, 136->170->81 MB, 154 MB goal, 0 MB stacks, 0 MB globals, 12 P
gc 252 @3.765s 20%: 0.34+4.2+0.009 ms clock, 4.1+19/10/0.99+0.11 ms cpu, 140->162->68 MB, 162 MB goal, 0 MB stacks, 0 MB globals, 12 P
gc 253 @3.773s 20%: 0.62+5.2+0.022 ms clock, 7.5+18/12/0.32+0.26 ms cpu, 119->150->77 MB, 137 MB goal, 0 MB stacks, 0 MB globals, 12 P
gc 254 @3.784s 20%: 0.34+4.9+0.052 ms clock, 4.1+16/11/3.1+0.63 ms cpu, 135->167->77 MB, 154 MB goal, 0 MB stacks, 0 MB globals, 12 P
gc 255 @3.795s 20%: 0.42+4.9+0.046 ms clock, 5.0+18/11/0.81+0.56 ms cpu, 135->171->82 MB, 155 MB goal, 0 MB stacks, 0 MB globals, 12 P
gc 256 @3.805s 20%: 0.25+5.4+0.053 ms clock, 3.0+18/11/0.15+0.64 ms cpu, 141->175->82 MB, 165 MB goal, 0 MB stacks, 0 MB globals, 12 P
gc 257 @3.816s 20%: 0.30+5.1+0.18 ms clock, 3.6+17/11/3.0+2.2 ms cpu, 141->181->89 MB, 165 MB goal, 0 MB stacks, 0 MB globals, 12 P
gc 258 @3.828s 20%: 0.34+5.4+0.19 ms clock, 4.0+19/12/0+2.2 ms cpu, 155->195->87 MB, 179 MB goal, 0 MB stacks, 0 MB globals, 12 P
gc 259 @3.840s 20%: 0.30+4.3+0.009 ms clock, 3.7+18/10/1.1+0.11 ms cpu, 151->174->72 MB, 175 MB goal, 0 MB stacks, 0 MB globals, 12 P
gc 260 @3.849s 20%: 0.34+4.8+0.065 ms clock, 4.1+18/10/0+0.78 ms cpu, 127->161->83 MB, 145 MB goal, 0 MB stacks, 0 MB globals, 12 P
gc 261 @3.860s 20%: 0.37+6.3+0.19 ms clock, 4.4+14/14/0.008+2.3 ms cpu, 143->180->85 MB, 166 MB goal, 0 MB stacks, 0 MB globals, 12 P
gc 262 @3.872s 20%: 0.50+5.3+0.16 ms clock, 6.0+18/10/0.15+1.9 ms cpu, 149->190->89 MB, 171 MB goal, 0 MB stacks, 0 MB globals, 12 P
gc 263 @3.884s 20%: 0.48+4.5+0.10 ms clock, 5.7+17/10/1.8+1.2 ms cpu, 156->187->79 MB, 179 MB goal, 0 MB stacks, 0 MB globals, 12 P
gc 264 @3.894s 20%: 0.28+4.8+0.020 ms clock, 3.4+19/11/0.48+0.25 ms cpu, 137->171->81 MB, 159 MB goal, 0 MB stacks, 0 MB globals, 12 P
gc 265 @3.905s 20%: 0.51+5.0+0.13 ms clock, 6.2+17/9.7/2.4+1.5 ms cpu, 144->180->83 MB, 163 MB goal, 0 MB stacks, 0 MB globals, 12 P
gc 266 @3.917s 20%: 0.18+4.7+0.17 ms clock, 2.2+18/11/0.13+2.1 ms cpu, 147->182->82 MB, 167 MB goal, 0 MB stacks, 0 MB globals, 12 P
gc 267 @3.928s 20%: 0.23+5.1+0.072 ms clock, 2.7+16/10/3.5+0.86 ms cpu, 141->177->81 MB, 165 MB goal, 0 MB stacks, 0 MB globals, 12 P
gc 268 @3.938s 20%: 0.30+4.7+0.014 ms clock, 3.6+19/10/0+0.17 ms cpu, 142->178->86 MB, 163 MB goal, 0 MB stacks, 0 MB globals, 12 P
gc 269 @3.948s 20%: 0.35+5.3+0.11 ms clock, 4.2+18/12/0+1.3 ms cpu, 147->185->85 MB, 173 MB goal, 0 MB stacks, 0 MB globals, 12 P
gc 270 @3.960s 20%: 0.41+4.4+0.011 ms clock, 4.9+18/11/0.30+0.13 ms cpu, 152->170->65 MB, 171 MB goal, 0 MB stacks, 0 MB globals, 12 P
gc 271 @3.969s 20%: 0.22+4.2+0.070 ms clock, 2.6+20/9.6/0.32+0.84 ms cpu, 120->140->65 MB, 130 MB goal, 0 MB stacks, 0 MB globals, 12 P
gc 272 @3.978s 20%: 0.43+4.6+0.044 ms clock, 5.1+15/11/1.3+0.53 ms cpu, 116->142->75 MB, 130 MB goal, 0 MB stacks, 0 MB globals, 12 P
gc 273 @3.988s 20%: 0.35+4.8+0.43 ms clock, 4.2+20/10/0.52+5.1 ms cpu, 131->165->80 MB, 150 MB goal, 0 MB stacks, 0 MB globals, 12 P
gc 274 @3.999s 20%: 0.65+6.2+0.11 ms clock, 7.8+17/11/1.3+1.3 ms cpu, 137->174->82 MB, 161 MB goal, 0 MB stacks, 0 MB globals, 12 P
gc 275 @4.012s 20%: 0.18+4.0+0.041 ms clock, 2.2+17/11/0+0.49 ms cpu, 144->164->69 MB, 165 MB goal, 0 MB stacks, 0 MB globals, 12 P
gc 276 @4.021s 20%: 0.25+4.2+0.14 ms clock, 3.0+20/9.2/0.32+1.6 ms cpu, 125->153->73 MB, 139 MB goal, 0 MB stacks, 0 MB globals, 12 P
gc 277 @4.030s 20%: 0.27+3.8+0.098 ms clock, 3.2+18/10/0.55+1.1 ms cpu, 127->147->66 MB, 146 MB goal, 0 MB stacks, 0 MB globals, 12 P
gc 278 @4.039s 20%: 0.27+4.2+0.14 ms clock, 3.3+19/10/0+1.7 ms cpu, 117->145->74 MB, 132 MB goal, 0 MB stacks, 0 MB globals, 12 P
gc 279 @4.048s 20%: 0.21+4.4+0.009 ms clock, 2.5+20/11/0.43+0.11 ms cpu, 127->148->63 MB, 148 MB goal, 0 MB stacks, 0 MB globals, 12 P
gc 280 @4.056s 20%: 0.35+4.4+0.010 ms clock, 4.2+16/11/0.59+0.12 ms cpu, 108->126->62 MB, 126 MB goal, 0 MB stacks, 0 MB globals, 12 P
gc 281 @4.065s 20%: 0.24+4.0+0.009 ms clock, 2.9+17/10/0.16+0.11 ms cpu, 114->119->59 MB, 124 MB goal, 0 MB stacks, 0 MB globals, 12 P
gc 282 @4.073s 20%: 0.43+6.1+0.11 ms clock, 5.2+17/11/1.3+1.4 ms cpu, 102->131->75 MB, 118 MB goal, 0 MB stacks, 0 MB globals, 12 P
gc 283 @4.084s 20%: 0.42+5.6+0.018 ms clock, 5.1+16/12/0.42+0.22 ms cpu, 130->150->64 MB, 150 MB goal, 0 MB stacks, 0 MB globals, 12 P
gc 284 @4.095s 20%: 0.16+4.7+0.009 ms clock, 2.0+13/10/3.1+0.11 ms cpu, 113->140->69 MB, 129 MB goal, 0 MB stacks, 0 MB globals, 12 P
gc 285 @4.104s 20%: 0.21+4.2+0.23 ms clock, 2.5+20/8.7/0+2.8 ms cpu, 123->153->73 MB, 138 MB goal, 0 MB stacks, 0 MB globals, 12 P
gc 286 @4.114s 20%: 0.26+3.7+0.012 ms clock, 3.1+20/9.2/0.18+0.15 ms cpu, 129->145->64 MB, 146 MB goal, 0 MB stacks, 0 MB globals, 12 P
gc 287 @4.122s 20%: 0.21+4.1+0.046 ms clock, 2.6+18/9.1/1.4+0.55 ms cpu, 118->128->62 MB, 128 MB goal, 0 MB stacks, 0 MB globals, 12 P
gc 288 @4.131s 20%: 0.23+3.7+0.024 ms clock, 2.7+21/9.3/0+0.29 ms cpu, 115->124->58 MB, 124 MB goal, 0 MB stacks, 0 MB globals, 12 P
gc 289 @4.139s 20%: 0.21+3.5+0.060 ms clock, 2.5+20/8.8/0+0.72 ms cpu, 106->117->57 MB, 116 MB goal, 0 MB stacks, 0 MB globals, 12 P
gc 290 @4.147s 20%: 0.14+5.4+0.98 ms clock, 1.7+18/8.8/0.41+11 ms cpu, 103->131->77 MB, 114 MB goal, 0 MB stacks, 0 MB globals, 12 P
gc 291 @4.158s 20%: 0.30+6.9+0.69 ms clock, 3.6+13/14/1.4+8.2 ms cpu, 132->167->79 MB, 154 MB goal, 0 MB stacks, 0 MB globals, 12 P
gc 292 @4.172s 20%: 0.20+5.5+0.91 ms clock, 2.5+19/11/0.005+11 ms cpu, 137->176->81 MB, 159 MB goal, 0 MB stacks, 0 MB globals, 12 P
gc 293 @4.184s 20%: 0.49+5.1+0.18 ms clock, 5.9+18/11/0.17+2.1 ms cpu, 140->182->88 MB, 163 MB goal, 0 MB stacks, 0 MB globals, 12 P
gc 294 @4.196s 20%: 0.40+4.5+0.20 ms clock, 4.9+17/10/0.28+2.4 ms cpu, 152->189->80 MB, 176 MB goal, 0 MB stacks, 0 MB globals, 12 P
gc 295 @4.206s 20%: 0.41+5.1+0.010 ms clock, 4.9+17/11/0+0.12 ms cpu, 139->174->83 MB, 160 MB goal, 0 MB stacks, 0 MB globals, 12 P
gc 296 @4.217s 20%: 0.40+5.0+0.16 ms clock, 4.8+16/11/1.5+1.9 ms cpu, 145->181->80 MB, 166 MB goal, 0 MB stacks, 0 MB globals, 12 P
gc 297 @4.229s 20%: 0.21+4.2+0.11 ms clock, 2.5+19/10/0.30+1.3 ms cpu, 144->169->72 MB, 160 MB goal, 0 MB stacks, 0 MB globals, 12 P
gc 298 @4.238s 20%: 0.42+4.7+0.064 ms clock, 5.0+20/12/0+0.76 ms cpu, 126->154->77 MB, 144 MB goal, 0 MB stacks, 0 MB globals, 12 P
gc 299 @4.249s 20%: 0.24+4.2+0.084 ms clock, 2.9+20/10/0+1.0 ms cpu, 139->167->76 MB, 154 MB goal, 0 MB stacks, 0 MB globals, 12 P
gc 300 @4.258s 21%: 0.48+4.3+0.10 ms clock, 5.8+16/10/2.9+1.2 ms cpu, 131->159->78 MB, 152 MB goal, 0 MB stacks, 0 MB globals, 12 P
gc 301 @4.268s 21%: 0.21+5.1+0.039 ms clock, 2.6+17/11/0.98+0.47 ms cpu, 139->174->81 MB, 156 MB goal, 0 MB stacks, 0 MB globals, 12 P
gc 302 @4.279s 21%: 0.24+5.1+0.058 ms clock, 2.9+21/12/0+0.70 ms cpu, 139->177->85 MB, 162 MB goal, 0 MB stacks, 0 MB globals, 12 P
gc 303 @4.290s 21%: 0.28+5.0+0.16 ms clock, 3.3+20/11/0+1.9 ms cpu, 153->184->80 MB, 171 MB goal, 0 MB stacks, 0 MB globals, 12 P
gc 304 @4.301s 21%: 0.53+5.1+0.069 ms clock, 6.3+18/11/0.51+0.83 ms cpu, 137->173->83 MB, 161 MB goal, 0 MB stacks, 0 MB globals, 12 P
gc 305 @4.312s 21%: 0.32+5.3+0.045 ms clock, 3.8+19/11/0+0.54 ms cpu, 144->182->88 MB, 167 MB goal, 0 MB stacks, 0 MB globals, 12 P
gc 306 @4.323s 21%: 0.19+5.3+0.14 ms clock, 2.3+16/12/0+1.7 ms cpu, 157->190->79 MB, 177 MB goal, 0 MB stacks, 0 MB globals, 12 P
gc 307 @4.334s 21%: 0.48+5.1+0.038 ms clock, 5.7+18/12/0+0.46 ms cpu, 138->177->83 MB, 159 MB goal, 0 MB stacks, 0 MB globals, 12 P
gc 308 @4.345s 21%: 0.37+5.2+0.024 ms clock, 4.5+19/11/0+0.29 ms cpu, 145->185->89 MB, 167 MB goal, 0 MB stacks, 0 MB globals, 12 P
gc 309 @4.357s 21%: 0.34+5.1+0.037 ms clock, 4.1+20/10/0.79+0.45 ms cpu, 155->189->80 MB, 179 MB goal, 0 MB stacks, 0 MB globals, 12 P
gc 310 @4.367s 21%: 0.29+5.1+0.069 ms clock, 3.5+17/12/1.7+0.83 ms cpu, 138->176->86 MB, 161 MB goal, 0 MB stacks, 0 MB globals, 12 P
gc 311 @4.378s 21%: 0.52+4.8+0.070 ms clock, 6.3+20/10/0.49+0.85 ms cpu, 150->184->80 MB, 173 MB goal, 0 MB stacks, 0 MB globals, 12 P
gc 312 @4.389s 21%: 0.25+4.3+0.008 ms clock, 3.1+18/11/0.18+0.10 ms cpu, 137->160->69 MB, 161 MB goal, 0 MB stacks, 0 MB globals, 12 P
gc 313 @4.398s 21%: 0.51+4.5+0.23 ms clock, 6.1+18/10/0.27+2.8 ms cpu, 121->153->81 MB, 139 MB goal, 0 MB stacks, 0 MB globals, 12 P
gc 314 @4.408s 21%: 0.31+4.0+0.008 ms clock, 3.7+18/10/1.3+0.10 ms cpu, 139->162->70 MB, 162 MB goal, 0 MB stacks, 0 MB globals, 12 P
gc 315 @4.417s 21%: 0.68+4.2+0.081 ms clock, 8.2+18/10/0.16+0.97 ms cpu, 123->152->72 MB, 140 MB goal, 0 MB stacks, 0 MB globals, 12 P
gc 316 @4.427s 21%: 0.31+4.6+0.089 ms clock, 3.8+21/9.8/0+1.0 ms cpu, 127->158->77 MB, 144 MB goal, 0 MB stacks, 0 MB globals, 12 P
gc 317 @4.437s 21%: 0.35+5.1+0.16 ms clock, 4.2+19/11/0.16+2.0 ms cpu, 132->167->82 MB, 154 MB goal, 0 MB stacks, 0 MB globals, 12 P
gc 318 @4.448s 21%: 0.47+6.9+0.17 ms clock, 5.6+19/10/0.75+2.0 ms cpu, 145->184->87 MB, 165 MB goal, 0 MB stacks, 0 MB globals, 12 P
gc 319 @4.461s 21%: 0.48+4.3+0.066 ms clock, 5.8+19/10/0.13+0.79 ms cpu, 152->175->72 MB, 175 MB goal, 0 MB stacks, 0 MB globals, 12 P
gc 320 @4.471s 21%: 0.26+4.6+0.080 ms clock, 3.1+18/11/0+0.97 ms cpu, 124->159->76 MB, 145 MB goal, 0 MB stacks, 0 MB globals, 12 P
gc 321 @4.481s 21%: 0.33+5.6+0.15 ms clock, 4.0+19/12/0+1.8 ms cpu, 136->167->76 MB, 152 MB goal, 0 MB stacks, 0 MB globals, 12 P
gc 322 @4.492s 21%: 0.52+4.8+0.070 ms clock, 6.3+19/10/0.14+0.84 ms cpu, 135->168->80 MB, 153 MB goal, 0 MB stacks, 0 MB globals, 12 P
gc 323 @4.503s 21%: 0.33+4.5+0.078 ms clock, 4.0+20/11/0+0.94 ms cpu, 140->170->77 MB, 161 MB goal, 0 MB stacks, 0 MB globals, 12 P
gc 324 @4.513s 21%: 0.37+4.7+0.060 ms clock, 4.5+18/11/0+0.73 ms cpu, 135->168->76 MB, 155 MB goal, 0 MB stacks, 0 MB globals, 12 P
gc 325 @4.523s 21%: 0.22+4.9+0.090 ms clock, 2.6+19/10/0.41+1.0 ms cpu, 136->169->86 MB, 152 MB goal, 0 MB stacks, 0 MB globals, 12 P
gc 326 @4.534s 21%: 0.39+5.3+0.19 ms clock, 4.7+19/12/0+2.3 ms cpu, 151->187->84 MB, 173 MB goal, 0 MB stacks, 0 MB globals, 12 P
gc 327 @4.546s 21%: 0.20+3.4+0.011 ms clock, 2.4+21/9.2/0+0.13 ms cpu, 147->167->70 MB, 169 MB goal, 0 MB stacks, 0 MB globals, 12 P
gc 328 @4.555s 21%: 0.28+3.7+0.040 ms clock, 3.3+18/9.5/0.33+0.48 ms cpu, 125->140->64 MB, 141 MB goal, 0 MB stacks, 0 MB globals, 12 P
gc 329 @4.563s 21%: 0.27+3.4+0.052 ms clock, 3.3+19/9.1/0+0.63 ms cpu, 118->128->51 MB, 128 MB goal, 0 MB stacks, 0 MB globals, 12 P
gc 330 @4.570s 21%: 0.32+3.9+0.008 ms clock, 3.9+16/10/0.28+0.10 ms cpu, 90->102->51 MB, 102 MB goal, 0 MB stacks, 0 MB globals, 12 P
gc 331 @4.578s 21%: 0.21+3.6+0.031 ms clock, 2.6+19/8.8/0.57+0.37 ms cpu, 95->103->57 MB, 102 MB goal, 0 MB stacks, 0 MB globals, 12 P
gc 332 @4.586s 21%: 0.40+3.7+0.15 ms clock, 4.8+20/9.3/0+1.9 ms cpu, 103->123->62 MB, 114 MB goal, 0 MB stacks, 0 MB globals, 12 P
gc 333 @4.594s 21%: 0.30+4.4+0.041 ms clock, 3.7+17/11/0.85+0.50 ms cpu, 113->130->61 MB, 124 MB goal, 0 MB stacks, 0 MB globals, 12 P
gc 334 @4.603s 21%: 0.51+4.8+0.11 ms clock, 6.1+18/9.9/1.1+1.4 ms cpu, 108->135->74 MB, 122 MB goal, 0 MB stacks, 0 MB globals, 12 P
gc 335 @4.613s 21%: 0.38+5.3+0.23 ms clock, 4.6+17/10/0.47+2.8 ms cpu, 130->158->78 MB, 148 MB goal, 0 MB stacks, 0 MB globals, 12 P
gc 336 @4.624s 21%: 0.27+6.0+0.029 ms clock, 3.3+19/10/0+0.34 ms cpu, 136->170->81 MB, 157 MB goal, 0 MB stacks, 0 MB globals, 12 P
gc 337 @4.636s 21%: 0.26+5.9+0.15 ms clock, 3.1+18/13/0+1.8 ms cpu, 140->180->85 MB, 163 MB goal, 0 MB stacks, 0 MB globals, 12 P
gc 338 @4.648s 21%: 0.27+5.0+0.10 ms clock, 3.2+19/11/1.0+1.2 ms cpu, 148->185->85 MB, 171 MB goal, 0 MB stacks, 0 MB globals, 12 P
gc 339 @4.659s 21%: 0.30+4.9+0.062 ms clock, 3.6+19/11/0+0.75 ms cpu, 146->185->85 MB, 171 MB goal, 0 MB stacks, 0 MB globals, 12 P
gc 340 @4.670s 21%: 0.41+5.9+0.15 ms clock, 5.0+12/13/4.1+1.8 ms cpu, 150->186->79 MB, 171 MB goal, 0 MB stacks, 0 MB globals, 12 P
gc 341 @4.681s 21%: 0.27+5.3+0.035 ms clock, 3.2+18/11/0.33+0.42 ms cpu, 137->171->80 MB, 159 MB goal, 0 MB stacks, 0 MB globals, 12 P
gc 342 @4.692s 21%: 0.48+4.8+0.076 ms clock, 5.8+19/10/0+0.92 ms cpu, 142->177->84 MB, 161 MB goal, 0 MB stacks, 0 MB globals, 12 P
gc 343 @4.703s 21%: 0.35+5.2+0.073 ms clock, 4.2+18/11/0.57+0.88 ms cpu, 149->182->82 MB, 169 MB goal, 0 MB stacks, 0 MB globals, 12 P
gc 344 @4.714s 21%: 0.52+5.1+0.051 ms clock, 6.2+16/11/3.0+0.61 ms cpu, 144->179->83 MB, 165 MB goal, 0 MB stacks, 0 MB globals, 12 P
gc 345 @4.724s 21%: 0.62+5.5+0.057 ms clock, 7.4+17/12/0+0.68 ms cpu, 142->180->83 MB, 167 MB goal, 0 MB stacks, 0 MB globals, 12 P
gc 346 @4.736s 21%: 0.43+4.7+0.10 ms clock, 5.2+18/10/0+1.3 ms cpu, 144->179->81 MB, 167 MB goal, 0 MB stacks, 0 MB globals, 12 P
gc 347 @4.747s 21%: 0.45+5.2+0.058 ms clock, 5.4+16/10/3.1+0.70 ms cpu, 144->176->79 MB, 163 MB goal, 0 MB stacks, 0 MB globals, 12 P
gc 348 @4.757s 21%: 0.50+4.4+0.088 ms clock, 6.0+18/10/1.7+1.0 ms cpu, 137->169->81 MB, 159 MB goal, 0 MB stacks, 0 MB globals, 12 P
gc 349 @4.767s 21%: 0.53+5.0+0.10 ms clock, 6.4+22/13/0+1.2 ms cpu, 141->181->89 MB, 163 MB goal, 0 MB stacks, 0 MB globals, 12 P
gc 350 @4.779s 21%: 0.23+5.0+0.20 ms clock, 2.7+17/11/1.9+2.4 ms cpu, 152->189->84 MB, 179 MB goal, 0 MB stacks, 0 MB globals, 12 P
gc 351 @4.790s 21%: 0.37+5.0+0.093 ms clock, 4.4+16/11/2.4+1.1 ms cpu, 146->182->82 MB, 169 MB goal, 0 MB stacks, 0 MB globals, 12 P
gc 352 @4.800s 21%: 0.37+4.2+0.023 ms clock, 4.5+20/10/0.27+0.27 ms cpu, 141->165->71 MB, 165 MB goal, 0 MB stacks, 0 MB globals, 12 P
gc 353 @4.810s 21%: 0.26+4.5+0.081 ms clock, 3.1+20/10/0+0.98 ms cpu, 127->155->71 MB, 143 MB goal, 0 MB stacks, 0 MB globals, 12 P
gc 354 @4.819s 21%: 0.64+4.5+0.029 ms clock, 7.7+16/10/0+0.35 ms cpu, 127->155->74 MB, 143 MB goal, 0 MB stacks, 0 MB globals, 12 P
gc 355 @4.829s 21%: 0.23+5.0+0.087 ms clock, 2.7+17/11/1.3+1.0 ms cpu, 127->162->78 MB, 149 MB goal, 0 MB stacks, 0 MB globals, 12 P
gc 356 @4.839s 21%: 0.59+4.2+0.16 ms clock, 7.1+18/10/0.14+2.0 ms cpu, 136->168->78 MB, 156 MB goal, 0 MB stacks, 0 MB globals, 12 P
gc 357 @4.850s 21%: 0.41+6.1+0.051 ms clock, 4.9+16/11/0.12+0.61 ms cpu, 142->173->80 MB, 157 MB goal, 0 MB stacks, 0 MB globals, 12 P
gc 358 @4.862s 21%: 0.59+5.2+0.18 ms clock, 7.1+18/10/0.91+2.1 ms cpu, 141->177->86 MB, 161 MB goal, 0 MB stacks, 0 MB globals, 12 P
gc 359 @4.874s 21%: 0.27+4.4+0.009 ms clock, 3.3+18/11/0+0.11 ms cpu, 149->172->67 MB, 173 MB goal, 0 MB stacks, 0 MB globals, 12 P
gc 360 @4.883s 21%: 0.46+4.0+0.036 ms clock, 5.6+20/10/0.70+0.43 ms cpu, 124->134->66 MB, 135 MB goal, 0 MB stacks, 0 MB globals, 12 P
gc 361 @4.891s 21%: 0.44+3.8+0.071 ms clock, 5.3+17/10/0+0.86 ms cpu, 117->133->56 MB, 132 MB goal, 0 MB stacks, 0 MB globals, 12 P
gc 362 @4.900s 21%: 0.29+3.2+0.016 ms clock, 3.4+20/8.3/0+0.19 ms cpu, 104->112->55 MB, 112 MB goal, 0 MB stacks, 0 MB globals, 12 P
gc 363 @4.907s 22%: 0.27+3.3+0.056 ms clock, 3.2+20/7.4/0.13+0.67 ms cpu, 102->111->57 MB, 110 MB goal, 0 MB stacks, 0 MB globals, 12 P
gc 364 @4.914s 22%: 0.15+3.6+0.068 ms clock, 1.8+18/9.4/0.84+0.81 ms cpu, 99->117->64 MB, 114 MB goal, 0 MB stacks, 0 MB globals, 12 P
gc 365 @4.922s 22%: 0.36+6.9+0.14 ms clock, 4.3+17/9.8/2.0+1.6 ms cpu, 113->143->77 MB, 128 MB goal, 0 MB stacks, 0 MB globals, 12 P
gc 366 @4.935s 22%: 0.30+7.3+0.038 ms clock, 3.6+13/12/1.6+0.46 ms cpu, 132->169->77 MB, 154 MB goal, 0 MB stacks, 0 MB globals, 12 P
gc 367 @4.948s 22%: 0.24+4.9+0.082 ms clock, 2.9+16/11/0.42+0.98 ms cpu, 137->169->79 MB, 155 MB goal, 0 MB stacks, 0 MB globals, 12 P
gc 368 @4.958s 22%: 0.40+4.9+0.023 ms clock, 4.8+20/10/0.13+0.27 ms cpu, 137->169->76 MB, 159 MB goal, 0 MB stacks, 0 MB globals, 12 P
gc 369 @4.968s 22%: 0.32+4.8+0.029 ms clock, 3.8+19/11/0.13+0.35 ms cpu, 131->167->84 MB, 153 MB goal, 0 MB stacks, 0 MB globals, 12 P
gc 370 @4.979s 22%: 0.26+5.6+0.061 ms clock, 3.2+17/11/2.6+0.74 ms cpu, 146->179->81 MB, 169 MB goal, 0 MB stacks, 0 MB globals, 12 P
gc 371 @4.990s 22%: 0.16+5.2+0.060 ms clock, 2.0+18/11/0.88+0.72 ms cpu, 139->177->85 MB, 163 MB goal, 0 MB stacks, 0 MB globals, 12 P
gc 372 @5.001s 22%: 0.27+5.0+0.15 ms clock, 3.2+20/10/0+1.8 ms cpu, 148->183->81 MB, 171 MB goal, 0 MB stacks, 0 MB globals, 12 P
gc 373 @5.012s 22%: 0.45+5.2+0.066 ms clock, 5.4+18/11/2.5+0.79 ms cpu, 139->178->89 MB, 163 MB goal, 0 MB stacks, 0 MB globals, 12 P
gc 374 @5.023s 22%: 0.38+5.5+0.15 ms clock, 4.5+18/12/0.64+1.9 ms cpu, 155->193->87 MB, 179 MB goal, 0 MB stacks, 0 MB globals, 12 P
gc 375 @5.035s 22%: 0.52+5.5+0.16 ms clock, 6.3+18/11/0+2.0 ms cpu, 151->195->92 MB, 175 MB goal, 0 MB stacks, 0 MB globals, 12 P
gc 376 @5.047s 22%: 0.27+5.9+0.60 ms clock, 3.3+19/12/0.17+7.2 ms cpu, 159->200->87 MB, 185 MB goal, 0 MB stacks, 0 MB globals, 12 P
gc 377 @5.060s 22%: 0.44+4.0+0.010 ms clock, 5.2+20/10/0.13+0.12 ms cpu, 151->174->69 MB, 175 MB goal, 0 MB stacks, 0 MB globals, 12 P
gc 378 @5.069s 22%: 0.57+4.2+0.11 ms clock, 6.9+19/9.5/0+1.4 ms cpu, 122->148->69 MB, 139 MB goal, 0 MB stacks, 0 MB globals, 12 P
gc 379 @5.078s 22%: 0.26+4.3+0.052 ms clock, 3.2+21/10/0+0.63 ms cpu, 122->148->75 MB, 138 MB goal, 0 MB stacks, 0 MB globals, 12 P
gc 380 @5.088s 22%: 0.26+4.5+0.11 ms clock, 3.1+18/10/0+1.3 ms cpu, 137->166->77 MB, 151 MB goal, 0 MB stacks, 0 MB globals, 12 P
gc 381 @5.098s 22%: 0.37+4.1+0.041 ms clock, 4.4+18/10/0+0.49 ms cpu, 132->154->66 MB, 154 MB goal, 0 MB stacks, 0 MB globals, 12 P
gc 382 @5.107s 22%: 0.42+3.6+0.008 ms clock, 5.1+22/9.4/0+0.10 ms cpu, 124->132->63 MB, 133 MB goal, 0 MB stacks, 0 MB globals, 12 P
gc 383 @5.116s 22%: 0.23+3.8+0.009 ms clock, 2.8+20/8.7/0.31+0.11 ms cpu, 117->126->61 MB, 126 MB goal, 0 MB stacks, 0 MB globals, 12 P
gc 384 @5.124s 22%: 0.27+4.4+0.042 ms clock, 3.3+15/11/2.2+0.51 ms cpu, 107->120->60 MB, 122 MB goal, 0 MB stacks, 0 MB globals, 12 P
gc 385 @5.132s 22%: 0.26+3.7+0.023 ms clock, 3.1+18/9.2/0+0.27 ms cpu, 106->120->60 MB, 121 MB goal, 0 MB stacks, 0 MB globals, 12 P
gc 386 @5.140s 22%: 0.42+3.5+0.011 ms clock, 5.1+20/8.5/0.001+0.13 ms cpu, 111->121->60 MB, 120 MB goal, 0 MB stacks, 0 MB globals, 12 P
gc 387 @5.149s 22%: 0.31+4.0+0.010 ms clock, 3.8+15/11/2.7+0.12 ms cpu, 113->119->56 MB, 120 MB goal, 0 MB stacks, 0 MB globals, 12 P
gc 388 @5.156s 22%: 0.21+3.9+0.059 ms clock, 2.6+19/9.7/0+0.71 ms cpu, 105->117->67 MB, 112 MB goal, 0 MB stacks, 0 MB globals, 12 P
gc 389 @5.164s 22%: 0.34+8.6+0.17 ms clock, 4.1+16/11/0.42+2.0 ms cpu, 116->155->88 MB, 134 MB goal, 0 MB stacks, 0 MB globals, 12 P
gc 390 @5.179s 22%: 0.52+8.0+0.007 ms clock, 6.2+10/19/2.5+0.090 ms cpu, 151->176->70 MB, 177 MB goal, 0 MB stacks, 0 MB globals, 12 P
gc 391 @5.192s 22%: 0.32+4.2+0.011 ms clock, 3.9+18/10/0.56+0.13 ms cpu, 123->142->65 MB, 141 MB goal, 0 MB stacks, 0 MB globals, 12 P
gc 392 @5.201s 22%: 0.67+3.8+0.029 ms clock, 8.0+18/9.7/2.4+0.35 ms cpu, 117->130->59 MB, 131 MB goal, 0 MB stacks, 0 MB globals, 12 P
gc 393 @5.209s 22%: 0.37+5.2+0.080 ms clock, 4.4+16/11/1.4+0.96 ms cpu, 104->130->70 MB, 119 MB goal, 0 MB stacks, 0 MB globals, 12 P
gc 394 @5.219s 22%: 0.37+3.4+0.052 ms clock, 4.4+19/8.8/0+0.62 ms cpu, 127->140->63 MB, 140 MB goal, 0 MB stacks, 0 MB globals, 12 P
gc 395 @5.227s 22%: 0.22+4.4+0.085 ms clock, 2.7+17/10/1.5+1.0 ms cpu, 113->137->72 MB, 126 MB goal, 0 MB stacks, 0 MB globals, 12 P
gc 396 @5.237s 22%: 0.56+5.0+0.65 ms clock, 6.8+18/10/2.6+7.8 ms cpu, 127->158->75 MB, 144 MB goal, 0 MB stacks, 0 MB globals, 12 P
gc 397 @5.248s 22%: 0.30+4.7+0.15 ms clock, 3.7+17/11/0+1.8 ms cpu, 131->163->80 MB, 150 MB goal, 0 MB stacks, 0 MB globals, 12 P
gc 398 @5.258s 22%: 0.43+7.0+0.12 ms clock, 5.2+15/11/3.6+1.5 ms cpu, 138->175->80 MB, 161 MB goal, 0 MB stacks, 0 MB globals, 12 P
gc 399 @5.271s 22%: 0.26+4.9+0.011 ms clock, 3.1+20/11/0.14+0.13 ms cpu, 137->175->82 MB, 161 MB goal, 0 MB stacks, 0 MB globals, 12 P
gc 400 @5.282s 22%: 0.33+4.7+0.15 ms clock, 3.9+19/11/0.49+1.8 ms cpu, 142->178->83 MB, 165 MB goal, 0 MB stacks, 0 MB globals, 12 P
gc 401 @5.292s 22%: 0.32+5.7+0.14 ms clock, 3.9+18/11/0.28+1.7 ms cpu, 142->189->94 MB, 167 MB goal, 0 MB stacks, 0 MB globals, 12 P
gc 402 @5.305s 22%: 0.32+6.6+0.10 ms clock, 3.9+18/11/0+1.2 ms cpu, 162->203->85 MB, 189 MB goal, 0 MB stacks, 0 MB globals, 12 P
gc 403 @5.318s 22%: 0.51+5.3+0.045 ms clock, 6.2+21/13/0+0.55 ms cpu, 148->187->85 MB, 171 MB goal, 0 MB stacks, 0 MB globals, 12 P
gc 404 @5.330s 22%: 0.30+5.3+0.072 ms clock, 3.6+16/11/1.5+0.87 ms cpu, 150->189->83 MB, 171 MB goal, 0 MB stacks, 0 MB globals, 12 P
gc 405 @5.341s 22%: 0.24+5.3+0.042 ms clock, 2.9+17/13/0.20+0.50 ms cpu, 143->183->88 MB, 167 MB goal, 0 MB stacks, 0 MB globals, 12 P
gc 406 @5.352s 22%: 0.60+5.0+0.078 ms clock, 7.2+16/11/2.8+0.94 ms cpu, 151->190->85 MB, 177 MB goal, 0 MB stacks, 0 MB globals, 12 P
gc 407 @5.363s 22%: 0.38+5.4+0.042 ms clock, 4.5+18/12/0+0.50 ms cpu, 149->192->90 MB, 171 MB goal, 0 MB stacks, 0 MB globals, 12 P
gc 408 @5.375s 22%: 0.47+5.3+0.10 ms clock, 5.7+14/12/2.5+1.2 ms cpu, 155->195->86 MB, 181 MB goal, 0 MB stacks, 0 MB globals, 12 P
gc 409 @5.386s 22%: 0.36+4.2+0.030 ms clock, 4.3+19/11/0+0.36 ms cpu, 148->172->66 MB, 173 MB goal, 0 MB stacks, 0 MB globals, 12 P
gc 410 @5.396s 22%: 0.24+3.7+0.007 ms clock, 2.9+20/10/0+0.090 ms cpu, 122->132->58 MB, 133 MB goal, 0 MB stacks, 0 MB globals, 12 P
gc 411 @5.404s 22%: 0.27+3.4+0.008 ms clock, 3.2+18/9.2/0.26+0.10 ms cpu, 108->108->51 MB, 116 MB goal, 0 MB stacks, 0 MB globals, 12 P
gc 412 @5.410s 22%: 0.25+3.8+0.009 ms clock, 3.0+18/11/0.44+0.11 ms cpu, 98->99->49 MB, 102 MB goal, 0 MB stacks, 0 MB globals, 12 P
gc 413 @5.417s 22%: 0.32+4.0+0.008 ms clock, 3.8+17/10/0.44+0.10 ms cpu, 90->97->59 MB, 98 MB goal, 0 MB stacks, 0 MB globals, 12 P
gc 414 @5.425s 22%: 0.25+3.9+0.009 ms clock, 3.0+19/10/0.16+0.11 ms cpu, 107->117->57 MB, 118 MB goal, 0 MB stacks, 0 MB globals, 12 P
gc 415 @5.433s 22%: 0.15+5.2+0.037 ms clock, 1.9+18/10/0.19+0.45 ms cpu, 99->129->73 MB, 114 MB goal, 0 MB stacks, 0 MB globals, 12 P
gc 416 @5.443s 22%: 0.22+5.7+0.20 ms clock, 2.6+14/12/3.1+2.4 ms cpu, 125->157->77 MB, 146 MB goal, 0 MB stacks, 0 MB globals, 12 P
gc 417 @5.455s 22%: 0.70+5.7+0.12 ms clock, 8.5+19/10/0.13+1.5 ms cpu, 136->168->76 MB, 154 MB goal, 0 MB stacks, 0 MB globals, 12 P
gc 418 @5.466s 22%: 0.32+4.9+0.084 ms clock, 3.9+18/11/0+1.0 ms cpu, 133->166->80 MB, 152 MB goal, 0 MB stacks, 0 MB globals, 12 P
gc 419 @5.477s 22%: 0.33+6.0+0.35 ms clock, 3.9+18/10/0.60+4.2 ms cpu, 137->176->86 MB, 161 MB goal, 0 MB stacks, 0 MB globals, 12 P
gc 420 @5.490s 22%: 0.43+5.8+0.14 ms clock, 5.2+17/11/0.85+1.7 ms cpu, 148->192->89 MB, 173 MB goal, 0 MB stacks, 0 MB globals, 12 P
gc 421 @5.502s 22%: 0.34+5.1+0.20 ms clock, 4.1+18/11/0+2.5 ms cpu, 153->195->89 MB, 179 MB goal, 0 MB stacks, 0 MB globals, 12 P
gc 422 @5.513s 22%: 0.32+4.3+0.008 ms clock, 3.9+19/11/0+0.096 ms cpu, 152->178->75 MB, 179 MB goal, 0 MB stacks, 0 MB globals, 12 P
gc 423 @5.522s 22%: 0.26+4.8+0.070 ms clock, 3.2+19/9.3/0.50+0.84 ms cpu, 134->165->77 MB, 151 MB goal, 0 MB stacks, 0 MB globals, 12 P
gc 424 @5.532s 22%: 0.28+6.0+0.044 ms clock, 3.4+11/12/9.3+0.53 ms cpu, 133->175->86 MB, 154 MB goal, 0 MB stacks, 0 MB globals, 12 P
gc 425 @5.544s 22%: 0.51+5.7+0.064 ms clock, 6.1+16/13/0.52+0.76 ms cpu, 150->187->84 MB, 173 MB goal, 0 MB stacks, 0 MB globals, 12 P
gc 426 @5.556s 22%: 0.45+5.1+0.17 ms clock, 5.4+14/12/4.2+2.0 ms cpu, 148->184->78 MB, 169 MB goal, 0 MB stacks, 0 MB globals, 12 P
gc 427 @5.567s 22%: 0.32+5.1+0.066 ms clock, 3.8+18/11/0.15+0.79 ms cpu, 135->171->80 MB, 157 MB goal, 0 MB stacks, 0 MB globals, 12 P
gc 428 @5.577s 22%: 0.65+5.9+0.091 ms clock, 7.8+18/12/0.10+1.0 ms cpu, 137->179->92 MB, 160 MB goal, 0 MB stacks, 0 MB globals, 12 P
gc 429 @5.590s 22%: 0.45+4.4+0.82 ms clock, 5.4+19/10/0+9.9 ms cpu, 165->196->83 MB, 185 MB goal, 0 MB stacks, 0 MB globals, 12 P
gc 430 @5.601s 22%: 0.42+4.0+0.050 ms clock, 5.1+17/11/0.68+0.60 ms cpu, 144->167->70 MB, 167 MB goal, 0 MB stacks, 0 MB globals, 12 P
gc 431 @5.610s 22%: 0.18+4.7+0.059 ms clock, 2.1+17/10/0.79+0.71 ms cpu, 120->153->75 MB, 141 MB goal, 0 MB stacks, 0 MB globals, 12 P
gc 432 @5.620s 22%: 0.34+4.6+0.048 ms clock, 4.0+16/12/3.2+0.57 ms cpu, 130->163->77 MB, 151 MB goal, 0 MB stacks, 0 MB globals, 12 P
gc 433 @5.630s 22%: 0.44+4.8+0.13 ms clock, 5.3+20/11/0.82+1.6 ms cpu, 133->170->86 MB, 155 MB goal, 0 MB stacks, 0 MB globals, 12 P
gc 434 @5.642s 22%: 0.30+4.1+0.30 ms clock, 3.6+21/9.6/0+3.6 ms cpu, 155->184->81 MB, 173 MB goal, 0 MB stacks, 0 MB globals, 12 P
gc 435 @5.652s 22%: 0.33+4.9+0.13 ms clock, 4.0+17/11/1.7+1.6 ms cpu, 143->176->80 MB, 162 MB goal, 0 MB stacks, 0 MB globals, 12 P
gc 436 @5.662s 22%: 0.30+5.2+0.061 ms clock, 3.6+18/11/0.27+0.73 ms cpu, 139->171->80 MB, 160 MB goal, 0 MB stacks, 0 MB globals, 12 P
gc 437 @5.673s 22%: 0.52+3.8+0.059 ms clock, 6.3+18/9.9/2.1+0.70 ms cpu, 143->162->63 MB, 161 MB goal, 0 MB stacks, 0 MB globals, 12 P
gc 438 @5.682s 22%: 0.31+3.7+0.064 ms clock, 3.7+21/8.5/0.43+0.77 ms cpu, 116->127->63 MB, 126 MB goal, 0 MB stacks, 0 MB globals, 12 P
gc 439 @5.690s 22%: 0.31+3.7+0.011 ms clock, 3.8+17/9.8/1.2+0.13 ms cpu, 118->123->57 MB, 126 MB goal, 0 MB stacks, 0 MB globals, 12 P
gc 440 @5.698s 22%: 0.18+3.8+0.023 ms clock, 2.2+19/9.3/0.27+0.27 ms cpu, 102->114->54 MB, 114 MB goal, 0 MB stacks, 0 MB globals, 12 P
gc 441 @5.705s 22%: 0.25+3.7+0.009 ms clock, 3.0+19/9.5/0.86+0.10 ms cpu, 96->107->55 MB, 108 MB goal, 0 MB stacks, 0 MB globals, 12 P
gc 442 @5.712s 22%: 0.33+5.0+0.009 ms clock, 4.0+15/12/2.6+0.11 ms cpu, 103->105->48 MB, 110 MB goal, 0 MB stacks, 0 MB globals, 12 P
gc 443 @5.721s 22%: 0.32+3.8+0.067 ms clock, 3.8+17/10/0.79+0.81 ms cpu, 92->107->66 MB, 96 MB goal, 0 MB stacks, 0 MB globals, 12 P
gc 444 @5.729s 22%: 0.30+6.7+0.16 ms clock, 3.6+20/10/0+2.0 ms cpu, 116->145->78 MB, 132 MB goal, 0 MB stacks, 0 MB globals, 12 P
gc 445 @5.742s 22%: 0.29+7.1+0.048 ms clock, 3.5+17/11/0.18+0.58 ms cpu, 136->169->80 MB, 157 MB goal, 0 MB stacks, 0 MB globals, 12 P
gc 446 @5.754s 22%: 0.29+6.8+0.15 ms clock, 3.4+15/13/1.8+1.8 ms cpu, 137->177->84 MB, 161 MB goal, 0 MB stacks, 0 MB globals, 12 P
gc 447 @5.768s 22%: 0.45+5.1+0.050 ms clock, 5.4+15/11/3.1+0.60 ms cpu, 144->180->77 MB, 169 MB goal, 0 MB stacks, 0 MB globals, 12 P
gc 448 @5.778s 22%: 0.41+5.5+0.083 ms clock, 5.0+17/11/1.0+1.0 ms cpu, 133->173->88 MB, 155 MB goal, 0 MB stacks, 0 MB globals, 12 P
gc 449 @5.790s 22%: 0.47+5.2+0.15 ms clock, 5.7+18/10/0.88+1.9 ms cpu, 154->189->84 MB, 177 MB goal, 0 MB stacks, 0 MB globals, 12 P
gc 450 @5.801s 22%: 0.38+4.8+0.067 ms clock, 4.6+23/11/0+0.81 ms cpu, 148->181->84 MB, 169 MB goal, 0 MB stacks, 0 MB globals, 12 P
gc 451 @5.812s 22%: 0.53+4.8+0.071 ms clock, 6.4+19/10/0+0.85 ms cpu, 147->178->79 MB, 169 MB goal, 0 MB stacks, 0 MB globals, 12 P
gc 452 @5.822s 22%: 0.31+4.0+0.079 ms clock, 3.8+19/10/0.13+0.95 ms cpu, 137->152->59 MB, 159 MB goal, 0 MB stacks, 0 MB globals, 12 P
gc 453 @5.831s 23%: 0.17+3.9+0.062 ms clock, 2.1+19/10/0+0.75 ms cpu, 108->129->68 MB, 119 MB goal, 0 MB stacks, 0 MB globals, 12 P
gc 454 @5.839s 23%: 0.56+4.4+0.095 ms clock, 6.7+17/10/1.5+1.1 ms cpu, 121->148->77 MB, 136 MB goal, 0 MB stacks, 0 MB globals, 12 P
gc 455 @5.850s 23%: 0.31+5.7+0.20 ms clock, 3.7+20/11/0+2.4 ms cpu, 135->170->82 MB, 155 MB goal, 0 MB stacks, 0 MB globals, 12 P
gc 456 @5.862s 23%: 0.37+5.7+0.11 ms clock, 4.4+19/11/1.4+1.3 ms cpu, 142->177->82 MB, 165 MB goal, 0 MB stacks, 0 MB globals, 12 P
gc 457 @5.873s 23%: 0.43+4.9+0.19 ms clock, 5.1+19/10/0.53+2.3 ms cpu, 142->178->81 MB, 165 MB goal, 0 MB stacks, 0 MB globals, 12 P
gc 458 @5.885s 23%: 0.35+4.5+0.080 ms clock, 4.2+21/11/0.16+0.96 ms cpu, 140->175->79 MB, 163 MB goal, 0 MB stacks, 0 MB globals, 12 P
gc 459 @5.895s 23%: 0.24+5.3+0.14 ms clock, 2.8+16/11/2.5+1.7 ms cpu, 143->174->75 MB, 159 MB goal, 0 MB stacks, 0 MB globals, 12 P
gc 460 @5.906s 23%: 0.24+4.4+0.026 ms clock, 2.9+21/10/0+0.31 ms cpu, 129->164->82 MB, 151 MB goal, 0 MB stacks, 0 MB globals, 12 P
gc 461 @5.917s 23%: 0.24+4.8+0.15 ms clock, 2.9+16/10/1.7+1.8 ms cpu, 145->179->79 MB, 165 MB goal, 0 MB stacks, 0 MB globals, 12 P
gc 462 @5.928s 23%: 0.64+4.9+0.018 ms clock, 7.7+14/12/2.7+0.22 ms cpu, 138->171->81 MB, 158 MB goal, 0 MB stacks, 0 MB globals, 12 P
gc 463 @5.939s 23%: 0.31+5.1+0.067 ms clock, 3.7+16/11/3.2+0.80 ms cpu, 143->177->81 MB, 163 MB goal, 0 MB stacks, 0 MB globals, 12 P
gc 464 @5.950s 23%: 0.33+5.4+0.20 ms clock, 4.0+17/11/0+2.4 ms cpu, 146->188->89 MB, 163 MB goal, 0 MB stacks, 0 MB globals, 12 P
gc 465 @5.962s 23%: 0.41+4.8+0.010 ms clock, 5.0+20/12/0+0.13 ms cpu, 153->177->71 MB, 179 MB goal, 0 MB stacks, 0 MB globals, 12 P
gc 466 @5.972s 23%: 0.22+3.5+0.020 ms clock, 2.7+21/9.6/0+0.25 ms cpu, 128->141->58 MB, 143 MB goal, 0 MB stacks, 0 MB globals, 12 P
gc 467 @5.979s 23%: 0.26+4.4+0.024 ms clock, 3.2+16/10/3.1+0.28 ms cpu, 101->126->73 MB, 116 MB goal, 0 MB stacks, 0 MB globals, 12 P
gc 468 @5.989s 23%: 0.22+5.5+0.095 ms clock, 2.7+14/11/3.7+1.1 ms cpu, 126->159->78 MB, 146 MB goal, 0 MB stacks, 0 MB globals, 12 P
gc 469 @5.999s 23%: 4.7+2.6+0.024 ms clock, 57+18/13/0+0.29 ms cpu, 136->171->83 MB, 156 MB goal, 0 MB stacks, 0 MB globals, 12 P
gc 470 @6.012s 23%: 0.44+5.6+0.19 ms clock, 5.3+20/10/0.15+2.3 ms cpu, 143->181->85 MB, 167 MB goal, 0 MB stacks, 0 MB globals, 12 P
gc 471 @6.024s 23%: 0.25+5.1+0.20 ms clock, 3.0+17/12/0.79+2.4 ms cpu, 146->186->81 MB, 171 MB goal, 0 MB stacks, 0 MB globals, 12 P
gc 472 @6.035s 23%: 0.62+5.3+0.10 ms clock, 7.5+14/12/3.3+1.2 ms cpu, 139->175->82 MB, 163 MB goal, 0 MB stacks, 0 MB globals, 12 P
gc 473 @6.047s 23%: 0.39+4.4+0.040 ms clock, 4.7+17/11/0.13+0.48 ms cpu, 141->164->68 MB, 165 MB goal, 0 MB stacks, 0 MB globals, 12 P
