gc 1 @0.006s 15%: 1.0+0.76+0.065 ms clock, 12+0.45/1.4/0.11+0.78 ms cpu, 3->4->1 MB, 4 MB goal, 0 MB stacks, 0 MB globals, 12 P
gc 2 @0.012s 12%: 0.11+0.99+0.10 ms clock, 1.4+0.88/1.5/0.17+1.2 ms cpu, 3->4->1 MB, 4 MB goal, 0 MB stacks, 0 MB globals, 12 P
gc 3 @0.016s 3%: 0.12+41+0.045 ms clock, 1.4+1.8/1.7/0+0.54 ms cpu, 3->5->2 MB, 4 MB goal, 0 MB stacks, 0 MB globals, 12 P
gc 4 @0.059s 4%: 0.13+1.4+0.013 ms clock, 1.5+0.80/3.4/0.75+0.16 ms cpu, 4->5->2 MB, 5 MB goal, 0 MB stacks, 0 MB globals, 12 P
gc 5 @0.063s 4%: 0.047+0.87+0.023 ms clock, 0.57+0.22/1.9/2.7+0.28 ms cpu, 3->4->1 MB, 4 MB goal, 0 MB stacks, 0 MB globals, 12 P
gc 6 @0.066s 4%: 0.079+0.74+0.062 ms clock, 0.95+0.50/1.6/2.0+0.75 ms cpu, 3->3->1 MB, 4 MB goal, 0 MB stacks, 0 MB globals, 12 P
gc 7 @0.067s 5%: 0.046+0.72+0.022 ms clock, 0.56+0.12/1.6/1.3+0.26 ms cpu, 3->3->1 MB, 4 MB goal, 0 MB stacks, 0 MB globals, 12 P
gc 8 @0.070s 5%: 0.029+0.66+0.019 ms clock, 0.35+0.13/1.4/1.7+0.23 ms cpu, 3->3->1 MB, 4 MB goal, 0 MB stacks, 0 MB globals, 12 P
gc 9 @0.072s 5%: 0.070+0.83+0.024 ms clock, 0.84+0.84/1.7/0.092+0.29 ms cpu, 3->4->1 MB, 4 MB goal, 0 MB stacks, 0 MB globals, 12 P
gc 10 @0.074s 5%: 0.059+0.68+0.039 ms clock, 0.71+0.13/1.4/1.7+0.46 ms cpu, 3->4->1 MB, 4 MB goal, 0 MB stacks, 0 MB globals, 12 P
gc 11 @0.076s 5%: 0.044+0.61+0.005 ms clock, 0.52+0.14/1.3/1.4+0.070 ms cpu, 3->3->1 MB, 4 MB goal, 0 MB stacks, 0 MB globals, 12 P
gc 12 @0.081s 5%: 0.022+0.90+0.009 ms clock, 0.27+0.12/1.6/1.3+0.11 ms cpu, 3->3->1 MB, 4 MB goal, 0 MB stacks, 0 MB globals, 12 P
# github.com/353words/gc-latency
gc 1 @0.001s 6%: 0.038+2.2+0.021 ms clock, 0.46+0.062/2.7/0+0.25 ms cpu, 6->8->6 MB, 6 MB goal, 0 MB stacks, 0 MB globals, 12 P
gc 2 @0.026s 2%: 0.022+2.6+0.018 ms clock, 0.26+0/4.2/0.66+0.21 ms cpu, 12->12->9 MB, 14 MB goal, 0 MB stacks, 0 MB globals, 12 P
gc 1 @0.009s 2%: 0.13+1.3+0.014 ms clock, 1.6+0.13/1.6/0+0.17 ms cpu, 4->4->3 MB, 4 MB goal, 0 MB stacks, 0 MB globals, 12 P
gc 2 @0.019s 3%: 0.016+2.1+0.015 ms clock, 0.19+0.12/4.5/0.13+0.18 ms cpu, 7->7->6 MB, 7 MB goal, 0 MB stacks, 0 MB globals, 12 P
gc 3 @0.036s 3%: 0.013+4.2+0.018 ms clock, 0.16+0.14/9.4/0.015+0.22 ms cpu, 14->14->12 MB, 14 MB goal, 0 MB stacks, 0 MB globals, 12 P
gc 4 @0.080s 3%: 0.018+6.2+0.023 ms clock, 0.22+0.17/17/1.9+0.28 ms cpu, 28->29->24 MB, 29 MB goal, 0 MB stacks, 0 MB globals, 12 P
gc 5 @0.154s 3%: 0.022+13+0.018 ms clock, 0.26+0.24/35/10+0.22 ms cpu, 57->57->48 MB, 57 MB goal, 0 MB stacks, 0 MB globals, 12 P
gc 6 @0.321s 3%: 0.020+19+0.021 ms clock, 0.25+4.9/53/20+0.25 ms cpu, 115->115->97 MB, 115 MB goal, 0 MB stacks, 0 MB globals, 12 P
gc 7 @0.470s 2%: 0.021+44+0.005 ms clock, 0.25+0/44/0+0.067 ms cpu, 102->102->70 MB, 195 MB goal, 0 MB stacks, 0 MB globals, 12 P (forced)
gc 8 @0.516s 3%: 0.019+10+0.006 ms clock, 0.22+0/27/61+0.081 ms cpu, 70->70->70 MB, 141 MB goal, 0 MB stacks, 0 MB globals, 12 P (forced)
gc 9 @0.528s 3%: 0.023+16+0.009 ms clock, 0.28+0/44/33+0.10 ms cpu, 70->70->70 MB, 141 MB goal, 0 MB stacks, 0 MB globals, 12 P (forced)
gc 10 @0.545s 4%: 0.015+25+0.006 ms clock, 0.18+0/69/0+0.076 ms cpu, 70->70->70 MB, 141 MB goal, 0 MB stacks, 0 MB globals, 12 P (forced)
gc 11 @0.572s 5%: 0.017+15+0.005 ms clock, 0.20+0/43/75+0.066 ms cpu, 70->70->70 MB, 141 MB goal, 0 MB stacks, 0 MB globals, 12 P (forced)
gc 12 @0.589s 5%: 0.022+43+0.003 ms clock, 0.27+0/43/0+0.047 ms cpu, 70->70->70 MB, 141 MB goal, 0 MB stacks, 0 MB globals, 12 P (forced)
gc 13 @0.633s 5%: 0.029+37+0.006 ms clock, 0.35+0/52/0+0.073 ms cpu, 70->70->70 MB, 141 MB goal, 0 MB stacks, 0 MB globals, 12 P (forced)
gc 14 @0.672s 5%: 0.013+43+0.003 ms clock, 0.16+0/43/0+0.046 ms cpu, 70->70->70 MB, 141 MB goal, 0 MB stacks, 0 MB globals, 12 P (forced)
gc 15 @0.716s 6%: 0.028+47+0.005 ms clock, 0.34+0/47/0+0.062 ms cpu, 70->70->70 MB, 141 MB goal, 0 MB stacks, 0 MB globals, 12 P (forced)
gc 16 @0.765s 6%: 0.019+47+0.005 ms clock, 0.23+0/47/0+0.063 ms cpu, 70->70->70 MB, 141 MB goal, 0 MB stacks, 0 MB globals, 12 P (forced)
gc 17 @0.813s 6%: 0.020+47+0.005 ms clock, 0.24+0/47/0+0.065 ms cpu, 70->70->70 MB, 141 MB goal, 0 MB stacks, 0 MB globals, 12 P (forced)
gc 18 @0.861s 6%: 0.014+34+0.006 ms clock, 0.17+0/45/11+0.076 ms cpu, 70->70->70 MB, 141 MB goal, 0 MB stacks, 0 MB globals, 12 P (forced)
gc 19 @0.897s 6%: 0.016+43+0.003 ms clock, 0.19+0/43/0+0.046 ms cpu, 70->70->70 MB, 141 MB goal, 0 MB stacks, 0 MB globals, 12 P (forced)
gc 20 @0.941s 6%: 0.017+43+0.003 ms clock, 0.20+0/43/0+0.040 ms cpu, 70->70->70 MB, 141 MB goal, 0 MB stacks, 0 MB globals, 12 P (forced)
gc 21 @0.986s 6%: 0.018+43+0.002 ms clock, 0.21+0/43/0+0.032 ms cpu, 70->70->70 MB, 141 MB goal, 0 MB stacks, 0 MB globals, 12 P (forced)
gc 22 @1.030s 6%: 0.017+43+0.002 ms clock, 0.21+0/43/0+0.034 ms cpu, 70->70->70 MB, 141 MB goal, 0 MB stacks, 0 MB globals, 12 P (forced)
gc 23 @1.075s 6%: 0.017+43+0.003 ms clock, 0.21+0/43/0+0.044 ms cpu, 70->70->70 MB, 141 MB goal, 0 MB stacks, 0 MB globals, 12 P (forced)
gc 24 @1.120s 6%: 0.012+47+0.004 ms clock, 0.15+0/47/0+0.055 ms cpu, 70->70->70 MB, 141 MB goal, 0 MB stacks, 0 MB globals, 12 P (forced)
gc 25 @1.169s 6%: 0.016+47+0.004 ms clock, 0.20+0/47/0+0.059 ms cpu, 70->70->70 MB, 141 MB goal, 0 MB stacks, 0 MB globals, 12 P (forced)
gc 26 @1.217s 6%: 0.014+43+0.003 ms clock, 0.17+0/43/0+0.037 ms cpu, 70->70->70 MB, 141 MB goal, 0 MB stacks, 0 MB globals, 12 P (forced)
gc 27 @1.262s 7%: 0.013+47+0.003 ms clock, 0.16+0/48/0+0.047 ms cpu, 70->70->70 MB, 141 MB goal, 0 MB stacks, 0 MB globals, 12 P (forced)
gc 28 @1.311s 7%: 0.017+29+0.006 ms clock, 0.21+0/35/28+0.072 ms cpu, 70->70->70 MB, 141 MB goal, 0 MB stacks, 0 MB globals, 12 P (forced)
gc 29 @1.342s 7%: 0.029+51+0.005 ms clock, 0.35+0/51/0+0.070 ms cpu, 70->70->70 MB, 141 MB goal, 0 MB stacks, 0 MB globals, 12 P (forced)
gc 30 @1.394s 7%: 0.030+9.7+0.006 ms clock, 0.37+0/26/64+0.080 ms cpu, 70->70->70 MB, 141 MB goal, 0 MB stacks, 0 MB globals, 12 P (forced)
gc 31 @1.405s 7%: 0.018+49+0.004 ms clock, 0.22+0/49/0+0.050 ms cpu, 70->70->70 MB, 141 MB goal, 0 MB stacks, 0 MB globals, 12 P (forced)
gc 32 @1.455s 7%: 0.017+43+0.003 ms clock, 0.20+0/43/0+0.039 ms cpu, 70->70->70 MB, 141 MB goal, 0 MB stacks, 0 MB globals, 12 P (forced)
gc 33 @1.500s 7%: 0.017+44+0.004 ms clock, 0.20+0/44/0+0.049 ms cpu, 70->70->70 MB, 141 MB goal, 0 MB stacks, 0 MB globals, 12 P (forced)
gc 34 @1.545s 7%: 0.018+47+0.005 ms clock, 0.22+0/47/0+0.067 ms cpu, 70->70->70 MB, 141 MB goal, 0 MB stacks, 0 MB globals, 12 P (forced)
gc 35 @1.593s 7%: 0.019+45+0.005 ms clock, 0.23+0/45/0+0.064 ms cpu, 70->70->70 MB, 141 MB goal, 0 MB stacks, 0 MB globals, 12 P (forced)
gc 36 @1.639s 7%: 0.014+43+0.003 ms clock, 0.16+0/43/0+0.037 ms cpu, 70->70->70 MB, 141 MB goal, 0 MB stacks, 0 MB globals, 12 P (forced)
gc 37 @1.683s 7%: 0.016+43+0.004 ms clock, 0.20+0/43/0+0.048 ms cpu, 70->70->70 MB, 141 MB goal, 0 MB stacks, 0 MB globals, 12 P (forced)
gc 38 @1.728s 7%: 0.013+43+0.002 ms clock, 0.15+0/43/0+0.029 ms cpu, 70->70->70 MB, 141 MB goal, 0 MB stacks, 0 MB globals, 12 P (forced)
gc 39 @1.772s 7%: 0.016+35+0.005 ms clock, 0.20+0/47/11+0.068 ms cpu, 70->70->70 MB, 141 MB goal, 0 MB stacks, 0 MB globals, 12 P (forced)
gc 40 @1.809s 7%: 0.017+44+0.003 ms clock, 0.21+0/44/0+0.044 ms cpu, 70->70->70 MB, 141 MB goal, 0 MB stacks, 0 MB globals, 12 P (forced)
gc 41 @1.855s 7%: 0.013+11+0.006 ms clock, 0.15+0/30/56+0.076 ms cpu, 70->70->70 MB, 141 MB goal, 0 MB stacks, 0 MB globals, 12 P (forced)
gc 42 @1.867s 7%: 0.018+50+0.005 ms clock, 0.21+0/50/0+0.061 ms cpu, 70->70->70 MB, 141 MB goal, 0 MB stacks, 0 MB globals, 12 P (forced)
gc 43 @1.919s 7%: 0.021+47+0.004 ms clock, 0.25+0/47/0+0.058 ms cpu, 70->70->70 MB, 141 MB goal, 0 MB stacks, 0 MB globals, 12 P (forced)
gc 44 @1.968s 7%: 0.019+47+0.005 ms clock, 0.23+0/47/0+0.063 ms cpu, 70->70->70 MB, 141 MB goal, 0 MB stacks, 0 MB globals, 12 P (forced)
gc 45 @2.016s 7%: 0.014+43+0.002 ms clock, 0.17+0/43/0+0.032 ms cpu, 70->70->70 MB, 141 MB goal, 0 MB stacks, 0 MB globals, 12 P (forced)
gc 46 @2.060s 7%: 0.015+43+0.003 ms clock, 0.18+0/43/0+0.040 ms cpu, 70->70->70 MB, 141 MB goal, 0 MB stacks, 0 MB globals, 12 P (forced)
gc 47 @2.105s 7%: 0.013+43+0.003 ms clock, 0.15+0/44/0+0.047 ms cpu, 70->70->70 MB, 141 MB goal, 0 MB stacks, 0 MB globals, 12 P (forced)
gc 48 @2.150s 7%: 0.017+47+0.006 ms clock, 0.21+0/47/0+0.073 ms cpu, 70->70->70 MB, 141 MB goal, 0 MB stacks, 0 MB globals, 12 P (forced)
gc 49 @2.198s 7%: 0.014+43+0.003 ms clock, 0.17+0/43/0+0.044 ms cpu, 70->70->70 MB, 141 MB goal, 0 MB stacks, 0 MB globals, 12 P (forced)
gc 50 @2.243s 7%: 0.014+43+0.003 ms clock, 0.17+0/43/0+0.045 ms cpu, 70->70->70 MB, 141 MB goal, 0 MB stacks, 0 MB globals, 12 P (forced)
gc 51 @2.287s 7%: 0.017+44+0.004 ms clock, 0.21+0/44/0+0.053 ms cpu, 70->70->70 MB, 141 MB goal, 0 MB stacks, 0 MB globals, 12 P (forced)
gc 52 @2.333s 7%: 0.018+44+0.003 ms clock, 0.22+0/44/0+0.047 ms cpu, 70->70->70 MB, 141 MB goal, 0 MB stacks, 0 MB globals, 12 P (forced)
gc 53 @2.378s 7%: 0.013+43+0.003 ms clock, 0.15+0/43/0+0.045 ms cpu, 70->70->70 MB, 141 MB goal, 0 MB stacks, 0 MB globals, 12 P (forced)
gc 54 @2.423s 7%: 0.016+47+0.005 ms clock, 0.19+0/47/0+0.063 ms cpu, 70->70->70 MB, 141 MB goal, 0 MB stacks, 0 MB globals, 12 P (forced)
gc 55 @2.471s 7%: 0.021+45+0.004 ms clock, 0.25+0/45/0+0.059 ms cpu, 70->70->70 MB, 141 MB goal, 0 MB stacks, 0 MB globals, 12 P (forced)
gc 56 @2.518s 7%: 0.014+44+0.004 ms clock, 0.17+0/44/0+0.048 ms cpu, 70->70->70 MB, 141 MB goal, 0 MB stacks, 0 MB globals, 12 P (forced)
gc 57 @2.563s 7%: 0.017+47+0.005 ms clock, 0.21+0/47/0+0.060 ms cpu, 70->70->70 MB, 141 MB goal, 0 MB stacks, 0 MB globals, 12 P (forced)
gc 58 @2.612s 7%: 0.019+47+0.005 ms clock, 0.23+0/47/0+0.062 ms cpu, 70->70->70 MB, 141 MB goal, 0 MB stacks, 0 MB globals, 12 P (forced)
gc 59 @2.660s 7%: 0.016+43+0.003 ms clock, 0.20+0/43/0+0.036 ms cpu, 70->70->70 MB, 141 MB goal, 0 MB stacks, 0 MB globals, 12 P (forced)
gc 60 @2.705s 7%: 0.015+43+0.002 ms clock, 0.18+0/43/0+0.034 ms cpu, 70->70->70 MB, 141 MB goal, 0 MB stacks, 0 MB globals, 12 P (forced)
gc 61 @2.749s 7%: 0.013+43+0.003 ms clock, 0.16+0/43/0+0.045 ms cpu, 70->70->70 MB, 141 MB goal, 0 MB stacks, 0 MB globals, 12 P (forced)
gc 62 @2.793s 7%: 0.013+43+0.003 ms clock, 0.16+0/43/0+0.042 ms cpu, 70->70->70 MB, 141 MB goal, 0 MB stacks, 0 MB globals, 12 P (forced)
gc 63 @2.838s 7%: 0.018+47+0.005 ms clock, 0.21+0/47/0+0.061 ms cpu, 70->70->70 MB, 141 MB goal, 0 MB stacks, 0 MB globals, 12 P (forced)
gc 64 @2.886s 7%: 0.019+47+0.005 ms clock, 0.22+0/47/0+0.060 ms cpu, 70->70->70 MB, 141 MB goal, 0 MB stacks, 0 MB globals, 12 P (forced)
gc 65 @2.935s 7%: 0.014+43+0.002 ms clock, 0.17+0/43/0+0.032 ms cpu, 70->70->70 MB, 141 MB goal, 0 MB stacks, 0 MB globals, 12 P (forced)
gc 66 @2.979s 7%: 0.017+49+0.005 ms clock, 0.20+0/49/0+0.067 ms cpu, 70->70->70 MB, 141 MB goal, 0 MB stacks, 0 MB globals, 12 P (forced)
gc 67 @3.029s 7%: 0.016+43+0.003 ms clock, 0.19+0/43/0+0.047 ms cpu, 70->70->70 MB, 141 MB goal, 0 MB stacks, 0 MB globals, 12 P (forced)
gc 68 @3.074s 7%: 0.013+43+0.003 ms clock, 0.15+0/43/0+0.040 ms cpu, 70->70->70 MB, 141 MB goal, 0 MB stacks, 0 MB globals, 12 P (forced)
gc 69 @3.118s 7%: 0.017+47+0.005 ms clock, 0.20+0/47/0+0.065 ms cpu, 70->70->70 MB, 141 MB goal, 0 MB stacks, 0 MB globals, 12 P (forced)
gc 70 @3.167s 7%: 0.014+33+0.004 ms clock, 0.17+0/34/15+0.050 ms cpu, 70->70->70 MB, 141 MB goal, 0 MB stacks, 0 MB globals, 12 P (forced)
gc 71 @3.201s 7%: 0.014+44+0.003 ms clock, 0.16+0/44/0+0.038 ms cpu, 70->70->70 MB, 141 MB goal, 0 MB stacks, 0 MB globals, 12 P (forced)
gc 72 @3.246s 7%: 0.016+47+0.005 ms clock, 0.20+0/47/0+0.064 ms cpu, 70->70->70 MB, 141 MB goal, 0 MB stacks, 0 MB globals, 12 P (forced)
gc 73 @3.295s 7%: 0.013+43+0.002 ms clock, 0.16+0/43/0+0.034 ms cpu, 70->70->70 MB, 141 MB goal, 0 MB stacks, 0 MB globals, 12 P (forced)
gc 74 @3.339s 7%: 0.016+46+0.005 ms clock, 0.19+0/46/0+0.063 ms cpu, 70->70->70 MB, 141 MB goal, 0 MB stacks, 0 MB globals, 12 P (forced)
gc 75 @3.387s 7%: 0.014+43+0.003 ms clock, 0.17+0/43/0+0.042 ms cpu, 70->70->70 MB, 141 MB goal, 0 MB stacks, 0 MB globals, 12 P (forced)
gc 76 @3.431s 7%: 0.016+43+0.003 ms clock, 0.20+0/43/0+0.043 ms cpu, 70->70->70 MB, 141 MB goal, 0 MB stacks, 0 MB globals, 12 P (forced)
gc 77 @3.476s 7%: 0.018+43+0.003 ms clock, 0.21+0/43/0+0.038 ms cpu, 70->70->70 MB, 141 MB goal, 0 MB stacks, 0 MB globals, 12 P (forced)
gc 78 @3.521s 7%: 0.016+46+0.005 ms clock, 0.19+0/46/0+0.060 ms cpu, 70->70->70 MB, 141 MB goal, 0 MB stacks, 0 MB globals, 12 P (forced)
gc 79 @3.568s 7%: 0.019+48+0.004 ms clock, 0.23+0/48/0+0.050 ms cpu, 70->70->70 MB, 141 MB goal, 0 MB stacks, 0 MB globals, 12 P (forced)
gc 80 @3.617s 7%: 0.027+48+0.003 ms clock, 0.33+0/48/0+0.037 ms cpu, 70->70->70 MB, 141 MB goal, 0 MB stacks, 0 MB globals, 12 P (forced)
gc 81 @3.666s 7%: 0.013+43+0.003 ms clock, 0.16+0/43/0+0.046 ms cpu, 70->70->70 MB, 141 MB goal, 0 MB stacks, 0 MB globals, 12 P (forced)
gc 82 @3.710s 7%: 0.013+12+0.005 ms clock, 0.16+0/34/47+0.070 ms cpu, 70->70->70 MB, 141 MB goal, 0 MB stacks, 0 MB globals, 12 P (forced)
gc 83 @3.724s 7%: 0.033+50+0.004 ms clock, 0.40+0/50/0+0.059 ms cpu, 70->70->70 MB, 141 MB goal, 0 MB stacks, 0 MB globals, 12 P (forced)
gc 84 @3.775s 7%: 0.017+44+0.003 ms clock, 0.21+0/44/0+0.046 ms cpu, 70->70->70 MB, 141 MB goal, 0 MB stacks, 0 MB globals, 12 P (forced)
gc 85 @3.821s 7%: 0.018+47+0.005 ms clock, 0.22+0/47/0+0.065 ms cpu, 70->70->70 MB, 141 MB goal, 0 MB stacks, 0 MB globals, 12 P (forced)
gc 86 @3.869s 7%: 0.022+47+0.005 ms clock, 0.27+0/47/0+0.069 ms cpu, 70->70->70 MB, 141 MB goal, 0 MB stacks, 0 MB globals, 12 P (forced)
gc 87 @3.918s 7%: 0.013+43+0.002 ms clock, 0.16+0/43/0+0.035 ms cpu, 70->70->70 MB, 141 MB goal, 0 MB stacks, 0 MB globals, 12 P (forced)
gc 88 @3.962s 7%: 0.012+44+0.003 ms clock, 0.15+0/44/0+0.045 ms cpu, 70->70->70 MB, 141 MB goal, 0 MB stacks, 0 MB globals, 12 P (forced)
gc 89 @4.008s 7%: 0.017+47+0.005 ms clock, 0.21+0/47/0+0.065 ms cpu, 70->70->70 MB, 141 MB goal, 0 MB stacks, 0 MB globals, 12 P (forced)
gc 90 @4.056s 7%: 0.014+43+0.002 ms clock, 0.16+0/43/0+0.035 ms cpu, 70->70->70 MB, 141 MB goal, 0 MB stacks, 0 MB globals, 12 P (forced)
gc 91 @4.100s 7%: 0.018+43+0.002 ms clock, 0.22+0/43/0+0.029 ms cpu, 70->70->70 MB, 141 MB goal, 0 MB stacks, 0 MB globals, 12 P (forced)
gc 92 @4.145s 7%: 0.013+48+0.004 ms clock, 0.16+0/48/0+0.052 ms cpu, 70->70->70 MB, 141 MB goal, 0 MB stacks, 0 MB globals, 12 P (forced)
gc 93 @4.194s 7%: 0.014+43+0.004 ms clock, 0.17+0/43/0+0.051 ms cpu, 70->70->70 MB, 141 MB goal, 0 MB stacks, 0 MB globals, 12 P (forced)
gc 94 @4.238s 8%: 0.016+30+0.005 ms clock, 0.19+0/42/15+0.068 ms cpu, 70->70->70 MB, 141 MB goal, 0 MB stacks, 0 MB globals, 12 P (forced)
gc 95 @4.270s 8%: 0.022+49+0.005 ms clock, 0.26+0/49/0+0.067 ms cpu, 70->70->70 MB, 141 MB goal, 0 MB stacks, 0 MB globals, 12 P (forced)
gc 96 @4.320s 8%: 0.032+47+0.004 ms clock, 0.39+0/47/0+0.057 ms cpu, 70->70->70 MB, 141 MB goal, 0 MB stacks, 0 MB globals, 12 P (forced)
gc 97 @4.368s 8%: 0.019+48+0.003 ms clock, 0.23+0/48/0+0.042 ms cpu, 70->70->70 MB, 141 MB goal, 0 MB stacks, 0 MB globals, 12 P (forced)
gc 98 @4.417s 8%: 0.012+48+0.003 ms clock, 0.15+0/48/0+0.042 ms cpu, 70->70->70 MB, 141 MB goal, 0 MB stacks, 0 MB globals, 12 P (forced)
gc 99 @4.467s 8%: 0.016+47+0.005 ms clock, 0.19+0/47/0+0.066 ms cpu, 70->70->70 MB, 141 MB goal, 0 MB stacks, 0 MB globals, 12 P (forced)
gc 100 @4.515s 8%: 0.020+43+0.004 ms clock, 0.25+0/43/0+0.050 ms cpu, 70->70->70 MB, 141 MB goal, 0 MB stacks, 0 MB globals, 12 P (forced)
gc 101 @4.559s 8%: 0.025+43+0.002 ms clock, 0.30+0/43/0+0.035 ms cpu, 70->70->70 MB, 141 MB goal, 0 MB stacks, 0 MB globals, 12 P (forced)
gc 102 @4.604s 8%: 0.016+47+0.005 ms clock, 0.20+0/47/0+0.062 ms cpu, 70->70->70 MB, 141 MB goal, 0 MB stacks, 0 MB globals, 12 P (forced)
gc 103 @4.652s 8%: 0.031+47+0.005 ms clock, 0.37+0/47/0+0.068 ms cpu, 70->70->70 MB, 141 MB goal, 0 MB stacks, 0 MB globals, 12 P (forced)
gc 104 @4.701s 8%: 0.016+48+0.004 ms clock, 0.19+0/48/0+0.056 ms cpu, 70->70->70 MB, 141 MB goal, 0 MB stacks, 0 MB globals, 12 P (forced)
gc 105 @4.750s 8%: 0.021+47+0.004 ms clock, 0.25+0/47/0+0.051 ms cpu, 70->70->70 MB, 141 MB goal, 0 MB stacks, 0 MB globals, 12 P (forced)
gc 106 @4.799s 8%: 0.015+47+0.005 ms clock, 0.18+0/47/0+0.070 ms cpu, 70->70->70 MB, 141 MB goal, 0 MB stacks, 0 MB globals, 12 P (forced)
