gc 1 @0.007s 2%: 0.052+0.56+0.025 ms clock, 0.63+0.19/0.90/0.043+0.30 ms cpu, 3->4->0 MB, 4 MB goal, 0 MB stacks, 0 MB globals, 12 P
gc 2 @0.011s 3%: 0.088+0.54+0.022 ms clock, 1.0+0.23/1.2/1.4+0.27 ms cpu, 3->3->1 MB, 4 MB goal, 0 MB stacks, 0 MB globals, 12 P
gc 3 @0.019s 71%: 49+1.8+0.014 ms clock, 596+3.5/3.1/0+0.17 ms cpu, 3->4->1 MB, 4 MB goal, 0 MB stacks, 0 MB globals, 12 P
gc 4 @0.072s 68%: 0.43+1.7+0.015 ms clock, 5.1+0/2.9/0.33+0.18 ms cpu, 3->4->1 MB, 4 MB goal, 0 MB stacks, 0 MB globals, 12 P
gc 5 @0.077s 65%: 0.20+0.80+0.036 ms clock, 2.4+0.55/1.6/1.1+0.43 ms cpu, 3->4->1 MB, 4 MB goal, 0 MB stacks, 0 MB globals, 12 P
gc 6 @0.079s 64%: 0.050+0.60+0.023 ms clock, 0.60+0.30/1.4/1.6+0.27 ms cpu, 3->4->1 MB, 4 MB goal, 0 MB stacks, 0 MB globals, 12 P
gc 7 @0.081s 63%: 0.055+0.67+0.032 ms clock, 0.66+0.26/1.2/2.0+0.39 ms cpu, 3->3->1 MB, 4 MB goal, 0 MB stacks, 0 MB globals, 12 P
gc 8 @0.084s 61%: 0.031+0.58+0.020 ms clock, 0.37+0.093/1.3/1.9+0.24 ms cpu, 3->3->1 MB, 4 MB goal, 0 MB stacks, 0 MB globals, 12 P
gc 9 @0.087s 59%: 0.035+0.66+0.023 ms clock, 0.42+0.13/1.5/1.5+0.28 ms cpu, 3->3->1 MB, 4 MB goal, 0 MB stacks, 0 MB globals, 12 P
gc 10 @0.088s 58%: 0.040+0.66+0.020 ms clock, 0.48+0.21/1.5/1.5+0.24 ms cpu, 3->4->1 MB, 4 MB goal, 0 MB stacks, 0 MB globals, 12 P
gc 11 @0.090s 57%: 0.061+0.59+0.025 ms clock, 0.73+0.28/1.4/1.3+0.30 ms cpu, 3->3->1 MB, 4 MB goal, 0 MB stacks, 0 MB globals, 12 P
gc 12 @0.092s 57%: 0.028+0.67+0.022 ms clock, 0.33+0.19/1.5/1.4+0.27 ms cpu, 3->3->1 MB, 4 MB goal, 0 MB stacks, 0 MB globals, 12 P
# github.com/353words/gc-latency
gc 1 @0.001s 6%: 0.019+1.1+0.017 ms clock, 0.23+0.062/1.9/0.80+0.21 ms cpu, 6->7->6 MB, 6 MB goal, 0 MB stacks, 0 MB globals, 12 P
gc 2 @0.021s 1%: 0.018+1.6+0.015 ms clock, 0.21+0/2.8/0.43+0.18 ms cpu, 12->13->9 MB, 13 MB goal, 0 MB stacks, 0 MB globals, 12 P
gc 1 @0.001s 6%: 0.014+2.6+0.016 ms clock, 0.17+0.043/2.9/2.3+0.19 ms cpu, 15->15->15 MB, 15 MB goal, 0 MB stacks, 0 MB globals, 12 P
gc 2 @0.112s 1%: 0.016+9.2+0.015 ms clock, 0.19+0.22/14/2.5+0.18 ms cpu, 30->31->26 MB, 31 MB goal, 0 MB stacks, 0 MB globals, 12 P
gc 3 @0.170s 1%: 0.014+21+0.004 ms clock, 0.17+0/21/0+0.051 ms cpu, 33->33->30 MB, 52 MB goal, 0 MB stacks, 0 MB globals, 12 P (forced)
gc 4 @0.193s 2%: 0.018+21+0.005 ms clock, 0.21+0/21/0+0.064 ms cpu, 30->30->30 MB, 61 MB goal, 0 MB stacks, 0 MB globals, 12 P (forced)
gc 5 @0.215s 2%: 0.012+20+0.003 ms clock, 0.15+0/20/0+0.036 ms cpu, 30->30->30 MB, 61 MB goal, 0 MB stacks, 0 MB globals, 12 P (forced)
gc 6 @0.237s 3%: 0.016+20+0.004 ms clock, 0.19+0/20/0+0.052 ms cpu, 30->30->30 MB, 61 MB goal, 0 MB stacks, 0 MB globals, 12 P (forced)
gc 7 @0.259s 3%: 0.027+20+0.002 ms clock, 0.33+0/20/0+0.031 ms cpu, 30->30->30 MB, 61 MB goal, 0 MB stacks, 0 MB globals, 12 P (forced)
gc 8 @0.281s 4%: 0.011+20+0.003 ms clock, 0.13+0/20/0+0.039 ms cpu, 30->30->30 MB, 61 MB goal, 0 MB stacks, 0 MB globals, 12 P (forced)
gc 9 @0.303s 4%: 0.015+20+0.002 ms clock, 0.18+0/20/0+0.035 ms cpu, 30->30->30 MB, 61 MB goal, 0 MB stacks, 0 MB globals, 12 P (forced)
gc 10 @0.325s 4%: 0.011+20+0.003 ms clock, 0.14+0/20/0+0.037 ms cpu, 30->30->30 MB, 61 MB goal, 0 MB stacks, 0 MB globals, 12 P (forced)
gc 11 @0.347s 4%: 0.014+20+0.003 ms clock, 0.17+0/20/0+0.039 ms cpu, 30->30->30 MB, 61 MB goal, 0 MB stacks, 0 MB globals, 12 P (forced)
gc 12 @0.369s 4%: 0.011+20+0.003 ms clock, 0.13+0/20/0+0.037 ms cpu, 30->30->30 MB, 61 MB goal, 0 MB stacks, 0 MB globals, 12 P (forced)
gc 13 @0.391s 5%: 0.015+20+0.002 ms clock, 0.19+0/21/0+0.032 ms cpu, 30->30->30 MB, 61 MB goal, 0 MB stacks, 0 MB globals, 12 P (forced)
gc 14 @0.413s 5%: 0.012+20+0.002 ms clock, 0.15+0/21/0+0.030 ms cpu, 30->30->30 MB, 61 MB goal, 0 MB stacks, 0 MB globals, 12 P (forced)
gc 15 @0.435s 5%: 0.014+20+0.003 ms clock, 0.17+0/20/0+0.043 ms cpu, 30->30->30 MB, 61 MB goal, 0 MB stacks, 0 MB globals, 12 P (forced)
gc 16 @0.457s 5%: 0.012+20+0.003 ms clock, 0.14+0/20/0+0.036 ms cpu, 30->30->30 MB, 61 MB goal, 0 MB stacks, 0 MB globals, 12 P (forced)
gc 17 @0.479s 5%: 0.016+20+0.004 ms clock, 0.19+0/20/0+0.057 ms cpu, 30->30->30 MB, 61 MB goal, 0 MB stacks, 0 MB globals, 12 P (forced)
gc 18 @0.500s 5%: 0.022+21+0.004 ms clock, 0.27+0/21/0.005+0.054 ms cpu, 30->30->30 MB, 61 MB goal, 0 MB stacks, 0 MB globals, 12 P (forced)
gc 19 @0.523s 5%: 0.017+21+0.003 ms clock, 0.21+0/21/0+0.046 ms cpu, 30->30->30 MB, 61 MB goal, 0 MB stacks, 0 MB globals, 12 P (forced)
gc 20 @0.546s 5%: 0.010+20+0.004 ms clock, 0.13+0/20/0+0.057 ms cpu, 30->30->30 MB, 61 MB goal, 0 MB stacks, 0 MB globals, 12 P (forced)
gc 21 @0.568s 5%: 0.015+19+0.005 ms clock, 0.18+0/19/0+0.063 ms cpu, 30->30->30 MB, 61 MB goal, 0 MB stacks, 0 MB globals, 12 P (forced)
gc 22 @0.588s 6%: 0.013+22+0.004 ms clock, 0.15+0/22/0+0.059 ms cpu, 30->30->30 MB, 61 MB goal, 0 MB stacks, 0 MB globals, 12 P (forced)
gc 23 @0.611s 6%: 0.016+21+0.003 ms clock, 0.19+0/21/0+0.042 ms cpu, 30->30->30 MB, 61 MB goal, 0 MB stacks, 0 MB globals, 12 P (forced)
gc 24 @0.633s 6%: 0.011+21+0.004 ms clock, 0.13+0/21/0+0.053 ms cpu, 30->30->30 MB, 61 MB goal, 0 MB stacks, 0 MB globals, 12 P (forced)
gc 25 @0.656s 6%: 0.017+20+0.003 ms clock, 0.20+0/20/0+0.039 ms cpu, 30->30->30 MB, 61 MB goal, 0 MB stacks, 0 MB globals, 12 P (forced)
gc 26 @0.677s 6%: 0.016+22+0.003 ms clock, 0.19+0/22/0.005+0.047 ms cpu, 30->30->30 MB, 61 MB goal, 0 MB stacks, 0 MB globals, 12 P (forced)
gc 27 @0.700s 6%: 0.027+22+0.004 ms clock, 0.32+0/22/0+0.050 ms cpu, 30->30->30 MB, 61 MB goal, 0 MB stacks, 0 MB globals, 12 P (forced)
gc 28 @0.724s 6%: 0.023+22+0.003 ms clock, 0.27+0/22/0+0.036 ms cpu, 30->30->30 MB, 61 MB goal, 0 MB stacks, 0 MB globals, 12 P (forced)
gc 29 @0.747s 6%: 0.015+21+0.002 ms clock, 0.19+0/22/0+0.035 ms cpu, 30->30->30 MB, 61 MB goal, 0 MB stacks, 0 MB globals, 12 P (forced)
gc 30 @0.770s 6%: 0.027+22+0.004 ms clock, 0.33+0/22/0+0.051 ms cpu, 30->30->30 MB, 61 MB goal, 0 MB stacks, 0 MB globals, 12 P (forced)
gc 31 @0.793s 6%: 0.027+22+0.003 ms clock, 0.32+0/22/0+0.045 ms cpu, 30->30->30 MB, 61 MB goal, 0 MB stacks, 0 MB globals, 12 P (forced)
gc 32 @0.816s 6%: 0.013+21+0.003 ms clock, 0.16+0/21/0+0.037 ms cpu, 30->30->30 MB, 61 MB goal, 0 MB stacks, 0 MB globals, 12 P (forced)
gc 33 @0.839s 6%: 0.017+22+0.003 ms clock, 0.20+0/22/0+0.038 ms cpu, 30->30->30 MB, 61 MB goal, 0 MB stacks, 0 MB globals, 12 P (forced)
gc 34 @0.863s 6%: 0.011+22+0.002 ms clock, 0.13+0/22/0+0.032 ms cpu, 30->30->30 MB, 61 MB goal, 0 MB stacks, 0 MB globals, 12 P (forced)
gc 35 @0.886s 6%: 0.014+22+0.004 ms clock, 0.17+0/22/0+0.054 ms cpu, 30->30->30 MB, 61 MB goal, 0 MB stacks, 0 MB globals, 12 P (forced)
gc 36 @0.909s 6%: 0.011+20+0.004 ms clock, 0.13+0/20/0+0.057 ms cpu, 30->30->30 MB, 61 MB goal, 0 MB stacks, 0 MB globals, 12 P (forced)
gc 37 @0.931s 6%: 0.015+20+0.003 ms clock, 0.18+0/21/0+0.047 ms cpu, 30->30->30 MB, 61 MB goal, 0 MB stacks, 0 MB globals, 12 P (forced)
gc 38 @0.953s 6%: 0.012+21+0.004 ms clock, 0.14+0/21/0+0.050 ms cpu, 30->30->30 MB, 61 MB goal, 0 MB stacks, 0 MB globals, 12 P (forced)
gc 39 @0.976s 6%: 0.014+21+0.004 ms clock, 0.17+0/21/0.005+0.053 ms cpu, 30->30->30 MB, 61 MB goal, 0 MB stacks, 0 MB globals, 12 P (forced)
gc 40 @0.998s 6%: 0.016+20+0.004 ms clock, 0.19+0/21/0+0.050 ms cpu, 30->30->30 MB, 61 MB goal, 0 MB stacks, 0 MB globals, 12 P (forced)
gc 41 @1.020s 6%: 0.011+22+0.004 ms clock, 0.14+0/22/0+0.054 ms cpu, 30->30->30 MB, 61 MB goal, 0 MB stacks, 0 MB globals, 12 P (forced)
gc 42 @1.043s 6%: 0.018+21+0.002 ms clock, 0.22+0/21/0+0.035 ms cpu, 30->30->30 MB, 61 MB goal, 0 MB stacks, 0 MB globals, 12 P (forced)
gc 43 @1.066s 6%: 0.021+22+0.003 ms clock, 0.26+0/22/0+0.036 ms cpu, 30->30->30 MB, 61 MB goal, 0 MB stacks, 0 MB globals, 12 P (forced)
gc 44 @1.089s 6%: 0.011+21+0.003 ms clock, 0.14+0/21/0+0.040 ms cpu, 30->30->30 MB, 61 MB goal, 0 MB stacks, 0 MB globals, 12 P (forced)
gc 45 @1.111s 6%: 0.015+22+0.004 ms clock, 0.18+0/22/0+0.049 ms cpu, 30->30->30 MB, 61 MB goal, 0 MB stacks, 0 MB globals, 12 P (forced)
gc 46 @1.135s 6%: 0.011+21+0.003 ms clock, 0.13+0/21/0+0.046 ms cpu, 30->30->30 MB, 61 MB goal, 0 MB stacks, 0 MB globals, 12 P (forced)
gc 47 @1.157s 7%: 0.016+20+0.003 ms clock, 0.20+0/20/0+0.036 ms cpu, 30->30->30 MB, 61 MB goal, 0 MB stacks, 0 MB globals, 12 P (forced)
gc 48 @1.179s 7%: 0.012+20+0.003 ms clock, 0.15+0/21/0+0.042 ms cpu, 30->30->30 MB, 61 MB goal, 0 MB stacks, 0 MB globals, 12 P (forced)
gc 49 @1.201s 7%: 0.016+20+0.003 ms clock, 0.19+0/21/0+0.040 ms cpu, 30->30->30 MB, 61 MB goal, 0 MB stacks, 0 MB globals, 12 P (forced)
gc 50 @1.223s 7%: 0.012+20+0.003 ms clock, 0.14+0/20/0+0.036 ms cpu, 30->30->30 MB, 61 MB goal, 0 MB stacks, 0 MB globals, 12 P (forced)
gc 51 @1.245s 7%: 0.016+21+0.004 ms clock, 0.20+0/21/0+0.055 ms cpu, 30->30->30 MB, 61 MB goal, 0 MB stacks, 0 MB globals, 12 P (forced)
gc 52 @1.267s 7%: 0.023+20+0.003 ms clock, 0.28+0/20/0+0.038 ms cpu, 30->30->30 MB, 61 MB goal, 0 MB stacks, 0 MB globals, 12 P (forced)
gc 53 @1.289s 7%: 0.026+21+0.004 ms clock, 0.31+0/21/0+0.051 ms cpu, 30->30->30 MB, 61 MB goal, 0 MB stacks, 0 MB globals, 12 P (forced)
gc 54 @1.311s 7%: 0.018+20+0.003 ms clock, 0.21+0/20/0+0.037 ms cpu, 30->30->30 MB, 61 MB goal, 0 MB stacks, 0 MB globals, 12 P (forced)
gc 55 @1.333s 7%: 0.015+20+0.003 ms clock, 0.18+0/20/0+0.041 ms cpu, 30->30->30 MB, 61 MB goal, 0 MB stacks, 0 MB globals, 12 P (forced)
gc 56 @1.354s 7%: 0.012+22+0.004 ms clock, 0.14+0/22/0+0.056 ms cpu, 30->30->30 MB, 61 MB goal, 0 MB stacks, 0 MB globals, 12 P (forced)
gc 57 @1.378s 7%: 0.026+22+0.003 ms clock, 0.31+0/22/0+0.039 ms cpu, 30->30->30 MB, 61 MB goal, 0 MB stacks, 0 MB globals, 12 P (forced)
gc 58 @1.401s 7%: 0.011+21+0.004 ms clock, 0.14+0/21/0+0.055 ms cpu, 30->30->30 MB, 61 MB goal, 0 MB stacks, 0 MB globals, 12 P (forced)
gc 59 @1.423s 7%: 0.026+21+0.004 ms clock, 0.32+0/21/0+0.054 ms cpu, 30->30->30 MB, 61 MB goal, 0 MB stacks, 0 MB globals, 12 P (forced)
gc 60 @1.445s 7%: 0.022+20+0.003 ms clock, 0.27+0/20/0+0.047 ms cpu, 30->30->30 MB, 61 MB goal, 0 MB stacks, 0 MB globals, 12 P (forced)
gc 61 @1.467s 7%: 0.017+20+0.004 ms clock, 0.21+0/20/0+0.049 ms cpu, 30->30->30 MB, 61 MB goal, 0 MB stacks, 0 MB globals, 12 P (forced)
gc 62 @1.489s 7%: 0.012+20+0.003 ms clock, 0.14+0/20/0+0.038 ms cpu, 30->30->30 MB, 61 MB goal, 0 MB stacks, 0 MB globals, 12 P (forced)
gc 63 @1.511s 7%: 0.015+20+0.002 ms clock, 0.18+0/20/0+0.033 ms cpu, 30->30->30 MB, 61 MB goal, 0 MB stacks, 0 MB globals, 12 P (forced)
gc 64 @1.533s 7%: 0.011+20+0.002 ms clock, 0.14+0/20/0+0.033 ms cpu, 30->30->30 MB, 61 MB goal, 0 MB stacks, 0 MB globals, 12 P (forced)
gc 65 @1.555s 7%: 0.011+20+0.003 ms clock, 0.14+0/21/0+0.038 ms cpu, 30->30->30 MB, 61 MB goal, 0 MB stacks, 0 MB globals, 12 P (forced)
gc 66 @1.577s 7%: 0.016+21+0.004 ms clock, 0.19+0/21/0+0.057 ms cpu, 30->30->30 MB, 61 MB goal, 0 MB stacks, 0 MB globals, 12 P (forced)
gc 67 @1.599s 7%: 0.023+20+0.003 ms clock, 0.28+0/20/0+0.038 ms cpu, 30->30->30 MB, 61 MB goal, 0 MB stacks, 0 MB globals, 12 P (forced)
gc 68 @1.621s 7%: 0.016+21+0.004 ms clock, 0.19+0/21/0+0.053 ms cpu, 30->30->30 MB, 61 MB goal, 0 MB stacks, 0 MB globals, 12 P (forced)
gc 69 @1.643s 7%: 0.012+21+0.003 ms clock, 0.15+0/21/0+0.046 ms cpu, 30->30->30 MB, 61 MB goal, 0 MB stacks, 0 MB globals, 12 P (forced)
gc 70 @1.666s 7%: 0.016+21+0.004 ms clock, 0.19+0/21/0+0.052 ms cpu, 30->30->30 MB, 61 MB goal, 0 MB stacks, 0 MB globals, 12 P (forced)
gc 71 @1.689s 7%: 0.022+21+0.004 ms clock, 0.26+0/21/0+0.048 ms cpu, 30->30->30 MB, 61 MB goal, 0 MB stacks, 0 MB globals, 12 P (forced)
gc 72 @1.712s 7%: 0.018+22+0.003 ms clock, 0.21+0/22/0+0.039 ms cpu, 30->30->30 MB, 61 MB goal, 0 MB stacks, 0 MB globals, 12 P (forced)
gc 73 @1.735s 7%: 0.012+21+0.002 ms clock, 0.14+0/21/0+0.032 ms cpu, 30->30->30 MB, 61 MB goal, 0 MB stacks, 0 MB globals, 12 P (forced)
gc 74 @1.758s 7%: 0.015+21+0.003 ms clock, 0.18+0/22/0+0.044 ms cpu, 30->30->30 MB, 61 MB goal, 0 MB stacks, 0 MB globals, 12 P (forced)
gc 75 @1.781s 7%: 0.016+22+0.004 ms clock, 0.20+0/22/0+0.053 ms cpu, 30->30->30 MB, 61 MB goal, 0 MB stacks, 0 MB globals, 12 P (forced)
gc 76 @1.804s 7%: 0.020+22+0.003 ms clock, 0.24+0/22/0+0.043 ms cpu, 30->30->30 MB, 61 MB goal, 0 MB stacks, 0 MB globals, 12 P (forced)
gc 77 @1.827s 7%: 0.012+21+0.004 ms clock, 0.15+0/21/0+0.048 ms cpu, 30->30->30 MB, 61 MB goal, 0 MB stacks, 0 MB globals, 12 P (forced)
gc 78 @1.850s 7%: 0.019+20+0.003 ms clock, 0.23+0/21/0+0.042 ms cpu, 30->30->30 MB, 61 MB goal, 0 MB stacks, 0 MB globals, 12 P (forced)
gc 79 @1.872s 7%: 0.014+20+0.003 ms clock, 0.17+0/20/0+0.045 ms cpu, 30->30->30 MB, 61 MB goal, 0 MB stacks, 0 MB globals, 12 P (forced)
gc 80 @1.893s 7%: 0.021+21+0.003 ms clock, 0.25+0/21/0+0.045 ms cpu, 30->30->30 MB, 61 MB goal, 0 MB stacks, 0 MB globals, 12 P (forced)
gc 81 @1.916s 7%: 0.013+20+0.004 ms clock, 0.15+0/20/0+0.059 ms cpu, 30->30->30 MB, 61 MB goal, 0 MB stacks, 0 MB globals, 12 P (forced)
gc 82 @1.937s 7%: 0.018+20+0.003 ms clock, 0.22+0/20/0+0.046 ms cpu, 30->30->30 MB, 61 MB goal, 0 MB stacks, 0 MB globals, 12 P (forced)
gc 83 @1.959s 7%: 0.011+22+0.004 ms clock, 0.14+0/22/0+0.056 ms cpu, 30->30->30 MB, 61 MB goal, 0 MB stacks, 0 MB globals, 12 P (forced)
gc 84 @1.982s 7%: 0.027+22+0.003 ms clock, 0.32+0/22/0+0.046 ms cpu, 30->30->30 MB, 61 MB goal, 0 MB stacks, 0 MB globals, 12 P (forced)
gc 85 @2.005s 7%: 0.017+22+0.002 ms clock, 0.20+0/22/0+0.033 ms cpu, 30->30->30 MB, 61 MB goal, 0 MB stacks, 0 MB globals, 12 P (forced)
gc 86 @2.029s 7%: 0.011+21+0.003 ms clock, 0.13+0/21/0+0.036 ms cpu, 30->30->30 MB, 61 MB goal, 0 MB stacks, 0 MB globals, 12 P (forced)
gc 87 @2.052s 7%: 0.014+21+0.002 ms clock, 0.17+0/22/0+0.029 ms cpu, 30->30->30 MB, 61 MB goal, 0 MB stacks, 0 MB globals, 12 P (forced)
gc 88 @2.075s 7%: 0.011+22+0.003 ms clock, 0.14+0/22/0+0.042 ms cpu, 30->30->30 MB, 61 MB goal, 0 MB stacks, 0 MB globals, 12 P (forced)
gc 89 @2.098s 7%: 0.015+22+0.003 ms clock, 0.18+0/22/0+0.036 ms cpu, 30->30->30 MB, 61 MB goal, 0 MB stacks, 0 MB globals, 12 P (forced)
gc 90 @2.121s 7%: 0.011+22+0.002 ms clock, 0.14+0/22/0+0.033 ms cpu, 30->30->30 MB, 61 MB goal, 0 MB stacks, 0 MB globals, 12 P (forced)
gc 91 @2.144s 7%: 0.015+22+0.003 ms clock, 0.18+0/22/0+0.036 ms cpu, 30->30->30 MB, 61 MB goal, 0 MB stacks, 0 MB globals, 12 P (forced)
gc 92 @2.167s 7%: 0.012+22+0.002 ms clock, 0.14+0/22/0+0.034 ms cpu, 30->30->30 MB, 61 MB goal, 0 MB stacks, 0 MB globals, 12 P (forced)
gc 93 @2.190s 7%: 0.011+21+0.002 ms clock, 0.14+0/21/0+0.030 ms cpu, 30->30->30 MB, 61 MB goal, 0 MB stacks, 0 MB globals, 12 P (forced)
gc 94 @2.213s 7%: 0.016+20+0.003 ms clock, 0.19+0/21/0+0.044 ms cpu, 30->30->30 MB, 61 MB goal, 0 MB stacks, 0 MB globals, 12 P (forced)
gc 95 @2.235s 7%: 0.015+22+0.003 ms clock, 0.18+0/22/0+0.047 ms cpu, 30->30->30 MB, 61 MB goal, 0 MB stacks, 0 MB globals, 12 P (forced)
gc 96 @2.259s 7%: 0.022+21+0.004 ms clock, 0.26+0/21/0+0.054 ms cpu, 30->30->30 MB, 61 MB goal, 0 MB stacks, 0 MB globals, 12 P (forced)
gc 97 @2.281s 7%: 0.015+20+0.004 ms clock, 0.18+0/21/0+0.048 ms cpu, 30->30->30 MB, 61 MB goal, 0 MB stacks, 0 MB globals, 12 P (forced)
gc 98 @2.303s 7%: 0.011+20+0.003 ms clock, 0.14+0/20/0+0.038 ms cpu, 30->30->30 MB, 61 MB goal, 0 MB stacks, 0 MB globals, 12 P (forced)
gc 99 @2.325s 7%: 0.12+22+0.003 ms clock, 1.4+0/22/0+0.047 ms cpu, 30->30->30 MB, 61 MB goal, 0 MB stacks, 0 MB globals, 12 P (forced)
gc 100 @2.348s 7%: 0.018+22+0.006 ms clock, 0.21+0/22/0+0.072 ms cpu, 30->30->30 MB, 61 MB goal, 0 MB stacks, 0 MB globals, 12 P (forced)
gc 101 @2.372s 7%: 0.020+8.5+0.008 ms clock, 0.24+0/24/0.21+0.098 ms cpu, 30->30->30 MB, 61 MB goal, 0 MB stacks, 0 MB globals, 12 P (forced)
gc 102 @2.382s 7%: 0.023+24+0.004 ms clock, 0.28+0/24/0.031+0.054 ms cpu, 30->30->30 MB, 61 MB goal, 0 MB stacks, 0 MB globals, 12 P (forced)
